#
# There is insufficient memory for the Java Runtime Environment to continue.
# Native memory allocation (mmap) failed to map 31457280 bytes for G1 virtual space
# Possible reasons:
#   The system is out of physical RAM or swap space
#   The process is running with CompressedOops enabled, and the Java Heap may be blocking the growth of the native heap
# Possible solutions:
#   Reduce memory load on the system
#   Increase physical memory or swap space
#   Check if swap backing store is full
#   Decrease Java heap size (-Xmx/-Xms)
#   Decrease number of Java threads
#   Decrease Java thread stack sizes (-Xss)
#   Set larger code cache with -XX:ReservedCodeCacheSize=
#   JVM is running with Unscaled Compressed Oops mode in which the Java heap is
#     placed in the first 4GB address space. The Java Heap base address is the
#     maximum limit for the native heap growth. Please use -XX:HeapBaseMinAddress
#     to set the Java Heap base and to place the Java Heap above 4GB virtual address.
# This output file may be truncated or incomplete.
#
#  Out of Memory Error (os_windows.cpp:3600), pid=4108, tid=16064
#
# JRE version: Java(TM) SE Runtime Environment (21.0.2+13) (build 21.0.2+13-LTS-58)
# Java VM: Java HotSpot(TM) 64-Bit Server VM (21.0.2+13-LTS-58, mixed mode, sharing, tiered, compressed oops, compressed class ptrs, g1 gc, windows-amd64)
# No core dump will be written. Minidumps are not enabled by default on client versions of Windows
#

---------------  S U M M A R Y ------------

Command Line: -Dapplication.home=C:\Program Files\Java\jdk-21 --add-modules=ALL-DEFAULT -Xms8m -Djdk.module.main=jdk.compiler jdk.compiler/com.sun.tools.javac.Main -d D:\NETBEANS\JAVA\QLTiemTraSua\build\classes -classpath D:\NETBEANS\JAVA\QLTiemTraSua\build\classes;C:\Users\Admin\Downloads\mysql-connector-j-8.3.0\mysql-connector-j-8.3.0.jar -sourcepath D:\NETBEANS\JAVA\QLTiemTraSua\build\empty -target 21 -encoding UTF-8 -g -processorpath C:\Users\Admin\Downloads\mysql-connector-j-8.3.0\mysql-connector-j-8.3.0.jar;D:\NETBEANS\JAVA\QLTiemTraSua\build\empty -s D:\NETBEANS\JAVA\QLTiemTraSua\build\generated-sources\ap-source-output -source 21 D:\NETBEANS\JAVA\QLTiemTraSua\src\BUS\PhanQuyenBUS.java D:\NETBEANS\JAVA\QLTiemTraSua\src\BUS\TaiKhoanBUS.java D:\NETBEANS\JAVA\QLTiemTraSua\src\DAO\ChiTietQuyenDAO.java D:\NETBEANS\JAVA\QLTiemTraSua\src\DAO\ConnectDataBaseDB.java D:\NETBEANS\JAVA\QLTiemTraSua\src\DAO\PhanQuyenDAO.java D:\NETBEANS\JAVA\QLTiemTraSua\src\DAO\TaiKhoanDAO.java D:\NETBEANS\JAVA\QLTiemTraSua\src\DTO\ChiTietQuyenDTO.java D:\NETBEANS\JAVA\QLTiemTraSua\src\DTO\ChucNangDTO.java D:\NETBEANS\JAVA\QLTiemTraSua\src\DTO\PhanQuyenDTO.java D:\NETBEANS\JAVA\QLTiemTraSua\src\DTO\TaiKhoanDTO.java D:\NETBEANS\JAVA\QLTiemTraSua\src\GUI\KhachHang.java D:\NETBEANS\JAVA\QLTiemTraSua\src\GUI\Login.java D:\NETBEANS\JAVA\QLTiemTraSua\src\GUI\Main.java D:\NETBEANS\JAVA\QLTiemTraSua\src\GUI\Menu.java D:\NETBEANS\JAVA\QLTiemTraSua\src\GUI\NhanVien.java D:\NETBEANS\JAVA\QLTiemTraSua\src\GUI\PhanQuyen.java D:\NETBEANS\JAVA\QLTiemTraSua\src\GUI\PhieuNhap.java D:\NETBEANS\JAVA\QLTiemTraSua\src\GUI\PhieuXuat.java D:\NETBEANS\JAVA\QLTiemTraSua\src\GUI\SanPham.java D:\NETBEANS\JAVA\QLTiemTraSua\src\GUI\TaiKhoan.java D:\NETBEANS\JAVA\QLTiemTraSua\src\GUI\ThongKe\ThongKe.java D:\NETBEANS\JAVA\QLTiemTraSua\src\GUI\ThongKe\ThongKeDT.java D:\NETBEANS\JAVA\QLTiemTraSua\src\GUI\ThongKe\ThongKeKH.java D:\NETBEANS\JAVA\QLTiemTraSua\src\GUI\ThongKe\ThongKeNV.java D:\NETBEANS\JAVA\QLTiemTraSua\src\GUI\ThongKe\ThongKeSP.java

Host: Intel(R) Core(TM) i3-8130U CPU @ 2.20GHz, 4 cores, 3G,  Windows 10 , 64 bit Build 19041 (10.0.19041.546)
Time: Thu May  9 09:37:41 2024 SE Asia Standard Time elapsed time: 3.811826 seconds (0d 0h 0m 3s)

---------------  T H R E A D  ---------------

Current thread (0x000001b8c4b8a9e0):  VMThread "VM Thread"          [id=16064, stack(0x000000976ae00000,0x000000976af00000) (1024K)]

Stack: [0x000000976ae00000,0x000000976af00000]
Native frames: (J=compiled Java code, j=interpreted, Vv=VM code, C=native code)
V  [jvm.dll+0x6cade9]
V  [jvm.dll+0x8569c1]
V  [jvm.dll+0x858d2e]
V  [jvm.dll+0x859413]
V  [jvm.dll+0x280e56]
V  [jvm.dll+0x6c74d5]
V  [jvm.dll+0x6bbeca]
V  [jvm.dll+0x355bca]
V  [jvm.dll+0x35d816]
V  [jvm.dll+0x3ae67e]
V  [jvm.dll+0x3ae928]
V  [jvm.dll+0x3295dc]
V  [jvm.dll+0x329667]
V  [jvm.dll+0x36df1c]
V  [jvm.dll+0x36c71d]
V  [jvm.dll+0x328d51]
V  [jvm.dll+0x36c148]
V  [jvm.dll+0x85ef18]
V  [jvm.dll+0x860014]
V  [jvm.dll+0x860550]
V  [jvm.dll+0x8607f3]
V  [jvm.dll+0x7ff568]
V  [jvm.dll+0x6c953d]
C  [ucrtbase.dll+0x214c2]
C  [KERNEL32.DLL+0x17034]
C  [ntdll.dll+0x4cec1]

VM_Operation (0x000000976a7fb498): G1TryInitiateConcMark, mode: safepoint, requested by thread 0x000001b8c281ad80


---------------  P R O C E S S  ---------------

Threads class SMR info:
_java_thread_list=0x000001b8df92f530, length=11, elements={
0x000001b8c281ad80, 0x000001b8df6e7e30, 0x000001b8df6e8d50, 0x000001b8df6ebb80,
0x000001b8df6ed5f0, 0x000001b8df6ee050, 0x000001b8df6eeab0, 0x000001b8df6ef840,
0x000001b8df6f3aa0, 0x000001b8df7e8c10, 0x000001b8df94c470
}

Java Threads: ( => current thread )
  0x000001b8c281ad80 JavaThread "main"                              [_thread_blocked, id=16084, stack(0x000000976a700000,0x000000976a800000) (1024K)]
  0x000001b8df6e7e30 JavaThread "Reference Handler"          daemon [_thread_blocked, id=12636, stack(0x000000976af00000,0x000000976b000000) (1024K)]
  0x000001b8df6e8d50 JavaThread "Finalizer"                  daemon [_thread_blocked, id=13368, stack(0x000000976b000000,0x000000976b100000) (1024K)]
  0x000001b8df6ebb80 JavaThread "Signal Dispatcher"          daemon [_thread_blocked, id=15972, stack(0x000000976b100000,0x000000976b200000) (1024K)]
  0x000001b8df6ed5f0 JavaThread "Attach Listener"            daemon [_thread_blocked, id=15096, stack(0x000000976b200000,0x000000976b300000) (1024K)]
  0x000001b8df6ee050 JavaThread "Service Thread"             daemon [_thread_blocked, id=7568, stack(0x000000976b300000,0x000000976b400000) (1024K)]
  0x000001b8df6eeab0 JavaThread "Monitor Deflation Thread"   daemon [_thread_blocked, id=9736, stack(0x000000976b400000,0x000000976b500000) (1024K)]
  0x000001b8df6ef840 JavaThread "C2 CompilerThread0"         daemon [_thread_blocked, id=7732, stack(0x000000976b500000,0x000000976b600000) (1024K)]
  0x000001b8df6f3aa0 JavaThread "C1 CompilerThread0"         daemon [_thread_blocked, id=16024, stack(0x000000976b600000,0x000000976b700000) (1024K)]
  0x000001b8df7e8c10 JavaThread "Common-Cleaner"             daemon [_thread_blocked, id=16120, stack(0x000000976b700000,0x000000976b800000) (1024K)]
  0x000001b8df94c470 JavaThread "Notification Thread"        daemon [_thread_blocked, id=13564, stack(0x000000976b800000,0x000000976b900000) (1024K)]
Total: 11

Other Threads:
=>0x000001b8c4b8a9e0 VMThread "VM Thread"                           [id=16064, stack(0x000000976ae00000,0x000000976af00000) (1024K)]
  0x000001b8c4b76560 WatcherThread "VM Periodic Task Thread"        [id=15120, stack(0x000000976ad00000,0x000000976ae00000) (1024K)]
  0x000001b8c28217a0 WorkerThread "GC Thread#0"                     [id=15700, stack(0x000000976a800000,0x000000976a900000) (1024K)]
  0x000001b8dfc1ae90 WorkerThread "GC Thread#1"                     [id=2424, stack(0x000000976b900000,0x000000976ba00000) (1024K)]
  0x000001b8dfc28bd0 WorkerThread "GC Thread#2"                     [id=15776, stack(0x000000976ba00000,0x000000976bb00000) (1024K)]
  0x000001b8dfc2af80 WorkerThread "GC Thread#3"                     [id=10804, stack(0x000000976bb00000,0x000000976bc00000) (1024K)]
  0x000001b8c4b07e10 ConcurrentGCThread "G1 Main Marker"            [id=8460, stack(0x000000976a900000,0x000000976aa00000) (1024K)]
  0x000001b8c4b08720 WorkerThread "G1 Conc#0"                       [id=7116, stack(0x000000976aa00000,0x000000976ab00000) (1024K)]
  0x000001b8c4b23150 ConcurrentGCThread "G1 Refine#0"               [id=15960, stack(0x000000976ab00000,0x000000976ac00000) (1024K)]
  0x000001b8c4b23bd0 ConcurrentGCThread "G1 Service"                [id=15116, stack(0x000000976ac00000,0x000000976ad00000) (1024K)]
Total: 10

Threads with active compile tasks:
C2 CompilerThread0     3934 1797   !   4       com.sun.tools.javac.jvm.ClassReader::classSigToType (482 bytes)
C1 CompilerThread0     3934 1877       3       com.sun.tools.javac.code.Types$15::visitClassType (130 bytes)
Total: 2

VM state: at safepoint (normal execution)

VM Mutex/Monitor currently owned by a thread:  ([mutex/lock_event])
[0x00007ffde135cd68] Threads_lock - owner thread: 0x000001b8c4b8a9e0
[0x00007ffde135ce68] Heap_lock - owner thread: 0x000001b8c281ad80

Heap address: 0x00000000c1e00000, size: 994 MB, Compressed Oops mode: 32-bit

CDS archive(s) mapped at: [0x000001b880000000-0x000001b880c90000-0x000001b880c90000), size 13172736, SharedBaseAddress: 0x000001b880000000, ArchiveRelocationMode: 1.
Compressed class space mapped at: 0x000001b881000000-0x000001b8c1000000, reserved size: 1073741824
Narrow klass base: 0x000001b880000000, Narrow klass shift: 0, Narrow klass range: 0x100000000

GC Precious Log:
 CardTable entry size: 512
 Card Set container configuration: InlinePtr #cards 5 size 8 Array Of Cards #cards 12 size 40 Howl #buckets 4 coarsen threshold 1843 Howl Bitmap #cards 512 size 80 coarsen threshold 460 Card regions per heap region 1 cards per card region 2048
 CPUs: 4 total, 4 available
 Memory: 3973M
 Large Page Support: Disabled
 NUMA Support: Disabled
 Compressed Oops: Enabled (32-bit)
 Heap Region Size: 1M
 Heap Min Capacity: 8M
 Heap Initial Capacity: 8M
 Heap Max Capacity: 994M
 Pre-touch: Disabled
 Parallel Workers: 4
 Concurrent Workers: 1
 Concurrent Refinement Workers: 4
 Periodic GC: Disabled

Heap:
 garbage-first heap   total 17408K, used 10052K [0x00000000c1e00000, 0x0000000100000000)
  region size 1024K, 1 young (1024K), 1 survivors (1024K)
 Metaspace       used 9743K, committed 9856K, reserved 1114112K
  class space    used 1050K, committed 1088K, reserved 1048576K

Heap Regions: E=young(eden), S=young(survivor), O=old, HS=humongous(starts), HC=humongous(continues), CS=collection set, F=free, TAMS=top-at-mark-start, PB=parsable bottom
|   0|0x00000000c1e00000, 0x00000000c1f00000, 0x00000000c1f00000|100%| O|  |TAMS 0x00000000c1f00000| PB 0x00000000c1e00000| Untracked 
|   1|0x00000000c1f00000, 0x00000000c2000000, 0x00000000c2000000|100%| O|  |TAMS 0x00000000c2000000| PB 0x00000000c1f00000| Untracked 
|   2|0x00000000c2000000, 0x00000000c2100000, 0x00000000c2100000|100%| O|  |TAMS 0x00000000c2100000| PB 0x00000000c2000000| Untracked 
|   3|0x00000000c2100000, 0x00000000c2200000, 0x00000000c2200000|100%| O|  |TAMS 0x00000000c2200000| PB 0x00000000c2100000| Untracked 
|   4|0x00000000c2200000, 0x00000000c2300000, 0x00000000c2300000|100%| O|  |TAMS 0x00000000c2300000| PB 0x00000000c2200000| Untracked 
|   5|0x00000000c2300000, 0x00000000c2400000, 0x00000000c2400000|100%| O|  |TAMS 0x00000000c2400000| PB 0x00000000c2300000| Untracked 
|   6|0x00000000c2400000, 0x00000000c2500000, 0x00000000c2500000|100%| O|  |TAMS 0x00000000c2500000| PB 0x00000000c2400000| Untracked 
|   7|0x00000000c2500000, 0x00000000c2600000, 0x00000000c2600000|100%| O|  |TAMS 0x00000000c25eb9a0| PB 0x00000000c2500000| Untracked 
|   8|0x00000000c2600000, 0x00000000c2700000, 0x00000000c2700000|100%| O|  |TAMS 0x00000000c2600000| PB 0x00000000c2600000| Untracked 
|   9|0x00000000c2700000, 0x00000000c2714e98, 0x00000000c2800000|  8%| O|  |TAMS 0x00000000c2700000| PB 0x00000000c2700000| Untracked 
|  10|0x00000000c2800000, 0x00000000c2800000, 0x00000000c2900000|  0%| F|  |TAMS 0x00000000c2800000| PB 0x00000000c2800000| Untracked 
|  11|0x00000000c2900000, 0x00000000c2900000, 0x00000000c2a00000|  0%| F|  |TAMS 0x00000000c2900000| PB 0x00000000c2900000| Untracked 
|  12|0x00000000c2a00000, 0x00000000c2abc220, 0x00000000c2b00000| 73%| S|CS|TAMS 0x00000000c2a00000| PB 0x00000000c2a00000| Complete 
|  13|0x00000000c2b00000, 0x00000000c2b00000, 0x00000000c2c00000|  0%| F|  |TAMS 0x00000000c2b00000| PB 0x00000000c2b00000| Untracked 
|  14|0x00000000c2c00000, 0x00000000c2c00000, 0x00000000c2d00000|  0%| F|  |TAMS 0x00000000c2c00000| PB 0x00000000c2c00000| Untracked 
|  15|0x00000000c2d00000, 0x00000000c2d00000, 0x00000000c2e00000|  0%| F|  |TAMS 0x00000000c2d00000| PB 0x00000000c2d00000| Untracked 
|  16|0x00000000c2e00000, 0x00000000c2e00000, 0x00000000c2f00000|  0%| F|  |TAMS 0x00000000c2e00000| PB 0x00000000c2e00000| Untracked 

Card table byte_map: [0x000001b8dc140000,0x000001b8dc340000] _byte_map_base: 0x000001b8dbb31000

Marking Bits: (CMBitMap*) 0x000001b8c4afef10
 Bits: [0x000001b8dc340000, 0x000001b8dd2c8000)

Polling page: 0x000001b8c2a50000

Metaspace:

Usage:
  Non-class:      8.49 MB used.
      Class:      1.03 MB used.
       Both:      9.51 MB used.

Virtual space:
  Non-class space:       64.00 MB reserved,       8.56 MB ( 13%) committed,  1 nodes.
      Class space:        1.00 GB reserved,       1.06 MB ( <1%) committed,  1 nodes.
             Both:        1.06 GB reserved,       9.62 MB ( <1%) committed. 

Chunk freelists:
   Non-Class:  5.47 MB
       Class:  14.88 MB
        Both:  20.35 MB

MaxMetaspaceSize: unlimited
CompressedClassSpaceSize: 1.00 GB
Initial GC threshold: 21.00 MB
Current GC threshold: 21.00 MB
CDS: on
 - commit_granule_bytes: 65536.
 - commit_granule_words: 8192.
 - virtual_space_node_default_size: 8388608.
 - enlarge_chunks_in_place: 1.
 - use_allocation_guard: 0.


Internal statistics:

num_allocs_failed_limit: 0.
num_arena_births: 68.
num_arena_deaths: 0.
num_vsnodes_births: 2.
num_vsnodes_deaths: 0.
num_space_committed: 154.
num_space_uncommitted: 0.
num_chunks_returned_to_freelist: 0.
num_chunks_taken_from_freelist: 379.
num_chunk_merges: 0.
num_chunk_splits: 268.
num_chunks_enlarged: 215.
num_inconsistent_stats: 0.

CodeHeap 'non-profiled nmethods': size=120000Kb used=591Kb max_used=591Kb free=119408Kb
 bounds [0x000001b8d4a10000, 0x000001b8d4c80000, 0x000001b8dbf40000]
CodeHeap 'profiled nmethods': size=120000Kb used=3924Kb max_used=3924Kb free=116075Kb
 bounds [0x000001b8ccf40000, 0x000001b8cd320000, 0x000001b8d4470000]
CodeHeap 'non-nmethods': size=5760Kb used=1366Kb max_used=1427Kb free=4393Kb
 bounds [0x000001b8d4470000, 0x000001b8d46e0000, 0x000001b8d4a10000]
 total_blobs=2322 nmethods=1853 adapters=373
 compilation: enabled
              stopped_count=0, restarted_count=0
 full_count=0

Compilation events (20 events):
Event: 3.742 Thread 0x000001b8df6f3aa0 nmethod 1861 0x000001b8cd30ec90 code [0x000001b8cd30ee60, 0x000001b8cd30f1e8]
Event: 3.742 Thread 0x000001b8df6f3aa0 1862       2       com.sun.tools.javac.comp.Check::checkUnique (364 bytes)
Event: 3.745 Thread 0x000001b8df6f3aa0 nmethod 1862 0x000001b8cd30f390 code [0x000001b8cd30f780, 0x000001b8cd310620]
Event: 3.745 Thread 0x000001b8df6f3aa0 1863       2       com.sun.tools.javac.util.Iterators$1::hasNext (13 bytes)
Event: 3.745 Thread 0x000001b8df6f3aa0 nmethod 1863 0x000001b8cd310f10 code [0x000001b8cd3110a0, 0x000001b8cd3111b8]
Event: 3.745 Thread 0x000001b8df6f3aa0 1864       2       com.sun.tools.javac.util.Iterators::createCompoundIterator (10 bytes)
Event: 3.746 Thread 0x000001b8df6f3aa0 nmethod 1864 0x000001b8cd311290 code [0x000001b8cd311440, 0x000001b8cd3116e8]
Event: 3.746 Thread 0x000001b8df6f3aa0 1865       2       com.sun.tools.javac.util.Iterators$CompoundIterator::<init> (27 bytes)
Event: 3.746 Thread 0x000001b8df6f3aa0 nmethod 1865 0x000001b8cd311810 code [0x000001b8cd3119c0, 0x000001b8cd311c28]
Event: 3.746 Thread 0x000001b8df6f3aa0 1866       2       com.sun.tools.javac.tree.JCTree$JCVariableDecl::isImplicitlyTyped (13 bytes)
Event: 3.746 Thread 0x000001b8df6f3aa0 nmethod 1866 0x000001b8cd311d10 code [0x000001b8cd311ea0, 0x000001b8cd311fb8]
Event: 3.746 Thread 0x000001b8df6f3aa0 1867       2       com.sun.tools.javac.comp.Check::checkForBadAuxiliaryClassAccess (78 bytes)
Event: 3.746 Thread 0x000001b8df6f3aa0 nmethod 1867 0x000001b8cd312090 code [0x000001b8cd312280, 0x000001b8cd312560]
Event: 3.747 Thread 0x000001b8df6f3aa0 1868       3       com.sun.tools.javac.code.Types$15::visitClassType (10 bytes)
Event: 3.747 Thread 0x000001b8df6f3aa0 nmethod 1868 0x000001b8cd312790 code [0x000001b8cd312940, 0x000001b8cd312bd0]
Event: 3.747 Thread 0x000001b8df6f3aa0 1869       3       com.sun.tools.javac.code.Types$16::visitClassType (10 bytes)
Event: 3.747 Thread 0x000001b8df6f3aa0 nmethod 1869 0x000001b8cd312c90 code [0x000001b8cd312e40, 0x000001b8cd3130d0]
Event: 3.747 Thread 0x000001b8df6f3aa0 1871       3       com.sun.tools.javac.comp.Resolve::findInheritedMemberType (186 bytes)
Event: 3.749 Thread 0x000001b8df6f3aa0 nmethod 1871 0x000001b8cd313190 code [0x000001b8cd3134a0, 0x000001b8cd314908]
Event: 3.749 Thread 0x000001b8df6f3aa0 1877       3       com.sun.tools.javac.code.Types$15::visitClassType (130 bytes)

GC Heap History (20 events):
Event: 2.352 GC heap after
{Heap after GC invocations=6 (full 0):
 garbage-first heap   total 8192K, used 3151K [0x00000000c1e00000, 0x0000000100000000)
  region size 1024K, 1 young (1024K), 1 survivors (1024K)
 Metaspace       used 8026K, committed 8192K, reserved 1114112K
  class space    used 883K, committed 960K, reserved 1048576K
}
Event: 2.490 GC heap before
{Heap before GC invocations=6 (full 0):
 garbage-first heap   total 8192K, used 4175K [0x00000000c1e00000, 0x0000000100000000)
  region size 1024K, 2 young (2048K), 1 survivors (1024K)
 Metaspace       used 8230K, committed 8384K, reserved 1114112K
  class space    used 901K, committed 1024K, reserved 1048576K
}
Event: 2.492 GC heap after
{Heap after GC invocations=7 (full 0):
 garbage-first heap   total 8192K, used 3393K [0x00000000c1e00000, 0x0000000100000000)
  region size 1024K, 1 young (1024K), 1 survivors (1024K)
 Metaspace       used 8230K, committed 8384K, reserved 1114112K
  class space    used 901K, committed 1024K, reserved 1048576K
}
Event: 2.642 GC heap before
{Heap before GC invocations=7 (full 0):
 garbage-first heap   total 8192K, used 4417K [0x00000000c1e00000, 0x0000000100000000)
  region size 1024K, 2 young (2048K), 1 survivors (1024K)
 Metaspace       used 8474K, committed 8640K, reserved 1114112K
  class space    used 926K, committed 1024K, reserved 1048576K
}
Event: 2.645 GC heap after
{Heap after GC invocations=8 (full 0):
 garbage-first heap   total 11264K, used 3778K [0x00000000c1e00000, 0x0000000100000000)
  region size 1024K, 1 young (1024K), 1 survivors (1024K)
 Metaspace       used 8474K, committed 8640K, reserved 1114112K
  class space    used 926K, committed 1024K, reserved 1048576K
}
Event: 2.913 GC heap before
{Heap before GC invocations=8 (full 0):
 garbage-first heap   total 11264K, used 6850K [0x00000000c1e00000, 0x0000000100000000)
  region size 1024K, 4 young (4096K), 1 survivors (1024K)
 Metaspace       used 9195K, committed 9344K, reserved 1114112K
  class space    used 1015K, committed 1088K, reserved 1048576K
}
Event: 2.918 GC heap after
{Heap after GC invocations=9 (full 0):
 garbage-first heap   total 11264K, used 4816K [0x00000000c1e00000, 0x0000000100000000)
  region size 1024K, 1 young (1024K), 1 survivors (1024K)
 Metaspace       used 9195K, committed 9344K, reserved 1114112K
  class space    used 1015K, committed 1088K, reserved 1048576K
}
Event: 2.986 GC heap before
{Heap before GC invocations=9 (full 0):
 garbage-first heap   total 11264K, used 6864K [0x00000000c1e00000, 0x0000000100000000)
  region size 1024K, 3 young (3072K), 1 survivors (1024K)
 Metaspace       used 9236K, committed 9408K, reserved 1114112K
  class space    used 1015K, committed 1088K, reserved 1048576K
}
Event: 2.990 GC heap after
{Heap after GC invocations=10 (full 0):
 garbage-first heap   total 11264K, used 5225K [0x00000000c1e00000, 0x0000000100000000)
  region size 1024K, 1 young (1024K), 1 survivors (1024K)
 Metaspace       used 9236K, committed 9408K, reserved 1114112K
  class space    used 1015K, committed 1088K, reserved 1048576K
}
Event: 3.051 GC heap before
{Heap before GC invocations=10 (full 0):
 garbage-first heap   total 11264K, used 7273K [0x00000000c1e00000, 0x0000000100000000)
  region size 1024K, 3 young (3072K), 1 survivors (1024K)
 Metaspace       used 9362K, committed 9536K, reserved 1114112K
  class space    used 1029K, committed 1088K, reserved 1048576K
}
Event: 3.053 GC heap after
{Heap after GC invocations=11 (full 0):
 garbage-first heap   total 11264K, used 5548K [0x00000000c1e00000, 0x0000000100000000)
  region size 1024K, 1 young (1024K), 1 survivors (1024K)
 Metaspace       used 9362K, committed 9536K, reserved 1114112K
  class space    used 1029K, committed 1088K, reserved 1048576K
}
Event: 3.097 GC heap before
{Heap before GC invocations=12 (full 0):
 garbage-first heap   total 14336K, used 7596K [0x00000000c1e00000, 0x0000000100000000)
  region size 1024K, 3 young (3072K), 1 survivors (1024K)
 Metaspace       used 9374K, committed 9536K, reserved 1114112K
  class space    used 1029K, committed 1088K, reserved 1048576K
}
Event: 3.100 GC heap after
{Heap after GC invocations=13 (full 0):
 garbage-first heap   total 17408K, used 5920K [0x00000000c1e00000, 0x0000000100000000)
  region size 1024K, 1 young (1024K), 1 survivors (1024K)
 Metaspace       used 9374K, committed 9536K, reserved 1114112K
  class space    used 1029K, committed 1088K, reserved 1048576K
}
Event: 3.220 GC heap before
{Heap before GC invocations=13 (full 0):
 garbage-first heap   total 17408K, used 12064K [0x00000000c1e00000, 0x0000000100000000)
  region size 1024K, 7 young (7168K), 1 survivors (1024K)
 Metaspace       used 9394K, committed 9536K, reserved 1114112K
  class space    used 1036K, committed 1088K, reserved 1048576K
}
Event: 3.228 GC heap after
{Heap after GC invocations=14 (full 0):
 garbage-first heap   total 17408K, used 6457K [0x00000000c1e00000, 0x0000000100000000)
  region size 1024K, 1 young (1024K), 1 survivors (1024K)
 Metaspace       used 9394K, committed 9536K, reserved 1114112K
  class space    used 1036K, committed 1088K, reserved 1048576K
}
Event: 3.471 GC heap before
{Heap before GC invocations=14 (full 0):
 garbage-first heap   total 17408K, used 12601K [0x00000000c1e00000, 0x0000000100000000)
  region size 1024K, 7 young (7168K), 1 survivors (1024K)
 Metaspace       used 9548K, committed 9664K, reserved 1114112K
  class space    used 1048K, committed 1088K, reserved 1048576K
}
Event: 3.476 GC heap after
{Heap after GC invocations=15 (full 0):
 garbage-first heap   total 17408K, used 8002K [0x00000000c1e00000, 0x0000000100000000)
  region size 1024K, 1 young (1024K), 1 survivors (1024K)
 Metaspace       used 9548K, committed 9664K, reserved 1114112K
  class space    used 1048K, committed 1088K, reserved 1048576K
}
Event: 3.504 GC heap before
{Heap before GC invocations=15 (full 0):
 garbage-first heap   total 17408K, used 13122K [0x00000000c1e00000, 0x0000000100000000)
  region size 1024K, 6 young (6144K), 1 survivors (1024K)
 Metaspace       used 9553K, committed 9664K, reserved 1114112K
  class space    used 1048K, committed 1088K, reserved 1048576K
}
Event: 3.509 GC heap after
{Heap after GC invocations=16 (full 0):
 garbage-first heap   total 17408K, used 9134K [0x00000000c1e00000, 0x0000000100000000)
  region size 1024K, 1 young (1024K), 1 survivors (1024K)
 Metaspace       used 9553K, committed 9664K, reserved 1114112K
  class space    used 1048K, committed 1088K, reserved 1048576K
}
Event: 3.749 GC heap before
{Heap before GC invocations=16 (full 0):
 garbage-first heap   total 17408K, used 12206K [0x00000000c1e00000, 0x0000000100000000)
  region size 1024K, 5 young (5120K), 1 survivors (1024K)
 Metaspace       used 9743K, committed 9856K, reserved 1114112K
  class space    used 1050K, committed 1088K, reserved 1048576K
}

Dll operation events (6 events):
Event: 0.019 Loaded shared library C:\Program Files\Java\jdk-21\bin\java.dll
Event: 0.200 Loaded shared library C:\Program Files\Java\jdk-21\bin\jsvml.dll
Event: 0.474 Loaded shared library C:\Program Files\Java\jdk-21\bin\jimage.dll
Event: 0.752 Loaded shared library C:\Program Files\Java\jdk-21\bin\net.dll
Event: 0.756 Loaded shared library C:\Program Files\Java\jdk-21\bin\nio.dll
Event: 0.890 Loaded shared library C:\Program Files\Java\jdk-21\bin\zip.dll

Deoptimization events (20 events):
Event: 3.036 Thread 0x000001b8c281ad80 Uncommon trap: trap_request=0xffffff45 fr.pc=0x000001b8d4a6c08c relative=0x000000000000006c
Event: 3.036 Thread 0x000001b8c281ad80 Uncommon trap: reason=unstable_if action=reinterpret pc=0x000001b8d4a6c08c method=com.sun.tools.javac.jvm.PoolReader.sizeof(I)I @ 1 c2
Event: 3.036 Thread 0x000001b8c281ad80 DEOPT PACKING pc=0x000001b8d4a6c08c sp=0x000000976a7fdeb0
Event: 3.037 Thread 0x000001b8c281ad80 DEOPT UNPACKING pc=0x000001b8d44c46a2 sp=0x000000976a7fde40 mode 2
Event: 3.242 Thread 0x000001b8c281ad80 DEOPT PACKING pc=0x000001b8cd15dd6b sp=0x000000976a7fd870
Event: 3.242 Thread 0x000001b8c281ad80 DEOPT UNPACKING pc=0x000001b8d44c4e42 sp=0x000000976a7fcd10 mode 0
Event: 3.311 Thread 0x000001b8c281ad80 DEOPT PACKING pc=0x000001b8cd15dd6b sp=0x000000976a7fc9a0
Event: 3.311 Thread 0x000001b8c281ad80 DEOPT UNPACKING pc=0x000001b8d44c4e42 sp=0x000000976a7fbe40 mode 0
Event: 3.328 Thread 0x000001b8c281ad80 DEOPT PACKING pc=0x000001b8cd15dd6b sp=0x000000976a7fc920
Event: 3.328 Thread 0x000001b8c281ad80 DEOPT UNPACKING pc=0x000001b8d44c4e42 sp=0x000000976a7fbdc0 mode 0
Event: 3.436 Thread 0x000001b8c281ad80 DEOPT PACKING pc=0x000001b8cd15dd6b sp=0x000000976a7fd570
Event: 3.436 Thread 0x000001b8c281ad80 DEOPT UNPACKING pc=0x000001b8d44c4e42 sp=0x000000976a7fca10 mode 0
Event: 3.479 Thread 0x000001b8c281ad80 DEOPT PACKING pc=0x000001b8cd15dd6b sp=0x000000976a7fd660
Event: 3.479 Thread 0x000001b8c281ad80 DEOPT UNPACKING pc=0x000001b8d44c4e42 sp=0x000000976a7fcb00 mode 0
Event: 3.500 Thread 0x000001b8c281ad80 DEOPT PACKING pc=0x000001b8cd15dd6b sp=0x000000976a7fd8b0
Event: 3.500 Thread 0x000001b8c281ad80 DEOPT UNPACKING pc=0x000001b8d44c4e42 sp=0x000000976a7fcd50 mode 0
Event: 3.502 Thread 0x000001b8c281ad80 DEOPT PACKING pc=0x000001b8cd15dd6b sp=0x000000976a7fd520
Event: 3.502 Thread 0x000001b8c281ad80 DEOPT UNPACKING pc=0x000001b8d44c4e42 sp=0x000000976a7fc9c0 mode 0
Event: 3.542 Thread 0x000001b8c281ad80 DEOPT PACKING pc=0x000001b8cd15dd6b sp=0x000000976a7fd870
Event: 3.543 Thread 0x000001b8c281ad80 DEOPT UNPACKING pc=0x000001b8d44c4e42 sp=0x000000976a7fcd10 mode 0

Classes loaded (20 events):
Event: 2.853 Loading class sun/nio/fs/WindowsDirectoryStream
Event: 2.854 Loading class sun/nio/fs/WindowsDirectoryStream done
Event: 2.854 Loading class sun/nio/fs/WindowsDirectoryStream$WindowsDirectoryIterator
Event: 2.854 Loading class sun/nio/fs/WindowsDirectoryStream$WindowsDirectoryIterator done
Event: 2.854 Loading class java/nio/file/Files$2
Event: 2.854 Loading class java/nio/file/Files$2 done
Event: 2.855 Loading class java/util/ImmutableCollections$Access
Event: 2.856 Loading class java/util/ImmutableCollections$Access done
Event: 2.856 Loading class java/util/ImmutableCollections$Access$1
Event: 2.856 Loading class jdk/internal/access/JavaUtilCollectionAccess
Event: 2.857 Loading class jdk/internal/access/JavaUtilCollectionAccess done
Event: 2.857 Loading class java/util/ImmutableCollections$Access$1 done
Event: 2.858 Loading class java/util/stream/Nodes$SpinedNodeBuilder
Event: 2.859 Loading class java/util/stream/Nodes$SpinedNodeBuilder done
Event: 2.859 Loading class sun/nio/fs/WindowsPath$WindowsPathWithAttributes
Event: 2.860 Loading class sun/nio/fs/WindowsPath$WindowsPathWithAttributes done
Event: 3.040 Loading class java/lang/invoke/MethodHandle$1
Event: 3.041 Loading class java/lang/invoke/MethodHandle$1 done
Event: 3.247 Loading class java/util/LinkedList$Node
Event: 3.247 Loading class java/util/LinkedList$Node done

Classes unloaded (0 events):
No events

Classes redefined (0 events):
No events

Internal exceptions (20 events):
Event: 1.596 Thread 0x000001b8c281ad80 Exception <a 'java/lang/NoSuchMethodError'{0x00000000c25a4858}: 'java.lang.Object java.lang.invoke.DirectMethodHandle$Holder.newInvokeSpecial(java.lang.Object, java.lang.Object, java.lang.Object, java.lang.Object, java.lang.Object)'> (0x00000000c25a4858) 
thrown [s\open\src\hotspot\share\interpreter\linkResolver.cpp, line 773]
Event: 1.601 Thread 0x000001b8c281ad80 Exception <a 'java/lang/NoSuchMethodError'{0x00000000c25b1d60}: 'java.lang.Object java.lang.invoke.DirectMethodHandle$Holder.newInvokeSpecial(java.lang.Object, java.lang.Object, java.lang.Object, java.lang.Object, java.lang.Object, java.lang.Object)'> (0x00000000c25b1d60) 
thrown [s\open\src\hotspot\share\interpreter\linkResolver.cpp, line 773]
Event: 1.650 Thread 0x000001b8c281ad80 Exception <a 'sun/nio/fs/WindowsException'{0x00000000c25f98e0}> (0x00000000c25f98e0) 
thrown [s\open\src\hotspot\share\prims\jni.cpp, line 520]
Event: 2.413 Thread 0x000001b8c281ad80 Exception <a 'sun/nio/fs/WindowsException'{0x00000000c256af98}> (0x00000000c256af98) 
thrown [s\open\src\hotspot\share\prims\jni.cpp, line 520]
Event: 2.413 Thread 0x000001b8c281ad80 Exception <a 'sun/nio/fs/WindowsException'{0x00000000c256b828}> (0x00000000c256b828) 
thrown [s\open\src\hotspot\share\prims\jni.cpp, line 520]
Event: 2.526 Thread 0x000001b8c281ad80 Exception <a 'java/lang/NoSuchMethodError'{0x00000000c25311c8}: 'java.lang.Object java.lang.invoke.DirectMethodHandle$Holder.invokeSpecial(java.lang.Object, java.lang.Object, java.lang.Object, int, int)'> (0x00000000c25311c8) 
thrown [s\open\src\hotspot\share\interpreter\linkResolver.cpp, line 773]
Event: 2.528 Thread 0x000001b8c281ad80 Exception <a 'java/lang/NoSuchMethodError'{0x00000000c25376e0}: 'java.lang.Object java.lang.invoke.DirectMethodHandle$Holder.invokeVirtual(java.lang.Object, java.lang.Object, int)'> (0x00000000c25376e0) 
thrown [s\open\src\hotspot\share\interpreter\linkResolver.cpp, line 773]
Event: 2.849 Thread 0x000001b8c281ad80 Exception <a 'java/lang/NoSuchMethodError'{0x00000000c2614c50}: 'void java.lang.invoke.DirectMethodHandle$Holder.invokeStatic(java.lang.Object, java.lang.Object)'> (0x00000000c2614c50) 
thrown [s\open\src\hotspot\share\interpreter\linkResolver.cpp, line 773]
Event: 2.863 Thread 0x000001b8c281ad80 Exception <a 'sun/nio/fs/WindowsException'{0x00000000c262aea8}> (0x00000000c262aea8) 
thrown [s\open\src\hotspot\share\prims\jni.cpp, line 520]
Event: 2.874 Thread 0x000001b8c281ad80 Exception <a 'sun/nio/fs/WindowsException'{0x00000000c2644c18}> (0x00000000c2644c18) 
thrown [s\open\src\hotspot\share\prims\jni.cpp, line 520]
Event: 2.876 Thread 0x000001b8c281ad80 Exception <a 'sun/nio/fs/WindowsException'{0x00000000c264d0e8}> (0x00000000c264d0e8) 
thrown [s\open\src\hotspot\share\prims\jni.cpp, line 520]
Event: 2.878 Thread 0x000001b8c281ad80 Exception <a 'sun/nio/fs/WindowsException'{0x00000000c26516d8}> (0x00000000c26516d8) 
thrown [s\open\src\hotspot\share\prims\jni.cpp, line 520]
Event: 2.880 Thread 0x000001b8c281ad80 Exception <a 'sun/nio/fs/WindowsException'{0x00000000c265b3c8}> (0x00000000c265b3c8) 
thrown [s\open\src\hotspot\share\prims\jni.cpp, line 520]
Event: 3.029 Thread 0x000001b8c281ad80 Exception <a 'java/lang/NoSuchMethodError'{0x00000000c28d8668}: 'int java.lang.invoke.DirectMethodHandle$Holder.invokeSpecial(java.lang.Object, java.lang.Object, java.lang.Object)'> (0x00000000c28d8668) 
thrown [s\open\src\hotspot\share\interpreter\linkResolver.cpp, line 773]
Event: 3.031 Thread 0x000001b8c281ad80 Exception <a 'sun/nio/fs/WindowsException'{0x00000000c28de148}> (0x00000000c28de148) 
thrown [s\open\src\hotspot\share\prims\jni.cpp, line 520]
Event: 3.031 Thread 0x000001b8c281ad80 Exception <a 'sun/nio/fs/WindowsException'{0x00000000c28deb58}> (0x00000000c28deb58) 
thrown [s\open\src\hotspot\share\prims\jni.cpp, line 520]
Event: 3.038 Thread 0x000001b8c281ad80 Exception <a 'java/lang/NoSuchMethodError'{0x00000000c2748ea8}: 'java.lang.Object java.lang.invoke.DirectMethodHandle$Holder.invokeVirtual(java.lang.Object, java.lang.Object, java.lang.Object, int, int)'> (0x00000000c2748ea8) 
thrown [s\open\src\hotspot\share\interpreter\linkResolver.cpp, line 773]
Event: 3.131 Thread 0x000001b8c281ad80 Exception <a 'sun/nio/fs/WindowsException'{0x00000000c2a813c0}> (0x00000000c2a813c0) 
thrown [s\open\src\hotspot\share\prims\jni.cpp, line 520]
Event: 3.132 Thread 0x000001b8c281ad80 Exception <a 'sun/nio/fs/WindowsException'{0x00000000c2a81dd0}> (0x00000000c2a81dd0) 
thrown [s\open\src\hotspot\share\prims\jni.cpp, line 520]
Event: 3.341 Thread 0x000001b8c281ad80 Exception <a 'java/lang/NoSuchMethodError'{0x00000000c2bc4b40}: 'java.lang.Object java.lang.invoke.DirectMethodHandle$Holder.invokeInterface(java.lang.Object, java.lang.Object)'> (0x00000000c2bc4b40) 
thrown [s\open\src\hotspot\share\interpreter\linkResolver.cpp, line 773]

ZGC Phase Switch (0 events):
No events

VM Operations (20 events):
Event: 2.860 Executing VM operation: HandshakeAllThreads (Deoptimize) done
Event: 2.913 Executing VM operation: G1CollectForAllocation (G1 Evacuation Pause)
Event: 2.919 Executing VM operation: G1CollectForAllocation (G1 Evacuation Pause) done
Event: 2.986 Executing VM operation: G1CollectForAllocation (G1 Evacuation Pause)
Event: 2.990 Executing VM operation: G1CollectForAllocation (G1 Evacuation Pause) done
Event: 3.051 Executing VM operation: G1CollectForAllocation (G1 Evacuation Pause)
Event: 3.053 Executing VM operation: G1CollectForAllocation (G1 Evacuation Pause) done
Event: 3.067 Executing VM operation: G1PauseRemark
Event: 3.091 Executing VM operation: G1PauseRemark done
Event: 3.096 Executing VM operation: G1PauseCleanup
Event: 3.096 Executing VM operation: G1PauseCleanup done
Event: 3.097 Executing VM operation: G1CollectForAllocation (G1 Evacuation Pause)
Event: 3.100 Executing VM operation: G1CollectForAllocation (G1 Evacuation Pause) done
Event: 3.220 Executing VM operation: G1CollectForAllocation (G1 Evacuation Pause)
Event: 3.228 Executing VM operation: G1CollectForAllocation (G1 Evacuation Pause) done
Event: 3.471 Executing VM operation: G1CollectForAllocation (G1 Evacuation Pause)
Event: 3.477 Executing VM operation: G1CollectForAllocation (G1 Evacuation Pause) done
Event: 3.504 Executing VM operation: G1CollectForAllocation (G1 Evacuation Pause)
Event: 3.509 Executing VM operation: G1CollectForAllocation (G1 Evacuation Pause) done
Event: 3.749 Executing VM operation: G1TryInitiateConcMark (G1 Humongous Allocation)

Events (11 events):
Event: 0.087 Thread 0x000001b8c281ad80 Thread added: 0x000001b8c281ad80
Event: 0.117 Thread 0x000001b8df6e7e30 Thread added: 0x000001b8df6e7e30
Event: 0.117 Thread 0x000001b8df6e8d50 Thread added: 0x000001b8df6e8d50
Event: 0.117 Thread 0x000001b8df6ebb80 Thread added: 0x000001b8df6ebb80
Event: 0.118 Thread 0x000001b8df6ed5f0 Thread added: 0x000001b8df6ed5f0
Event: 0.118 Thread 0x000001b8df6ee050 Thread added: 0x000001b8df6ee050
Event: 0.118 Thread 0x000001b8df6eeab0 Thread added: 0x000001b8df6eeab0
Event: 0.118 Thread 0x000001b8df6ef840 Thread added: 0x000001b8df6ef840
Event: 0.132 Thread 0x000001b8df6f3aa0 Thread added: 0x000001b8df6f3aa0
Event: 0.394 Thread 0x000001b8df7e8c10 Thread added: 0x000001b8df7e8c10
Event: 0.470 Thread 0x000001b8df94c470 Thread added: 0x000001b8df94c470


Dynamic libraries:
0x00007ff673690000 - 0x00007ff673698000 	C:\Program Files\Java\jdk-21\bin\javac.exe
0x00007ffe33610000 - 0x00007ffe33806000 	C:\WINDOWS\SYSTEM32\ntdll.dll
0x00007ffe326e0000 - 0x00007ffe3279d000 	C:\WINDOWS\System32\KERNEL32.DLL
0x00007ffe31340000 - 0x00007ffe31608000 	C:\WINDOWS\System32\KERNELBASE.dll
0x00007ffe31030000 - 0x00007ffe31130000 	C:\WINDOWS\System32\ucrtbase.dll
0x00007ffe2bf70000 - 0x00007ffe2bf89000 	C:\Program Files\Java\jdk-21\bin\jli.dll
0x00007ffe2bcc0000 - 0x00007ffe2bcdb000 	C:\Program Files\Java\jdk-21\bin\VCRUNTIME140.dll
0x00007ffe33430000 - 0x00007ffe334dc000 	C:\WINDOWS\System32\ADVAPI32.dll
0x00007ffe33390000 - 0x00007ffe3342e000 	C:\WINDOWS\System32\msvcrt.dll
0x00007ffe32460000 - 0x00007ffe324fb000 	C:\WINDOWS\System32\sechost.dll
0x00007ffe32500000 - 0x00007ffe32624000 	C:\WINDOWS\System32\RPCRT4.dll
0x00007ffe331f0000 - 0x00007ffe33390000 	C:\WINDOWS\System32\USER32.dll
0x00007ffe30e70000 - 0x00007ffe30e92000 	C:\WINDOWS\System32\win32u.dll
0x00007ffe32db0000 - 0x00007ffe32dda000 	C:\WINDOWS\System32\GDI32.dll
0x00007ffe30ea0000 - 0x00007ffe30fa9000 	C:\WINDOWS\System32\gdi32full.dll
0x00007ffe30dd0000 - 0x00007ffe30e6d000 	C:\WINDOWS\System32\msvcp_win.dll
0x00007ffe262e0000 - 0x00007ffe2657b000 	C:\WINDOWS\WinSxS\amd64_microsoft.windows.common-controls_6595b64144ccf1df_6.0.19041.488_none_ca04af081b815d21\COMCTL32.dll
0x00007ffe2a730000 - 0x00007ffe2a73a000 	C:\WINDOWS\SYSTEM32\VERSION.dll
0x00007ffe31dc0000 - 0x00007ffe31df0000 	C:\WINDOWS\System32\IMM32.DLL
0x00007ffe2c2e0000 - 0x00007ffe2c2ec000 	C:\Program Files\Java\jdk-21\bin\vcruntime140_1.dll
0x00007ffe0fd20000 - 0x00007ffe0fdae000 	C:\Program Files\Java\jdk-21\bin\msvcp140.dll
0x00007ffde0720000 - 0x00007ffde1437000 	C:\Program Files\Java\jdk-21\bin\server\jvm.dll
0x00007ffe330b0000 - 0x00007ffe3311b000 	C:\WINDOWS\System32\WS2_32.dll
0x00007ffe30bb0000 - 0x00007ffe30bfb000 	C:\WINDOWS\SYSTEM32\POWRPROF.dll
0x00007ffe17060000 - 0x00007ffe17087000 	C:\WINDOWS\SYSTEM32\WINMM.dll
0x00007ffe30b90000 - 0x00007ffe30ba2000 	C:\WINDOWS\SYSTEM32\UMPDC.dll
0x00007ffe2eca0000 - 0x00007ffe2ecb2000 	C:\WINDOWS\SYSTEM32\kernel.appcore.dll
0x00007ffe2bcb0000 - 0x00007ffe2bcba000 	C:\Program Files\Java\jdk-21\bin\jimage.dll
0x00007ffe269c0000 - 0x00007ffe26ba4000 	C:\WINDOWS\SYSTEM32\DBGHELP.DLL
0x00007ffe26990000 - 0x00007ffe269bc000 	C:\WINDOWS\SYSTEM32\dbgcore.DLL
0x00007ffe30fb0000 - 0x00007ffe3102f000 	C:\WINDOWS\System32\bcryptPrimitives.dll
0x00007ffe29660000 - 0x00007ffe2967f000 	C:\Program Files\Java\jdk-21\bin\java.dll
0x00007ffe31670000 - 0x00007ffe31db1000 	C:\WINDOWS\System32\SHELL32.dll
0x00007ffe2eea0000 - 0x00007ffe2f635000 	C:\WINDOWS\SYSTEM32\windows.storage.dll
0x00007ffe32040000 - 0x00007ffe32395000 	C:\WINDOWS\System32\combase.dll
0x00007ffe306f0000 - 0x00007ffe3071c000 	C:\WINDOWS\SYSTEM32\Wldp.dll
0x00007ffe32630000 - 0x00007ffe326de000 	C:\WINDOWS\System32\SHCORE.dll
0x00007ffe323a0000 - 0x00007ffe323f5000 	C:\WINDOWS\System32\shlwapi.dll
0x00007ffe30c80000 - 0x00007ffe30ca6000 	C:\WINDOWS\SYSTEM32\profapi.dll
0x00007ffe24470000 - 0x00007ffe24547000 	C:\Program Files\Java\jdk-21\bin\jsvml.dll
0x00007ffe2b9b0000 - 0x00007ffe2b9c0000 	C:\Program Files\Java\jdk-21\bin\net.dll
0x00007ffe2b9f0000 - 0x00007ffe2baf0000 	C:\WINDOWS\SYSTEM32\WINHTTP.dll
0x00007ffe30470000 - 0x00007ffe304da000 	C:\WINDOWS\system32\mswsock.dll
0x00007ffe28950000 - 0x00007ffe28966000 	C:\Program Files\Java\jdk-21\bin\nio.dll
0x00007ffe28720000 - 0x00007ffe28738000 	C:\Program Files\Java\jdk-21\bin\zip.dll

dbghelp: loaded successfully - version: 4.0.5 - missing functions: none
symbol engine: initialized successfully - sym options: 0x614 - pdb path: .;C:\Program Files\Java\jdk-21\bin;C:\WINDOWS\SYSTEM32;C:\WINDOWS\WinSxS\amd64_microsoft.windows.common-controls_6595b64144ccf1df_6.0.19041.488_none_ca04af081b815d21;C:\Program Files\Java\jdk-21\bin\server

VM Arguments:
jvm_args: -Dapplication.home=C:\Program Files\Java\jdk-21 --add-modules=ALL-DEFAULT -Xms8m -Djdk.module.main=jdk.compiler 
java_command: jdk.compiler/com.sun.tools.javac.Main -d D:\NETBEANS\JAVA\QLTiemTraSua\build\classes -classpath D:\NETBEANS\JAVA\QLTiemTraSua\build\classes;C:\Users\Admin\Downloads\mysql-connector-j-8.3.0\mysql-connector-j-8.3.0.jar -sourcepath D:\NETBEANS\JAVA\QLTiemTraSua\build\empty -target 21 -encoding UTF-8 -g -processorpath C:\Users\Admin\Downloads\mysql-connector-j-8.3.0\mysql-connector-j-8.3.0.jar;D:\NETBEANS\JAVA\QLTiemTraSua\build\empty -s D:\NETBEANS\JAVA\QLTiemTraSua\build\generated-sources\ap-source-output -source 21 D:\NETBEANS\JAVA\QLTiemTraSua\src\BUS\PhanQuyenBUS.java D:\NETBEANS\JAVA\QLTiemTraSua\src\BUS\TaiKhoanBUS.java D:\NETBEANS\JAVA\QLTiemTraSua\src\DAO\ChiTietQuyenDAO.java D:\NETBEANS\JAVA\QLTiemTraSua\src\DAO\ConnectDataBaseDB.java D:\NETBEANS\JAVA\QLTiemTraSua\src\DAO\PhanQuyenDAO.java D:\NETBEANS\JAVA\QLTiemTraSua\src\DAO\TaiKhoanDAO.java D:\NETBEANS\JAVA\QLTiemTraSua\src\DTO\ChiTietQuyenDTO.java D:\NETBEANS\JAVA\QLTiemTraSua\src\DTO\ChucNangDTO.java D:\NETBEANS\JAVA\QLTiemTraSua\src\DTO\PhanQuyenDTO.java D:\NETBEANS\JAVA\QLTiemTraSua\src\DTO\TaiKhoanDTO.java D:\NETBEANS\JAVA\QLTiemTraSua\src\GUI\KhachHang.java D:\NETBEANS\JAVA\QLTiemTraSua\src\GUI\Login.java D:\NETBEANS\JAVA\QLTiemTraSua\src\GUI\Main.java D:\NETBEANS\JAVA\QLTiemTraSua\src\GUI\Menu.java D:\NETBEANS\JAVA\QLTiemTraSua\src\GUI\NhanVien.java D:\NETBEANS\JAVA\QLTiemTraSua\src\GUI\PhanQuyen.java D:\NETBEANS\JAVA\QLTiemTraSua\src\GUI\PhieuNhap.java D:\NETBEANS\JAVA\QLTiemTraSua\src\GUI\PhieuXuat.java D:\NETBEANS\JAVA\QLTiemTraSua\src\GUI\SanPham.java D:\NETBEANS\JAVA\QLTiemTraSua\src\GUI\TaiKhoan.java D:\NETBEANS\JAVA\QLTiemTraSua\src\GUI\ThongKe\ThongKe.java D:\NETBEANS\JAVA\QLTiemTraSua\src\GUI\ThongKe\ThongKeDT.java D:\NETBEANS\JAVA\QLTiemTraSua\src\GUI\ThongKe\ThongKeKH.java D:\NETBEANS\JAVA\QLTiemTraSua\src\GUI\ThongKe\ThongKeNV.java D:\NETBEANS\JAVA\QLTiemTraSua\src\GUI\ThongKe\ThongKeSP.java
java_class_path (initial): <not set>
Launcher Type: SUN_STANDARD

[Global flags]
     intx CICompilerCount                          = 3                                         {product} {ergonomic}
     uint ConcGCThreads                            = 1                                         {product} {ergonomic}
     uint G1ConcRefinementThreads                  = 4                                         {product} {ergonomic}
   size_t G1HeapRegionSize                         = 1048576                                   {product} {ergonomic}
    uintx GCDrainStackTargetSize                   = 64                                        {product} {ergonomic}
   size_t InitialHeapSize                          = 8388608                                   {product} {command line}
   size_t MarkStackSize                            = 4194304                                   {product} {ergonomic}
   size_t MaxHeapSize                              = 1042284544                                {product} {ergonomic}
   size_t MaxNewSize                               = 624951296                                 {product} {ergonomic}
   size_t MinHeapDeltaBytes                        = 1048576                                   {product} {ergonomic}
   size_t MinHeapSize                              = 8388608                                   {product} {command line}
    uintx NonNMethodCodeHeapSize                   = 5832780                                {pd product} {ergonomic}
    uintx NonProfiledCodeHeapSize                  = 122912730                              {pd product} {ergonomic}
    uintx ProfiledCodeHeapSize                     = 122912730                              {pd product} {ergonomic}
    uintx ReservedCodeCacheSize                    = 251658240                              {pd product} {ergonomic}
     bool SegmentedCodeCache                       = true                                      {product} {ergonomic}
   size_t SoftMaxHeapSize                          = 1042284544                             {manageable} {ergonomic}
     bool UseCompressedOops                        = true                           {product lp64_product} {ergonomic}
     bool UseG1GC                                  = true                                      {product} {ergonomic}
     bool UseLargePagesIndividualAllocation        = false                                  {pd product} {ergonomic}

Logging:
Log output configuration:
 #0: stdout all=warning uptime,level,tags foldmultilines=false
 #1: stderr all=off uptime,level,tags foldmultilines=false

Environment Variables:
PATH=C:\Program Files\Common Files\Oracle\Java\javapath;C:\Program Files\Python\Scripts\;C:\Program Files\Python\;C:\Program Files (x86)\Common Files\Oracle\Java\javapath;C:\WINDOWS\system32;C:\WINDOWS;C:\WINDOWS\System32\Wbem;C:\WINDOWS\System32\WindowsPowerShell\v1.0\;C:\WINDOWS\System32\OpenSSH\;C:\MinGW\bin;C:\Program Files (x86)\Microsoft SQL Server\160\Tools\Binn\;C:\Program Files\Microsoft SQL Server\160\Tools\Binn\;C:\Program Files\Microsoft SQL Server\Client SDK\ODBC\170\Tools\Binn\;C:\Program Files\Microsoft SQL Server\160\DTS\Binn\;C:\Program Files\Azure Data Studio\bin;C:\Program Files (x86)\Microsoft SQL Server\160\DTS\Binn\;C:\Users\Admin\AppData\Local\Microsoft\WindowsApps;;C:\Program Files\Azure Data Studio\bin;C:\Users\Admin\AppData\Local\Programs\Microsoft VS Code\bin
USERNAME=Admin
OS=Windows_NT
PROCESSOR_IDENTIFIER=Intel64 Family 6 Model 142 Stepping 10, GenuineIntel
TMP=C:\Users\Admin\AppData\Local\Temp
TEMP=C:\Users\Admin\AppData\Local\Temp




Periodic native trim disabled

---------------  S Y S T E M  ---------------

OS:
 Windows 10 , 64 bit Build 19041 (10.0.19041.546)
OS uptime: 2 days 10:33 hours

CPU: total 4 (initial active 4) (2 cores per cpu, 2 threads per core) family 6 model 142 stepping 10 microcode 0xb4, cx8, cmov, fxsr, ht, mmx, 3dnowpref, sse, sse2, sse3, ssse3, sse4.1, sse4.2, popcnt, lzcnt, tsc, tscinvbit, avx, avx2, aes, erms, clmul, bmi1, bmi2, adx, fma, vzeroupper, clflush, clflushopt, rdtscp, f16c
Processor Information for all 4 processors :
  Max Mhz: 2208, Current Mhz: 2208, Mhz Limit: 2208

Memory: 4k page, system-wide physical 3973M (222M free)
TotalPageFile size 14303M (AvailPageFile size 35M)
current process WorkingSet (physical memory assigned to process): 91M, peak: 92M
current process commit charge ("private bytes"): 115M, peak: 145M

vm_info: Java HotSpot(TM) 64-Bit Server VM (21.0.2+13-LTS-58) for windows-amd64 JRE (21.0.2+13-LTS-58), built on 2024-01-05T18:32:24Z by "mach5one" with MS VC++ 17.1 (VS2022)

END.
