#
# There is insufficient memory for the Java Runtime Environment to continue.
# Native memory allocation (mmap) failed to map 264241152 bytes for G1 virtual space
# Possible reasons:
#   The system is out of physical RAM or swap space
#   The process is running with CompressedOops enabled, and the Java Heap may be blocking the growth of the native heap
# Possible solutions:
#   Reduce memory load on the system
#   Increase physical memory or swap space
#   Check if swap backing store is full
#   Decrease Java heap size (-Xmx/-Xms)
#   Decrease number of Java threads
#   Decrease Java thread stack sizes (-Xss)
#   Set larger code cache with -XX:ReservedCodeCacheSize=
#   JVM is running with Zero Based Compressed Oops mode in which the Java heap is
#     placed in the first 32GB address space. The Java Heap base address is the
#     maximum limit for the native heap growth. Please use -XX:HeapBaseMinAddress
#     to set the Java Heap base and to place the Java Heap above 32GB virtual address.
# This output file may be truncated or incomplete.
#
#  Out of Memory Error (os_windows.cpp:3528), pid=14220, tid=17404
#
# JRE version:  (20.0.2+9) (build )
# Java VM: Java HotSpot(TM) 64-Bit Server VM (20.0.2+9-78, mixed mode, sharing, tiered, compressed oops, compressed class ptrs, g1 gc, windows-amd64)
# No core dump will be written. Minidumps are not enabled by default on client versions of Windows
#

---------------  S U M M A R Y ------------

Command Line: -Dfile.encoding=UTF-8 --module-path=D:\java\ProjectJava\build\classes GUI.Main

Host: 12th Gen Intel(R) Core(TM) i5-1240P, 16 cores, 15G,  Windows 11 , 64 bit Build 22000 (10.0.22000.2124)
Time: Sat Apr 20 22:15:57 2024 SE Asia Standard Time elapsed time: 0.011361 seconds (0d 0h 0m 0s)

---------------  T H R E A D  ---------------

Current thread (0x0000024c5b9b4850):  JavaThread "Unknown thread" [_thread_in_vm, id=17404, stack(0x000000f748800000,0x000000f748900000)]

Stack: [0x000000f748800000,0x000000f748900000]
Native frames: (J=compiled Java code, j=interpreted, Vv=VM code, C=native code)
V  [jvm.dll+0x6bc25a]
V  [jvm.dll+0x84971a]
V  [jvm.dll+0x84b315]
V  [jvm.dll+0x84ba13]
V  [jvm.dll+0x280e4f]
V  [jvm.dll+0x6b8fe9]
V  [jvm.dll+0x6adbca]
V  [jvm.dll+0x35b165]
V  [jvm.dll+0x363386]
V  [jvm.dll+0x3b400e]
V  [jvm.dll+0x3b4295]
V  [jvm.dll+0x32b86a]
V  [jvm.dll+0x32c68b]
V  [jvm.dll+0x8123df]
V  [jvm.dll+0x3c1261]
V  [jvm.dll+0x7fe103]
V  [jvm.dll+0x44ccaf]
V  [jvm.dll+0x44e621]
C  [jli.dll+0x5287]
C  [ucrtbase.dll+0x26c0c]
C  [KERNEL32.DLL+0x155a0]
C  [ntdll.dll+0x485b]


---------------  P R O C E S S  ---------------

Threads class SMR info:
_java_thread_list=0x00007ffa3b7ab118, length=0, elements={
}

Java Threads: ( => current thread )

Other Threads:
  0x0000024c5ba24ef0 WorkerThread "GC Thread#0" [stack: 0x000000f748900000,0x000000f748a00000] [id=4812]
  0x0000024c5ba35b50 ConcurrentGCThread "G1 Main Marker" [stack: 0x000000f748a00000,0x000000f748b00000] [id=11040]
  0x0000024c5ba36c30 WorkerThread "G1 Conc#0" [stack: 0x000000f748b00000,0x000000f748c00000] [id=8552]

[error occurred during error reporting (printing all threads), id 0xc0000005, EXCEPTION_ACCESS_VIOLATION (0xc0000005) at pc=0x00007ffa3af8eea7]
VM state: not at safepoint (not fully initialized)

VM Mutex/Monitor currently owned by a thread:  ([mutex/lock_event])
[0x0000024c5b9af180] Heap_lock - owner thread: 0x0000024c5b9b4850

Heap address: 0x0000000704c00000, size: 4020 MB, Compressed Oops mode: Zero based, Oop shift amount: 3

CDS archive(s) mapped at: [0x0000000000000000-0x0000000000000000-0x0000000000000000), size 0, SharedBaseAddress: 0x0000000800000000, ArchiveRelocationMode: 1.
Narrow klass base: 0x0000000000000000, Narrow klass shift: 0, Narrow klass range: 0x0

GC Precious Log:
 CardTable entry size: 512
 Card Set container configuration: InlinePtr #cards 4 size 8 Array Of Cards #cards 16 size 48 Howl #buckets 8 coarsen threshold 3686 Howl Bitmap #cards 512 size 80 coarsen threshold 460 Card regions per heap region 1 cards per card region 4096

Heap:
 garbage-first heap   total 0K, used 0K [0x0000000704c00000, 0x0000000800000000)
  region size 2048K, 0 young (0K), 0 survivors (0K)

[error occurred during error reporting (printing heap information), id 0xc0000005, EXCEPTION_ACCESS_VIOLATION (0xc0000005) at pc=0x00007ffa3b3647b9]
GC Heap History (0 events):
No events

Dll operation events (1 events):
Event: 0.007 Loaded shared library C:\Program Files\Java\jdk-20\bin\java.dll

Deoptimization events (0 events):
No events

Classes loaded (0 events):
No events

Classes unloaded (0 events):
No events

Classes redefined (0 events):
No events

Internal exceptions (0 events):
No events

VM Operations (0 events):
No events

Events (0 events):
No events


Dynamic libraries:
0x00007ff75ba50000 - 0x00007ff75ba60000 	C:\Program Files\Java\jdk-20\bin\java.exe
0x00007ffa7ee40000 - 0x00007ffa7f049000 	C:\Windows\SYSTEM32\ntdll.dll
0x00007ffa7d620000 - 0x00007ffa7d6de000 	C:\Windows\System32\KERNEL32.DLL
0x00007ffa7c900000 - 0x00007ffa7cc84000 	C:\Windows\System32\KERNELBASE.dll
0x00007ffa7c350000 - 0x00007ffa7c461000 	C:\Windows\System32\ucrtbase.dll
0x00007ffa78b50000 - 0x00007ffa78b6b000 	C:\Program Files\Java\jdk-20\bin\VCRUNTIME140.dll
0x00007ffa5d1e0000 - 0x00007ffa5d1f9000 	C:\Program Files\Java\jdk-20\bin\jli.dll
0x00007ffa7cee0000 - 0x00007ffa7cf8f000 	C:\Windows\System32\ADVAPI32.dll
0x00007ffa7d510000 - 0x00007ffa7d5b3000 	C:\Windows\System32\msvcrt.dll
0x00007ffa7ed60000 - 0x00007ffa7edfe000 	C:\Windows\System32\sechost.dll
0x00007ffa7def0000 - 0x00007ffa7e011000 	C:\Windows\System32\RPCRT4.dll
0x00007ffa7ebb0000 - 0x00007ffa7ed5d000 	C:\Windows\System32\USER32.dll
0x00007ffa7c470000 - 0x00007ffa7c496000 	C:\Windows\System32\win32u.dll
0x00007ffa604d0000 - 0x00007ffa60775000 	C:\Windows\WinSxS\amd64_microsoft.windows.common-controls_6595b64144ccf1df_6.0.22000.120_none_9d947278b86cc467\COMCTL32.dll
0x00007ffa7d6e0000 - 0x00007ffa7d70a000 	C:\Windows\System32\GDI32.dll
0x00007ffa7c5d0000 - 0x00007ffa7c6ef000 	C:\Windows\System32\gdi32full.dll
0x00007ffa7c6f0000 - 0x00007ffa7c78d000 	C:\Windows\System32\msvcp_win.dll
0x00007ffa66990000 - 0x00007ffa6699a000 	C:\Windows\SYSTEM32\VERSION.dll
0x00007ffa7e8f0000 - 0x00007ffa7e921000 	C:\Windows\System32\IMM32.DLL
0x00007ffa78b10000 - 0x00007ffa78b1c000 	C:\Program Files\Java\jdk-20\bin\vcruntime140_1.dll
0x00007ffa5edc0000 - 0x00007ffa5ee4e000 	C:\Program Files\Java\jdk-20\bin\msvcp140.dll
0x00007ffa3ac50000 - 0x00007ffa3b8e8000 	C:\Program Files\Java\jdk-20\bin\server\jvm.dll
0x00007ffa73b00000 - 0x00007ffa73b33000 	C:\Windows\SYSTEM32\WINMM.dll
0x00007ffa60170000 - 0x00007ffa60179000 	C:\Windows\SYSTEM32\WSOCK32.dll
0x00007ffa7dda0000 - 0x00007ffa7de0f000 	C:\Windows\System32\WS2_32.dll
0x00007ffa7b3b0000 - 0x00007ffa7b3c8000 	C:\Windows\SYSTEM32\kernel.appcore.dll
0x00007ffa78480000 - 0x00007ffa7848a000 	C:\Program Files\Java\jdk-20\bin\jimage.dll
0x00007ffa79c20000 - 0x00007ffa79e41000 	C:\Windows\SYSTEM32\DBGHELP.DLL
0x00007ffa64710000 - 0x00007ffa64741000 	C:\Windows\SYSTEM32\dbgcore.DLL
0x00007ffa7c2d0000 - 0x00007ffa7c34f000 	C:\Windows\System32\bcryptPrimitives.dll
0x00007ffa678d0000 - 0x00007ffa678f6000 	C:\Program Files\Java\jdk-20\bin\java.dll

dbghelp: loaded successfully - version: 4.0.5 - missing functions: none
symbol engine: initialized successfully - sym options: 0x614 - pdb path: .;C:\Program Files\Java\jdk-20\bin;C:\Windows\SYSTEM32;C:\Windows\WinSxS\amd64_microsoft.windows.common-controls_6595b64144ccf1df_6.0.22000.120_none_9d947278b86cc467;C:\Program Files\Java\jdk-20\bin\server

VM Arguments:
jvm_args: -Dfile.encoding=UTF-8 --module-path=D:\java\ProjectJava\build\classes 
java_command: GUI.Main
java_class_path (initial): D:\java\mysql-connector-j-8.3.0;C:\Users\asus\Downloads\mysql-connector-j-8.0.31.jar;D:\java\ProjectJava\build\classes
Launcher Type: SUN_STANDARD

[Global flags]
     intx CICompilerCount                          = 12                                        {product} {ergonomic}
     uint ConcGCThreads                            = 3                                         {product} {ergonomic}
     uint G1ConcRefinementThreads                  = 13                                        {product} {ergonomic}
   size_t G1HeapRegionSize                         = 2097152                                   {product} {ergonomic}
    uintx GCDrainStackTargetSize                   = 64                                        {product} {ergonomic}
   size_t InitialHeapSize                          = 264241152                                 {product} {ergonomic}
   size_t MarkStackSize                            = 4194304                                   {product} {ergonomic}
   size_t MaxHeapSize                              = 4215275520                                {product} {ergonomic}
   size_t MinHeapDeltaBytes                        = 2097152                                   {product} {ergonomic}
   size_t MinHeapSize                              = 8388608                                   {product} {ergonomic}
    uintx NonNMethodCodeHeapSize                   = 7602480                                {pd product} {ergonomic}
    uintx NonProfiledCodeHeapSize                  = 122027880                              {pd product} {ergonomic}
    uintx ProfiledCodeHeapSize                     = 122027880                              {pd product} {ergonomic}
    uintx ReservedCodeCacheSize                    = 251658240                              {pd product} {ergonomic}
     bool SegmentedCodeCache                       = true                                      {product} {ergonomic}
   size_t SoftMaxHeapSize                          = 4215275520                             {manageable} {ergonomic}
     bool UseCompressedClassPointers               = true                           {product lp64_product} {ergonomic}
     bool UseCompressedOops                        = true                           {product lp64_product} {ergonomic}
     bool UseG1GC                                  = true                                      {product} {ergonomic}
     bool UseLargePagesIndividualAllocation        = false                                  {pd product} {ergonomic}

Logging:
Log output configuration:
 #0: stdout all=warning uptime,level,tags foldmultilines=false
 #1: stderr all=off uptime,level,tags foldmultilines=false

Environment Variables:
PATH=C:\Program Files\Microsoft MPI\Bin\;C:\Program Files\Common Files\Oracle\Java\javapath;C:\Program Files (x86)\Common Files\Oracle\Java\javapath;C:\Windows\system32;C:\Windows;C:\Windows\System32\Wbem;C:\Windows\System32\WindowsPowerShell\v1.0\;C:\Windows\System32\OpenSSH\;C:\MinGW\bin;C:\Program Files\Azure Data Studio\bin;C:\Program Files (x86)\Microsoft SQL Server\160\Tools\Binn\;C:\Program Files\Microsoft SQL Server\160\Tools\Binn\;C:\Program Files\Microsoft SQL Server\Client SDK\ODBC\170\Tools\Binn\;C:\Program Files\Microsoft SQL Server\160\DTS\Binn\;C:\Program Files (x86)\Microsoft SQL Server\160\DTS\Binn\;D:\Git\cmd;D:\anaconda222;D:\anaconda222\Library\mingw-w64\bin;D:\anaconda222\Library\usr\bin;D:\anaconda222\Library\bin;D:\anaconda222\Scripts;C:\Users\asus\AppData\Local\Programs\Python\Python39-32\Scripts\;C:\Users\asus\AppData\Local\Programs\Python\Python39-32\;C:\Users\asus\AppData\Local\Programs\Python\Launcher\;C:\Program Files\Microsoft MPI\Bin\;C:\Program Files\Common Files\Oracle\Java\javapath;C:\Program Files (x86)\Common Files\Oracle\Java\javapath;C:\Windows\system32;C:\Windows;C:\Windows\System32\Wbem;C:\Windows\System32\WindowsPowerShell\v1.0\;C:\Windows\System32\OpenSSH\;C:\MinGW\bin;C:\Program Files\Azure Data Studio\bin;C:\Program Files (x86)\Microsoft SQL Server\160\Tools\Binn\;C:\Program Files\Microsoft SQL Server\160\Tools\Binn\;C:\Program Files\Microsoft SQL Server\Client SDK\ODBC\170\Tools\Binn\;C:\Program Files\Microsoft SQL Server\160\DTS\Binn\;C:\Program Files (x86)\Microsoft SQL Server\160\DTS\Binn\;D:\Git\cmd;D:\Python312\Scripts;D:\code apps\Scripts;D:\code apps\Microsoft VS Code\bin
USERNAME=asus
OS=Windows_NT
PROCESSOR_IDENTIFIER=Intel64 Family 6 Model 154 Stepping 3, GenuineIntel
TMP=C:\Users\asus\AppData\Local\Temp
TEMP=C:\Users\asus\AppData\Local\Temp




---------------  S Y S T E M  ---------------

OS:
 Windows 11 , 64 bit Build 22000 (10.0.22000.2124)
OS uptime: 3 days 21:19 hours

CPU: total 16 (initial active 16) (8 cores per cpu, 2 threads per core) family 6 model 154 stepping 3 microcode 0x41e, cx8, cmov, fxsr, ht, mmx, 3dnowpref, sse, sse2, sse3, ssse3, sse4.1, sse4.2, popcnt, lzcnt, tsc, tscinvbit, avx, avx2, aes, erms, clmul, bmi1, bmi2, adx, sha, fma, vzeroupper, clflush, clflushopt, clwb, serialize, rdtscp, rdpid, fsrm, f16c, pku, cet_ibt, cet_ss

Memory: 4k page, system-wide physical 16077M (3450M free)
TotalPageFile size 28415M (AvailPageFile size 251M)
current process WorkingSet (physical memory assigned to process): 11M, peak: 11M
current process commit charge ("private bytes"): 70M, peak: 322M

vm_info: Java HotSpot(TM) 64-Bit Server VM (20.0.2+9-78) for windows-amd64 JRE (20.0.2+9-78), built on 2023-06-14T10:08:48Z by "mach5one" with MS VC++ 17.1 (VS2022)

END.
