#
# There is insufficient memory for the Java Runtime Environment to continue.
# Native memory allocation (malloc) failed to allocate 32744 bytes for Chunk::new
# Possible reasons:
#   The system is out of physical RAM or swap space
#   The process is running with CompressedOops enabled, and the Java Heap may be blocking the growth of the native heap
# Possible solutions:
#   Reduce memory load on the system
#   Increase physical memory or swap space
#   Check if swap backing store is full
#   Decrease Java heap size (-Xmx/-Xms)
#   Decrease number of Java threads
#   Decrease Java thread stack sizes (-Xss)
#   Set larger code cache with -XX:ReservedCodeCacheSize=
#   JVM is running with Unscaled Compressed Oops mode in which the Java heap is
#     placed in the first 4GB address space. The Java Heap base address is the
#     maximum limit for the native heap growth. Please use -XX:HeapBaseMinAddress
#     to set the Java Heap base and to place the Java Heap above 4GB virtual address.
# This output file may be truncated or incomplete.
#
#  Out of Memory Error (arena.cpp:168), pid=14816, tid=12360
#
# JRE version: Java(TM) SE Runtime Environment (21.0.2+13) (build 21.0.2+13-LTS-58)
# Java VM: Java HotSpot(TM) 64-Bit Server VM (21.0.2+13-LTS-58, mixed mode, sharing, tiered, compressed oops, compressed class ptrs, g1 gc, windows-amd64)
# No core dump will be written. Minidumps are not enabled by default on client versions of Windows
#

---------------  S U M M A R Y ------------

Command Line: -Dfile.encoding=UTF-8 --module-path=D:\NETBEANS\JAVA\QLTiemTraSua\build\classes GUI.Login

Host: Intel(R) Core(TM) i3-8130U CPU @ 2.20GHz, 4 cores, 3G,  Windows 10 , 64 bit Build 19041 (10.0.19041.546)
Time: Sun May 19 01:03:32 2024 SE Asia Standard Time elapsed time: 26.102255 seconds (0d 0h 0m 26s)

---------------  T H R E A D  ---------------

Current thread (0x000001e7efb80360):  JavaThread "C2 CompilerThread1" daemon [_thread_in_native, id=12360, stack(0x00000032f5100000,0x00000032f5200000) (1024K)]


Current CompileTask:
C2:  26102 1938 % !   4       sun.awt.image.PNGImageDecoder::produceImage @ 960 (1917 bytes)

Stack: [0x00000032f5100000,0x00000032f5200000]
Native frames: (J=compiled Java code, j=interpreted, Vv=VM code, C=native code)
V  [jvm.dll+0x6cade9]
V  [jvm.dll+0x8569c1]
V  [jvm.dll+0x858d2e]
V  [jvm.dll+0x859413]
V  [jvm.dll+0x280e56]
V  [jvm.dll+0xc3f3d]
V  [jvm.dll+0xc4473]
V  [jvm.dll+0x6a8b06]
V  [jvm.dll+0x715fc6]
V  [jvm.dll+0x1e2111]
V  [jvm.dll+0x249d22]
V  [jvm.dll+0x2491b1]
V  [jvm.dll+0x1c9634]
V  [jvm.dll+0x258859]
V  [jvm.dll+0x256e3a]
V  [jvm.dll+0x3ef6c6]
V  [jvm.dll+0x7ff568]
V  [jvm.dll+0x6c953d]
C  [ucrtbase.dll+0x214c2]
C  [KERNEL32.DLL+0x17034]
C  [ntdll.dll+0x4cec1]


---------------  P R O C E S S  ---------------

Threads class SMR info:
_java_thread_list=0x000001e7efd5e850, length=20, elements={
0x000001e7cebcc9a0, 0x000001e7cebcd660, 0x000001e7cebce420, 0x000001e7e9753170,
0x000001e7e9753bd0, 0x000001e7e975ca40, 0x000001e7e9764cf0, 0x000001e7e97677a0,
0x000001e7e982c0b0, 0x000001e7e9a3a890, 0x000001e7e9ba4dc0, 0x000001e7e9bab910,
0x000001e7e9c20a00, 0x000001e7eea4cd30, 0x000001e7eea50100, 0x000001e7ceaf7450,
0x000001e7e9d252d0, 0x000001e7ee9eaf70, 0x000001e7eed5d6e0, 0x000001e7efb80360
}

Java Threads: ( => current thread )
  0x000001e7cebcc9a0 JavaThread "Reference Handler"          daemon [_thread_blocked, id=12808, stack(0x00000032f3900000,0x00000032f3a00000) (1024K)]
  0x000001e7cebcd660 JavaThread "Finalizer"                  daemon [_thread_blocked, id=11420, stack(0x00000032f3a00000,0x00000032f3b00000) (1024K)]
  0x000001e7cebce420 JavaThread "Signal Dispatcher"          daemon [_thread_blocked, id=12496, stack(0x00000032f3b00000,0x00000032f3c00000) (1024K)]
  0x000001e7e9753170 JavaThread "Attach Listener"            daemon [_thread_blocked, id=17256, stack(0x00000032f3c00000,0x00000032f3d00000) (1024K)]
  0x000001e7e9753bd0 JavaThread "Service Thread"             daemon [_thread_blocked, id=2948, stack(0x00000032f3d00000,0x00000032f3e00000) (1024K)]
  0x000001e7e975ca40 JavaThread "Monitor Deflation Thread"   daemon [_thread_blocked, id=5456, stack(0x00000032f3e00000,0x00000032f3f00000) (1024K)]
  0x000001e7e9764cf0 JavaThread "C2 CompilerThread0"         daemon [_thread_in_native, id=5844, stack(0x00000032f3f00000,0x00000032f4000000) (1024K)]
  0x000001e7e97677a0 JavaThread "C1 CompilerThread0"         daemon [_thread_in_native, id=14292, stack(0x00000032f4000000,0x00000032f4100000) (1024K)]
  0x000001e7e982c0b0 JavaThread "Common-Cleaner"             daemon [_thread_blocked, id=11276, stack(0x00000032f4100000,0x00000032f4200000) (1024K)]
  0x000001e7e9a3a890 JavaThread "Notification Thread"        daemon [_thread_blocked, id=1732, stack(0x00000032f4200000,0x00000032f4300000) (1024K)]
  0x000001e7e9ba4dc0 JavaThread "Java2D Disposer"            daemon [_thread_blocked, id=7980, stack(0x00000032f4300000,0x00000032f4400000) (1024K)]
  0x000001e7e9bab910 JavaThread "AWT-Windows"                daemon [_thread_in_native, id=16912, stack(0x00000032f4500000,0x00000032f4600000) (1024K)]
  0x000001e7e9c20a00 JavaThread "mysql-cj-abandoned-connection-cleanup" daemon [_thread_blocked, id=1256, stack(0x00000032f4600000,0x00000032f4700000) (1024K)]
  0x000001e7eea4cd30 JavaThread "AWT-Shutdown"                      [_thread_blocked, id=8600, stack(0x00000032f4a00000,0x00000032f4b00000) (1024K)]
  0x000001e7eea50100 JavaThread "AWT-EventQueue-0"                  [_thread_in_vm, id=12488, stack(0x00000032f4b00000,0x00000032f4c00000) (1024K)]
  0x000001e7ceaf7450 JavaThread "DestroyJavaVM"                     [_thread_blocked, id=15648, stack(0x00000032f3100000,0x00000032f3200000) (1024K)]
  0x000001e7e9d252d0 JavaThread "TimerQueue"                 daemon [_thread_blocked, id=10312, stack(0x00000032f4f00000,0x00000032f5000000) (1024K)]
  0x000001e7ee9eaf70 JavaThread "Image Fetcher 0"            daemon [_thread_blocked, id=16580, stack(0x00000032f4900000,0x00000032f4a00000) (1024K)]
  0x000001e7eed5d6e0 JavaThread "Image Fetcher 1"            daemon [_thread_blocked, id=3880, stack(0x00000032f5000000,0x00000032f5100000) (1024K)]
=>0x000001e7efb80360 JavaThread "C2 CompilerThread1"         daemon [_thread_in_native, id=12360, stack(0x00000032f5100000,0x00000032f5200000) (1024K)]
Total: 20

Other Threads:
  0x000001e7cebaefd0 VMThread "VM Thread"                           [id=9452, stack(0x00000032f3800000,0x00000032f3900000) (1024K)]
  0x000001e7e974b110 WatcherThread "VM Periodic Task Thread"        [id=5428, stack(0x00000032f3700000,0x00000032f3800000) (1024K)]
  0x000001e7ceb273d0 WorkerThread "GC Thread#0"                     [id=1952, stack(0x00000032f3200000,0x00000032f3300000) (1024K)]
  0x000001e7ee6443e0 WorkerThread "GC Thread#1"                     [id=7336, stack(0x00000032f4400000,0x00000032f4500000) (1024K)]
  0x000001e7ee6629b0 WorkerThread "GC Thread#2"                     [id=16244, stack(0x00000032f4700000,0x00000032f4800000) (1024K)]
  0x000001e7ee6b17c0 WorkerThread "GC Thread#3"                     [id=11464, stack(0x00000032f4800000,0x00000032f4900000) (1024K)]
  0x000001e7ceb2fff0 ConcurrentGCThread "G1 Main Marker"            [id=16816, stack(0x00000032f3300000,0x00000032f3400000) (1024K)]
  0x000001e7ceb30ca0 WorkerThread "G1 Conc#0"                       [id=6292, stack(0x00000032f3400000,0x00000032f3500000) (1024K)]
  0x000001e7ceb88b70 ConcurrentGCThread "G1 Refine#0"               [id=3040, stack(0x00000032f3500000,0x00000032f3600000) (1024K)]
  0x000001e7ceb896e0 ConcurrentGCThread "G1 Service"                [id=2756, stack(0x00000032f3600000,0x00000032f3700000) (1024K)]
Total: 10

Threads with active compile tasks:
C2 CompilerThread0    26220 1997       4       sun.util.locale.BaseLocale::getInstance (150 bytes)
C1 CompilerThread0    26220 2110       3       java.util.GregorianCalendar::computeFields (1567 bytes)
C2 CompilerThread1    26220 1938 % !   4       sun.awt.image.PNGImageDecoder::produceImage @ 960 (1917 bytes)
Total: 3

VM state: not at safepoint (normal execution)

VM Mutex/Monitor currently owned by a thread: None

Heap address: 0x00000000c1e00000, size: 994 MB, Compressed Oops mode: 32-bit

CDS archive(s) mapped at: [0x000001e780000000-0x000001e780c90000-0x000001e780c90000), size 13172736, SharedBaseAddress: 0x000001e780000000, ArchiveRelocationMode: 1.
Compressed class space mapped at: 0x000001e781000000-0x000001e7c1000000, reserved size: 1073741824
Narrow klass base: 0x000001e780000000, Narrow klass shift: 0, Narrow klass range: 0x100000000

GC Precious Log:
 CardTable entry size: 512
 Card Set container configuration: InlinePtr #cards 5 size 8 Array Of Cards #cards 12 size 40 Howl #buckets 4 coarsen threshold 1843 Howl Bitmap #cards 512 size 80 coarsen threshold 460 Card regions per heap region 1 cards per card region 2048
 CPUs: 4 total, 4 available
 Memory: 3973M
 Large Page Support: Disabled
 NUMA Support: Disabled
 Compressed Oops: Enabled (32-bit)
 Heap Region Size: 1M
 Heap Min Capacity: 8M
 Heap Initial Capacity: 64M
 Heap Max Capacity: 994M
 Pre-touch: Disabled
 Parallel Workers: 4
 Concurrent Workers: 1
 Concurrent Refinement Workers: 4
 Periodic GC: Disabled

Heap:
 garbage-first heap   total 65536K, used 11441K [0x00000000c1e00000, 0x0000000100000000)
  region size 1024K, 5 young (5120K), 3 survivors (3072K)
 Metaspace       used 17380K, committed 17600K, reserved 1114112K
  class space    used 1969K, committed 2048K, reserved 1048576K

Heap Regions: E=young(eden), S=young(survivor), O=old, HS=humongous(starts), HC=humongous(continues), CS=collection set, F=free, TAMS=top-at-mark-start, PB=parsable bottom
|   0|0x00000000c1e00000, 0x00000000c1f00000, 0x00000000c1f00000|100%| O|  |TAMS 0x00000000c1e00000| PB 0x00000000c1e00000| Untracked 
|   1|0x00000000c1f00000, 0x00000000c2000000, 0x00000000c2000000|100%| O|  |TAMS 0x00000000c1f00000| PB 0x00000000c1f00000| Untracked 
|   2|0x00000000c2000000, 0x00000000c2100000, 0x00000000c2100000|100%|HS|  |TAMS 0x00000000c2000000| PB 0x00000000c2000000| Complete 
|   3|0x00000000c2100000, 0x00000000c2200000, 0x00000000c2200000|100%|HC|  |TAMS 0x00000000c2100000| PB 0x00000000c2100000| Complete 
|   4|0x00000000c2200000, 0x00000000c2300000, 0x00000000c2300000|100%|HS|  |TAMS 0x00000000c2200000| PB 0x00000000c2200000| Complete 
|   5|0x00000000c2300000, 0x00000000c2400000, 0x00000000c2400000|100%|HS|  |TAMS 0x00000000c2300000| PB 0x00000000c2300000| Complete 
|   6|0x00000000c2400000, 0x00000000c2500000, 0x00000000c2500000|100%| O|  |TAMS 0x00000000c2400000| PB 0x00000000c2400000| Untracked 
|   7|0x00000000c2500000, 0x00000000c252c530, 0x00000000c2600000| 17%| O|  |TAMS 0x00000000c2500000| PB 0x00000000c2500000| Untracked 
|   8|0x00000000c2600000, 0x00000000c2600000, 0x00000000c2700000|  0%| F|  |TAMS 0x00000000c2600000| PB 0x00000000c2600000| Untracked 
|   9|0x00000000c2700000, 0x00000000c2700000, 0x00000000c2800000|  0%| F|  |TAMS 0x00000000c2700000| PB 0x00000000c2700000| Untracked 
|  10|0x00000000c2800000, 0x00000000c2800000, 0x00000000c2900000|  0%| F|  |TAMS 0x00000000c2800000| PB 0x00000000c2800000| Untracked 
|  11|0x00000000c2900000, 0x00000000c2900000, 0x00000000c2a00000|  0%| F|  |TAMS 0x00000000c2900000| PB 0x00000000c2900000| Untracked 
|  12|0x00000000c2a00000, 0x00000000c2a00000, 0x00000000c2b00000|  0%| F|  |TAMS 0x00000000c2a00000| PB 0x00000000c2a00000| Untracked 
|  13|0x00000000c2b00000, 0x00000000c2b00000, 0x00000000c2c00000|  0%| F|  |TAMS 0x00000000c2b00000| PB 0x00000000c2b00000| Untracked 
|  14|0x00000000c2c00000, 0x00000000c2c00000, 0x00000000c2d00000|  0%| F|  |TAMS 0x00000000c2c00000| PB 0x00000000c2c00000| Untracked 
|  15|0x00000000c2d00000, 0x00000000c2d00000, 0x00000000c2e00000|  0%| F|  |TAMS 0x00000000c2d00000| PB 0x00000000c2d00000| Untracked 
|  16|0x00000000c2e00000, 0x00000000c2e00000, 0x00000000c2f00000|  0%| F|  |TAMS 0x00000000c2e00000| PB 0x00000000c2e00000| Untracked 
|  17|0x00000000c2f00000, 0x00000000c2f00000, 0x00000000c3000000|  0%| F|  |TAMS 0x00000000c2f00000| PB 0x00000000c2f00000| Untracked 
|  18|0x00000000c3000000, 0x00000000c3000000, 0x00000000c3100000|  0%| F|  |TAMS 0x00000000c3000000| PB 0x00000000c3000000| Untracked 
|  19|0x00000000c3100000, 0x00000000c3100000, 0x00000000c3200000|  0%| F|  |TAMS 0x00000000c3100000| PB 0x00000000c3100000| Untracked 
|  20|0x00000000c3200000, 0x00000000c3200000, 0x00000000c3300000|  0%| F|  |TAMS 0x00000000c3200000| PB 0x00000000c3200000| Untracked 
|  21|0x00000000c3300000, 0x00000000c3300000, 0x00000000c3400000|  0%| F|  |TAMS 0x00000000c3300000| PB 0x00000000c3300000| Untracked 
|  22|0x00000000c3400000, 0x00000000c3400000, 0x00000000c3500000|  0%| F|  |TAMS 0x00000000c3400000| PB 0x00000000c3400000| Untracked 
|  23|0x00000000c3500000, 0x00000000c3500000, 0x00000000c3600000|  0%| F|  |TAMS 0x00000000c3500000| PB 0x00000000c3500000| Untracked 
|  24|0x00000000c3600000, 0x00000000c3600000, 0x00000000c3700000|  0%| F|  |TAMS 0x00000000c3600000| PB 0x00000000c3600000| Untracked 
|  25|0x00000000c3700000, 0x00000000c3700000, 0x00000000c3800000|  0%| F|  |TAMS 0x00000000c3700000| PB 0x00000000c3700000| Untracked 
|  26|0x00000000c3800000, 0x00000000c3800000, 0x00000000c3900000|  0%| F|  |TAMS 0x00000000c3800000| PB 0x00000000c3800000| Untracked 
|  27|0x00000000c3900000, 0x00000000c3900000, 0x00000000c3a00000|  0%| F|  |TAMS 0x00000000c3900000| PB 0x00000000c3900000| Untracked 
|  28|0x00000000c3a00000, 0x00000000c3a00000, 0x00000000c3b00000|  0%| F|  |TAMS 0x00000000c3a00000| PB 0x00000000c3a00000| Untracked 
|  29|0x00000000c3b00000, 0x00000000c3b00000, 0x00000000c3c00000|  0%| F|  |TAMS 0x00000000c3b00000| PB 0x00000000c3b00000| Untracked 
|  30|0x00000000c3c00000, 0x00000000c3c00000, 0x00000000c3d00000|  0%| F|  |TAMS 0x00000000c3c00000| PB 0x00000000c3c00000| Untracked 
|  31|0x00000000c3d00000, 0x00000000c3d00000, 0x00000000c3e00000|  0%| F|  |TAMS 0x00000000c3d00000| PB 0x00000000c3d00000| Untracked 
|  32|0x00000000c3e00000, 0x00000000c3e00000, 0x00000000c3f00000|  0%| F|  |TAMS 0x00000000c3e00000| PB 0x00000000c3e00000| Untracked 
|  33|0x00000000c3f00000, 0x00000000c3f00000, 0x00000000c4000000|  0%| F|  |TAMS 0x00000000c3f00000| PB 0x00000000c3f00000| Untracked 
|  34|0x00000000c4000000, 0x00000000c4000000, 0x00000000c4100000|  0%| F|  |TAMS 0x00000000c4000000| PB 0x00000000c4000000| Untracked 
|  35|0x00000000c4100000, 0x00000000c4100000, 0x00000000c4200000|  0%| F|  |TAMS 0x00000000c4100000| PB 0x00000000c4100000| Untracked 
|  36|0x00000000c4200000, 0x00000000c4200000, 0x00000000c4300000|  0%| F|  |TAMS 0x00000000c4200000| PB 0x00000000c4200000| Untracked 
|  37|0x00000000c4300000, 0x00000000c4300000, 0x00000000c4400000|  0%| F|  |TAMS 0x00000000c4300000| PB 0x00000000c4300000| Untracked 
|  38|0x00000000c4400000, 0x00000000c4400000, 0x00000000c4500000|  0%| F|  |TAMS 0x00000000c4400000| PB 0x00000000c4400000| Untracked 
|  39|0x00000000c4500000, 0x00000000c4500000, 0x00000000c4600000|  0%| F|  |TAMS 0x00000000c4500000| PB 0x00000000c4500000| Untracked 
|  40|0x00000000c4600000, 0x00000000c4600000, 0x00000000c4700000|  0%| F|  |TAMS 0x00000000c4600000| PB 0x00000000c4600000| Untracked 
|  41|0x00000000c4700000, 0x00000000c4700000, 0x00000000c4800000|  0%| F|  |TAMS 0x00000000c4700000| PB 0x00000000c4700000| Untracked 
|  42|0x00000000c4800000, 0x00000000c4800000, 0x00000000c4900000|  0%| F|  |TAMS 0x00000000c4800000| PB 0x00000000c4800000| Untracked 
|  43|0x00000000c4900000, 0x00000000c4a00000, 0x00000000c4a00000|100%| S|CS|TAMS 0x00000000c4900000| PB 0x00000000c4900000| Complete 
|  44|0x00000000c4a00000, 0x00000000c4b00000, 0x00000000c4b00000|100%| S|CS|TAMS 0x00000000c4a00000| PB 0x00000000c4a00000| Complete 
|  45|0x00000000c4b00000, 0x00000000c4c00000, 0x00000000c4c00000|100%| S|CS|TAMS 0x00000000c4b00000| PB 0x00000000c4b00000| Complete 
|  46|0x00000000c4c00000, 0x00000000c4c00000, 0x00000000c4d00000|  0%| F|  |TAMS 0x00000000c4c00000| PB 0x00000000c4c00000| Untracked 
|  47|0x00000000c4d00000, 0x00000000c4d00000, 0x00000000c4e00000|  0%| F|  |TAMS 0x00000000c4d00000| PB 0x00000000c4d00000| Untracked 
|  48|0x00000000c4e00000, 0x00000000c4e00000, 0x00000000c4f00000|  0%| F|  |TAMS 0x00000000c4e00000| PB 0x00000000c4e00000| Untracked 
|  49|0x00000000c4f00000, 0x00000000c4f00000, 0x00000000c5000000|  0%| F|  |TAMS 0x00000000c4f00000| PB 0x00000000c4f00000| Untracked 
|  50|0x00000000c5000000, 0x00000000c5000000, 0x00000000c5100000|  0%| F|  |TAMS 0x00000000c5000000| PB 0x00000000c5000000| Untracked 
|  51|0x00000000c5100000, 0x00000000c5100000, 0x00000000c5200000|  0%| F|  |TAMS 0x00000000c5100000| PB 0x00000000c5100000| Untracked 
|  52|0x00000000c5200000, 0x00000000c5200000, 0x00000000c5300000|  0%| F|  |TAMS 0x00000000c5200000| PB 0x00000000c5200000| Untracked 
|  53|0x00000000c5300000, 0x00000000c5300000, 0x00000000c5400000|  0%| F|  |TAMS 0x00000000c5300000| PB 0x00000000c5300000| Untracked 
|  54|0x00000000c5400000, 0x00000000c5400000, 0x00000000c5500000|  0%| F|  |TAMS 0x00000000c5400000| PB 0x00000000c5400000| Untracked 
|  55|0x00000000c5500000, 0x00000000c5500000, 0x00000000c5600000|  0%| F|  |TAMS 0x00000000c5500000| PB 0x00000000c5500000| Untracked 
|  56|0x00000000c5600000, 0x00000000c5600000, 0x00000000c5700000|  0%| F|  |TAMS 0x00000000c5600000| PB 0x00000000c5600000| Untracked 
|  57|0x00000000c5700000, 0x00000000c5700000, 0x00000000c5800000|  0%| F|  |TAMS 0x00000000c5700000| PB 0x00000000c5700000| Untracked 
|  58|0x00000000c5800000, 0x00000000c5800000, 0x00000000c5900000|  0%| F|  |TAMS 0x00000000c5800000| PB 0x00000000c5800000| Untracked 
|  59|0x00000000c5900000, 0x00000000c5900000, 0x00000000c5a00000|  0%| F|  |TAMS 0x00000000c5900000| PB 0x00000000c5900000| Untracked 
|  60|0x00000000c5a00000, 0x00000000c5a00000, 0x00000000c5b00000|  0%| F|  |TAMS 0x00000000c5a00000| PB 0x00000000c5a00000| Untracked 
|  61|0x00000000c5b00000, 0x00000000c5b00000, 0x00000000c5c00000|  0%| F|  |TAMS 0x00000000c5b00000| PB 0x00000000c5b00000| Untracked 
|  62|0x00000000c5c00000, 0x00000000c5c78160, 0x00000000c5d00000| 46%| E|  |TAMS 0x00000000c5c00000| PB 0x00000000c5c00000| Complete 
|  63|0x00000000c5d00000, 0x00000000c5e00000, 0x00000000c5e00000|100%| E|CS|TAMS 0x00000000c5d00000| PB 0x00000000c5d00000| Complete 

Card table byte_map: [0x000001e7e6170000,0x000001e7e6370000] _byte_map_base: 0x000001e7e5b61000

Marking Bits: (CMBitMap*) 0x000001e7ceb27ad0
 Bits: [0x000001e7e6370000, 0x000001e7e72f8000)

Polling page: 0x000001e7cc9c0000

Metaspace:

Usage:
  Non-class:     15.05 MB used.
      Class:      1.92 MB used.
       Both:     16.97 MB used.

Virtual space:
  Non-class space:       64.00 MB reserved,      15.19 MB ( 24%) committed,  1 nodes.
      Class space:        1.00 GB reserved,       2.00 MB ( <1%) committed,  1 nodes.
             Both:        1.06 GB reserved,      17.19 MB (  2%) committed. 

Chunk freelists:
   Non-Class:  352.00 KB
       Class:  14.02 MB
        Both:  14.36 MB

MaxMetaspaceSize: unlimited
CompressedClassSpaceSize: 1.00 GB
Initial GC threshold: 21.00 MB
Current GC threshold: 21.00 MB
CDS: on
 - commit_granule_bytes: 65536.
 - commit_granule_words: 8192.
 - virtual_space_node_default_size: 8388608.
 - enlarge_chunks_in_place: 1.
 - use_allocation_guard: 0.


Internal statistics:

num_allocs_failed_limit: 0.
num_arena_births: 180.
num_arena_deaths: 0.
num_vsnodes_births: 2.
num_vsnodes_deaths: 0.
num_space_committed: 275.
num_space_uncommitted: 0.
num_chunks_returned_to_freelist: 0.
num_chunks_taken_from_freelist: 423.
num_chunk_merges: 0.
num_chunk_splits: 290.
num_chunks_enlarged: 194.
num_inconsistent_stats: 0.

CodeHeap 'non-profiled nmethods': size=120000Kb used=595Kb max_used=595Kb free=119404Kb
 bounds [0x000001e7dea40000, 0x000001e7decb0000, 0x000001e7e5f70000]
CodeHeap 'profiled nmethods': size=120000Kb used=3940Kb max_used=3940Kb free=116059Kb
 bounds [0x000001e7d6f70000, 0x000001e7d7350000, 0x000001e7de4a0000]
CodeHeap 'non-nmethods': size=5760Kb used=1695Kb max_used=1713Kb free=4064Kb
 bounds [0x000001e7de4a0000, 0x000001e7de710000, 0x000001e7dea40000]
 total_blobs=2845 nmethods=2104 adapters=645
 compilation: enabled
              stopped_count=0, restarted_count=0
 full_count=0

Compilation events (20 events):
Event: 25.985 Thread 0x000001e7e97677a0 nmethod 2101 0x000001e7dead4610 code [0x000001e7dead47a0, 0x000001e7dead4870]
Event: 25.985 Thread 0x000001e7e97677a0 2102       1       sun.util.calendar.CalendarDate::setDayOfWeek (6 bytes)
Event: 25.986 Thread 0x000001e7e97677a0 nmethod 2102 0x000001e7dead4910 code [0x000001e7dead4aa0, 0x000001e7dead4b68]
Event: 25.986 Thread 0x000001e7e97677a0 2103       3       java.util.Calendar::setFieldsComputed (118 bytes)
Event: 25.986 Thread 0x000001e7e97677a0 nmethod 2103 0x000001e7d7343990 code [0x000001e7d7343b80, 0x000001e7d7343ff0]
Event: 25.987 Thread 0x000001e7e97677a0 2104       3       java.util.GregorianCalendar::getWeekNumber (89 bytes)
Event: 25.987 Thread 0x000001e7e97677a0 nmethod 2104 0x000001e7d7344290 code [0x000001e7d7344460, 0x000001e7d73448d0]
Event: 25.987 Thread 0x000001e7e97677a0 2105       3       sun.util.calendar.AbstractCalendar::getDayOfWeekDateOnOrBefore (31 bytes)
Event: 25.987 Thread 0x000001e7e97677a0 nmethod 2105 0x000001e7d7344a90 code [0x000001e7d7344c40, 0x000001e7d7344e30]
Event: 25.987 Thread 0x000001e7e97677a0 2106       3       sun.util.calendar.ZoneInfo::getOffsets (342 bytes)
Event: 25.989 Thread 0x000001e7e97677a0 nmethod 2106 0x000001e7d7344f10 code [0x000001e7d73451a0, 0x000001e7d7345e08]
Event: 25.989 Thread 0x000001e7e97677a0 2108       3       sun.util.calendar.BaseCalendar$Date::hit (14 bytes)
Event: 25.989 Thread 0x000001e7e97677a0 nmethod 2108 0x000001e7d7346390 code [0x000001e7d7346520, 0x000001e7d7346688]
Event: 25.989 Thread 0x000001e7e97677a0 2107       1       java.util.Calendar::isLenient (5 bytes)
Event: 25.989 Thread 0x000001e7e97677a0 nmethod 2107 0x000001e7dead4c10 code [0x000001e7dead4da0, 0x000001e7dead4e70]
Event: 25.989 Thread 0x000001e7e97677a0 2109       3       sun.util.calendar.BaseCalendar::getFixedDate (324 bytes)
Event: 25.991 Thread 0x000001e7e97677a0 nmethod 2109 0x000001e7d7346710 code [0x000001e7d7346a20, 0x000001e7d73481d0]
Event: 25.991 Thread 0x000001e7e97677a0 2115       3       sun.util.calendar.ZoneInfo::getTransitionIndex (156 bytes)
Event: 25.991 Thread 0x000001e7e97677a0 nmethod 2115 0x000001e7d7348890 code [0x000001e7d7348a60, 0x000001e7d7348f08]
Event: 25.991 Thread 0x000001e7e97677a0 2110       3       java.util.GregorianCalendar::computeFields (1567 bytes)

GC Heap History (4 events):
Event: 4.136 GC heap before
{Heap before GC invocations=0 (full 0):
 garbage-first heap   total 65536K, used 13312K [0x00000000c1e00000, 0x0000000100000000)
  region size 1024K, 13 young (13312K), 0 survivors (0K)
 Metaspace       used 8017K, committed 8256K, reserved 1114112K
  class space    used 843K, committed 960K, reserved 1048576K
}
Event: 4.164 GC heap after
{Heap after GC invocations=1 (full 0):
 garbage-first heap   total 65536K, used 3108K [0x00000000c1e00000, 0x0000000100000000)
  region size 1024K, 2 young (2048K), 2 survivors (2048K)
 Metaspace       used 8017K, committed 8256K, reserved 1114112K
  class space    used 843K, committed 960K, reserved 1048576K
}
Event: 25.907 GC heap before
{Heap before GC invocations=1 (full 0):
 garbage-first heap   total 65536K, used 22564K [0x00000000c1e00000, 0x0000000100000000)
  region size 1024K, 18 young (18432K), 2 survivors (2048K)
 Metaspace       used 17242K, committed 17408K, reserved 1114112K
  class space    used 1953K, committed 2048K, reserved 1048576K
}
Event: 25.914 GC heap after
{Heap after GC invocations=2 (full 0):
 garbage-first heap   total 65536K, used 10417K [0x00000000c1e00000, 0x0000000100000000)
  region size 1024K, 3 young (3072K), 3 survivors (3072K)
 Metaspace       used 17242K, committed 17408K, reserved 1114112K
  class space    used 1953K, committed 2048K, reserved 1048576K
}

Dll operation events (12 events):
Event: 0.069 Loaded shared library C:\Program Files\Java\jdk-21\bin\java.dll
Event: 0.619 Loaded shared library C:\Program Files\Java\jdk-21\bin\jsvml.dll
Event: 0.657 Loaded shared library C:\Program Files\Java\jdk-21\bin\net.dll
Event: 0.687 Loaded shared library C:\Program Files\Java\jdk-21\bin\nio.dll
Event: 1.514 Loaded shared library C:\Program Files\Java\jdk-21\bin\zip.dll
Event: 1.571 Loaded shared library C:\Program Files\Java\jdk-21\bin\jimage.dll
Event: 1.718 Loaded shared library C:\Program Files\Java\jdk-21\bin\awt.dll
Event: 3.505 Loaded shared library C:\Program Files\Java\jdk-21\bin\extnet.dll
Event: 5.168 Loaded shared library C:\Program Files\Java\jdk-21\bin\javajpeg.dll
Event: 5.364 Loaded shared library C:\Program Files\Java\jdk-21\bin\freetype.dll
Event: 5.374 Loaded shared library C:\Program Files\Java\jdk-21\bin\fontmanager.dll
Event: 25.846 Loaded shared library C:\Program Files\Java\jdk-21\bin\verify.dll

Deoptimization events (20 events):
Event: 25.856 Thread 0x000001e7eea50100 Uncommon trap: trap_request=0xffffff45 fr.pc=0x000001e7dea77b68 relative=0x0000000000000048
Event: 25.856 Thread 0x000001e7eea50100 Uncommon trap: reason=unstable_if action=reinterpret pc=0x000001e7dea77b68 method=java.lang.StringLatin1.canEncode(I)Z @ 4 c2
Event: 25.856 Thread 0x000001e7eea50100 DEOPT PACKING pc=0x000001e7dea77b68 sp=0x00000032f4bfdf10
Event: 25.856 Thread 0x000001e7eea50100 DEOPT UNPACKING pc=0x000001e7de4f46a2 sp=0x00000032f4bfdea0 mode 2
Event: 25.885 Thread 0x000001e7eea50100 Uncommon trap: trap_request=0xffffff45 fr.pc=0x000001e7dea9a14c relative=0x0000000000000e4c
Event: 25.885 Thread 0x000001e7eea50100 Uncommon trap: reason=unstable_if action=reinterpret pc=0x000001e7dea9a14c method=java.util.concurrent.ConcurrentHashMap.putVal(Ljava/lang/Object;Ljava/lang/Object;Z)Ljava/lang/Object; @ 231 c2
Event: 25.885 Thread 0x000001e7eea50100 DEOPT PACKING pc=0x000001e7dea9a14c sp=0x00000032f4bfd060
Event: 25.885 Thread 0x000001e7eea50100 DEOPT UNPACKING pc=0x000001e7de4f46a2 sp=0x00000032f4bfcfc0 mode 2
Event: 25.888 Thread 0x000001e7eea50100 Uncommon trap: trap_request=0xffffff45 fr.pc=0x000001e7dea914c8 relative=0x0000000000000168
Event: 25.888 Thread 0x000001e7eea50100 Uncommon trap: reason=unstable_if action=reinterpret pc=0x000001e7dea914c8 method=java.util.regex.Pattern$BmpCharPropertyGreedy.match(Ljava/util/regex/Matcher;ILjava/lang/CharSequence;)Z @ 12 c2
Event: 25.889 Thread 0x000001e7eea50100 DEOPT PACKING pc=0x000001e7dea914c8 sp=0x00000032f4bfd340
Event: 25.889 Thread 0x000001e7eea50100 DEOPT UNPACKING pc=0x000001e7de4f46a2 sp=0x00000032f4bfd2d8 mode 2
Event: 25.892 Thread 0x000001e7eea50100 Uncommon trap: trap_request=0xffffff45 fr.pc=0x000001e7dea8d0a8 relative=0x00000000000004c8
Event: 25.892 Thread 0x000001e7eea50100 Uncommon trap: reason=unstable_if action=reinterpret pc=0x000001e7dea8d0a8 method=java.lang.String.getBytes([BIB)V @ 5 c2
Event: 25.892 Thread 0x000001e7eea50100 DEOPT PACKING pc=0x000001e7dea8d0a8 sp=0x00000032f4bfdc40
Event: 25.892 Thread 0x000001e7eea50100 DEOPT UNPACKING pc=0x000001e7de4f46a2 sp=0x00000032f4bfdb28 mode 2
Event: 25.893 Thread 0x000001e7eea50100 Uncommon trap: trap_request=0xffffff45 fr.pc=0x000001e7dea87698 relative=0x00000000000000f8
Event: 25.893 Thread 0x000001e7eea50100 Uncommon trap: reason=unstable_if action=reinterpret pc=0x000001e7dea87698 method=java.lang.String.getBytes([BIB)V @ 5 c2
Event: 25.893 Thread 0x000001e7eea50100 DEOPT PACKING pc=0x000001e7dea87698 sp=0x00000032f4bfdb50
Event: 25.893 Thread 0x000001e7eea50100 DEOPT UNPACKING pc=0x000001e7de4f46a2 sp=0x00000032f4bfdaf8 mode 2

Classes loaded (20 events):
Event: 25.898 Loading class javax/swing/text/AbstractDocument$UndoRedoDocumentEvent
Event: 25.899 Loading class javax/swing/text/AbstractDocument$UndoRedoDocumentEvent done
Event: 25.899 Loading class javax/swing/text/DefaultCaret$1
Event: 25.899 Loading class javax/swing/text/DefaultCaret$1 done
Event: 25.899 Loading class javax/swing/JSpinner$ModelListener
Event: 25.899 Loading class javax/swing/JSpinner$ModelListener done
Event: 25.899 Loading class javax/swing/JSpinner$NumberEditorFormatter
Event: 25.899 Loading class javax/swing/JSpinner$NumberEditorFormatter done
Event: 25.899 Loading class javax/swing/text/GapContent$RemoveUndo
Event: 25.901 Loading class javax/swing/text/GapContent$RemoveUndo done
Event: 25.901 Loading class javax/swing/text/GapContent$UndoPosRef
Event: 25.901 Loading class javax/swing/text/GapContent$UndoPosRef done
Event: 25.902 Loading class javax/swing/plaf/basic/BasicSpinnerUI
Event: 25.902 Loading class javax/swing/plaf/SpinnerUI
Event: 25.902 Loading class javax/swing/plaf/SpinnerUI done
Event: 25.902 Loading class javax/swing/plaf/basic/BasicSpinnerUI done
Event: 25.903 Loading class javax/swing/plaf/basic/BasicSpinnerUI$ArrowButtonHandler
Event: 25.904 Loading class javax/swing/plaf/basic/BasicSpinnerUI$ArrowButtonHandler done
Event: 25.905 Loading class javax/swing/plaf/basic/BasicSpinnerUI$Handler
Event: 25.905 Loading class javax/swing/plaf/basic/BasicSpinnerUI$Handler done

Classes unloaded (0 events):
No events

Classes redefined (0 events):
No events

Internal exceptions (20 events):
Event: 1.370 Thread 0x000001e7ceaf7450 Exception <a 'sun/nio/fs/WindowsException'{0x00000000c5c7ebd8}> (0x00000000c5c7ebd8) 
thrown [s\open\src\hotspot\share\prims\jni.cpp, line 520]
Event: 1.375 Thread 0x000001e7ceaf7450 Exception <a 'sun/nio/fs/WindowsException'{0x00000000c5c7f588}> (0x00000000c5c7f588) 
thrown [s\open\src\hotspot\share\prims\jni.cpp, line 520]
Event: 1.623 Thread 0x000001e7ceaf7450 Exception <a 'java/lang/ClassNotFoundException'{0x00000000c5badf28}: sun/awt/resources/spi/awtProvider> (0x00000000c5badf28) 
thrown [s\open\src\hotspot\share\classfile\systemDictionary.cpp, line 312]
Event: 1.760 Thread 0x000001e7ceaf7450 Exception <a 'java/io/FileNotFoundException'{0x00000000c5a03648}> (0x00000000c5a03648) 
thrown [s\open\src\hotspot\share\prims\jni.cpp, line 520]
Event: 1.769 Thread 0x000001e7ceaf7450 Exception <a 'java/io/FileNotFoundException'{0x00000000c5a2d5d8}> (0x00000000c5a2d5d8) 
thrown [s\open\src\hotspot\share\prims\jni.cpp, line 520]
Event: 2.238 Thread 0x000001e7ceaf7450 Exception <a 'java/lang/NoSuchMethodError'{0x00000000c5ac2fb0}: 'void java.lang.invoke.DirectMethodHandle$Holder.invokeSpecial(java.lang.Object, java.lang.Object, java.lang.Object)'> (0x00000000c5ac2fb0) 
thrown [s\open\src\hotspot\share\interpreter\linkResolver.cpp, line 773]
Event: 2.269 Thread 0x000001e7ceaf7450 Exception <a 'java/lang/NoSuchMethodError'{0x00000000c5963ca0}: 'java.lang.Object java.lang.invoke.DirectMethodHandle$Holder.newInvokeSpecial(java.lang.Object, java.lang.Object, java.lang.Object, java.lang.Object, java.lang.Object)'> (0x00000000c5963ca0) 
thrown [s\open\src\hotspot\share\interpreter\linkResolver.cpp, line 773]
Event: 2.280 Thread 0x000001e7ceaf7450 Exception <a 'java/lang/NoSuchMethodError'{0x00000000c598fbc0}: 'java.lang.Object java.lang.invoke.DirectMethodHandle$Holder.invokeStatic(java.lang.Object, int, java.lang.Object)'> (0x00000000c598fbc0) 
thrown [s\open\src\hotspot\share\interpreter\linkResolver.cpp, line 773]
Event: 2.317 Thread 0x000001e7ceaf7450 Exception <a 'java/lang/ClassNotFoundException'{0x00000000c582f478}: com/sun/swing/internal/plaf/metal/resources/spi/metalProvider> (0x00000000c582f478) 
thrown [s\open\src\hotspot\share\classfile\systemDictionary.cpp, line 312]
Event: 2.322 Thread 0x000001e7ceaf7450 Exception <a 'java/lang/ClassNotFoundException'{0x00000000c5833388}: com/sun/swing/internal/plaf/basic/resources/spi/basicProvider> (0x00000000c5833388) 
thrown [s\open\src\hotspot\share\classfile\systemDictionary.cpp, line 312]
Event: 2.662 Thread 0x000001e7ceaf7450 Exception <a 'java/lang/NoSuchMethodError'{0x00000000c5852ac8}: 'int java.lang.invoke.Invokers$Holder.invokeExact_MT(java.lang.Object, java.lang.Object)'> (0x00000000c5852ac8) 
thrown [s\open\src\hotspot\share\interpreter\linkResolver.cpp, line 773]
Event: 2.722 Thread 0x000001e7ceaf7450 Exception <a 'java/lang/NoSuchMethodError'{0x00000000c5877f50}: 'void java.lang.invoke.DirectMethodHandle$Holder.invokeStatic(java.lang.Object, java.lang.Object)'> (0x00000000c5877f50) 
thrown [s\open\src\hotspot\share\interpreter\linkResolver.cpp, line 773]
Event: 2.868 Thread 0x000001e7ceaf7450 Exception <a 'java/lang/NoSuchMethodError'{0x00000000c57724d0}: 'java.lang.Object java.lang.invoke.DirectMethodHandle$Holder.invokeInterface(java.lang.Object, java.lang.Object)'> (0x00000000c57724d0) 
thrown [s\open\src\hotspot\share\interpreter\linkResolver.cpp, line 773]
Event: 3.030 Thread 0x000001e7ceaf7450 Exception <a 'java/lang/NoSuchMethodError'{0x00000000c57effb0}: 'void java.lang.invoke.DirectMethodHandle$Holder.invokeStatic(java.lang.Object, java.lang.Object, java.lang.Object)'> (0x00000000c57effb0) 
thrown [s\open\src\hotspot\share\interpreter\linkResolver.cpp, line 773]
Event: 3.032 Thread 0x000001e7ceaf7450 Exception <a 'java/lang/NoSuchMethodError'{0x00000000c57f8c98}: 'java.lang.Object java.lang.invoke.DirectMethodHandle$Holder.invokeVirtual(java.lang.Object, java.lang.Object, java.lang.Object)'> (0x00000000c57f8c98) 
thrown [s\open\src\hotspot\share\interpreter\linkResolver.cpp, line 773]
Event: 5.179 Thread 0x000001e7ee8b6130 Exception <a 'java/lang/NoSuchMethodError'{0x00000000c5ba9380}: 'java.lang.Object java.lang.invoke.DirectMethodHandle$Holder.newInvokeSpecial(java.lang.Object, java.lang.Object, java.lang.Object, int, int, int, int, int)'> (0x00000000c5ba9380) 
thrown [s\open\src\hotspot\share\interpreter\linkResolver.cpp, line 773]
Event: 5.397 Thread 0x000001e7ceaf7450 Exception <a 'java/io/FileNotFoundException'{0x00000000c595d908}> (0x00000000c595d908) 
thrown [s\open\src\hotspot\share\prims\jni.cpp, line 520]
Event: 5.760 Thread 0x000001e7ceaf7450 Exception <a 'java/lang/NoSuchMethodError'{0x00000000c59fc478}: 'void java.lang.invoke.DirectMethodHandle$Holder.invokeStaticInit(java.lang.Object)'> (0x00000000c59fc478) 
thrown [s\open\src\hotspot\share\interpreter\linkResolver.cpp, line 773]
Event: 5.864 Thread 0x000001e7e9bab910 Exception <a 'java/lang/NoSuchMethodError'{0x00000000c59cab28}: 'void java.lang.invoke.DirectMethodHandle$Holder.invokeVirtual(java.lang.Object, java.lang.Object)'> (0x00000000c59cab28) 
thrown [s\open\src\hotspot\share\interpreter\linkResolver.cpp, line 773]
Event: 25.829 Thread 0x000001e7eea50100 Implicit null exception at 0x000001e7dea8d820 to 0x000001e7dea8ddf8

ZGC Phase Switch (0 events):
No events

VM Operations (20 events):
Event: 6.885 Executing VM operation: Cleanup
Event: 6.886 Executing VM operation: Cleanup done
Event: 9.907 Executing VM operation: Cleanup
Event: 9.907 Executing VM operation: Cleanup done
Event: 12.936 Executing VM operation: Cleanup
Event: 12.936 Executing VM operation: Cleanup done
Event: 20.005 Executing VM operation: Cleanup
Event: 20.005 Executing VM operation: Cleanup done
Event: 22.022 Executing VM operation: Cleanup
Event: 22.022 Executing VM operation: Cleanup done
Event: 24.041 Executing VM operation: Cleanup
Event: 24.041 Executing VM operation: Cleanup done
Event: 25.048 Executing VM operation: Cleanup
Event: 25.048 Executing VM operation: Cleanup done
Event: 25.332 Executing VM operation: HandshakeAllThreads (Deoptimize)
Event: 25.332 Executing VM operation: HandshakeAllThreads (Deoptimize) done
Event: 25.581 Executing VM operation: HandshakeAllThreads (Deoptimize)
Event: 25.581 Executing VM operation: HandshakeAllThreads (Deoptimize) done
Event: 25.907 Executing VM operation: G1CollectForAllocation (G1 Evacuation Pause)
Event: 25.914 Executing VM operation: G1CollectForAllocation (G1 Evacuation Pause) done

Events (20 events):
Event: 0.546 Thread 0x000001e7e975ca40 Thread added: 0x000001e7e975ca40
Event: 0.548 Thread 0x000001e7e9764cf0 Thread added: 0x000001e7e9764cf0
Event: 0.548 Thread 0x000001e7e97677a0 Thread added: 0x000001e7e97677a0
Event: 0.621 Thread 0x000001e7e982c0b0 Thread added: 0x000001e7e982c0b0
Event: 1.476 Thread 0x000001e7e9a3a890 Thread added: 0x000001e7e9a3a890
Event: 2.077 Thread 0x000001e7e9ba4dc0 Thread added: 0x000001e7e9ba4dc0
Event: 2.084 Thread 0x000001e7e9ba8110 Thread added: 0x000001e7e9ba8110
Event: 2.086 Thread 0x000001e7e9bab910 Thread added: 0x000001e7e9bab910
Event: 2.724 Thread 0x000001e7e9c20a00 Thread added: 0x000001e7e9c20a00
Event: 3.136 Thread 0x000001e7e9ba8110 Thread exited: 0x000001e7e9ba8110
Event: 5.124 Thread 0x000001e7ee8b6130 Thread added: 0x000001e7ee8b6130
Event: 5.664 Thread 0x000001e7eea4cd30 Thread added: 0x000001e7eea4cd30
Event: 5.689 Thread 0x000001e7eea50100 Thread added: 0x000001e7eea50100
Event: 5.868 Thread 0x000001e7ceaf7450 Thread exited: 0x000001e7ceaf7450
Event: 5.868 Thread 0x000001e7ceaf7450 Thread added: 0x000001e7ceaf7450
Event: 6.763 Thread 0x000001e7e9d252d0 Thread added: 0x000001e7e9d252d0
Event: 10.239 Thread 0x000001e7ee8b6130 Thread exited: 0x000001e7ee8b6130
Event: 25.166 Thread 0x000001e7ee9eaf70 Thread added: 0x000001e7ee9eaf70
Event: 25.268 Thread 0x000001e7eed5d6e0 Thread added: 0x000001e7eed5d6e0
Event: 25.883 Thread 0x000001e7efb80360 Thread added: 0x000001e7efb80360


Dynamic libraries:
0x00007ff6078b0000 - 0x00007ff6078c0000 	C:\Program Files\Java\jdk-21\bin\java.exe
0x00007ffb595f0000 - 0x00007ffb597e6000 	C:\WINDOWS\SYSTEM32\ntdll.dll
0x00007ffb587e0000 - 0x00007ffb5889d000 	C:\WINDOWS\System32\KERNEL32.DLL
0x00007ffb571b0000 - 0x00007ffb57478000 	C:\WINDOWS\System32\KERNELBASE.dll
0x00007ffb56dd0000 - 0x00007ffb56ed0000 	C:\WINDOWS\System32\ucrtbase.dll
0x00007ffb523c0000 - 0x00007ffb523db000 	C:\Program Files\Java\jdk-21\bin\VCRUNTIME140.dll
0x00007ffb4f890000 - 0x00007ffb4f8a9000 	C:\Program Files\Java\jdk-21\bin\jli.dll
0x00007ffb58b30000 - 0x00007ffb58bdc000 	C:\WINDOWS\System32\ADVAPI32.dll
0x00007ffb58940000 - 0x00007ffb589de000 	C:\WINDOWS\System32\msvcrt.dll
0x00007ffb588a0000 - 0x00007ffb5893b000 	C:\WINDOWS\System32\sechost.dll
0x00007ffb583c0000 - 0x00007ffb584e4000 	C:\WINDOWS\System32\RPCRT4.dll
0x00007ffb57ce0000 - 0x00007ffb57e80000 	C:\WINDOWS\System32\USER32.dll
0x00007ffb575f0000 - 0x00007ffb57612000 	C:\WINDOWS\System32\win32u.dll
0x00007ffb4c610000 - 0x00007ffb4c8ab000 	C:\WINDOWS\WinSxS\amd64_microsoft.windows.common-controls_6595b64144ccf1df_6.0.19041.488_none_ca04af081b815d21\COMCTL32.dll
0x00007ffb587b0000 - 0x00007ffb587da000 	C:\WINDOWS\System32\GDI32.dll
0x00007ffb574e0000 - 0x00007ffb575e9000 	C:\WINDOWS\System32\gdi32full.dll
0x00007ffb56d30000 - 0x00007ffb56dcd000 	C:\WINDOWS\System32\msvcp_win.dll
0x00007ffb50bb0000 - 0x00007ffb50bba000 	C:\WINDOWS\SYSTEM32\VERSION.dll
0x00007ffb582d0000 - 0x00007ffb58300000 	C:\WINDOWS\System32\IMM32.DLL
0x00007ffb52b10000 - 0x00007ffb52b1c000 	C:\Program Files\Java\jdk-21\bin\vcruntime140_1.dll
0x00007ffb3f580000 - 0x00007ffb3f60e000 	C:\Program Files\Java\jdk-21\bin\msvcp140.dll
0x00007ffb16000000 - 0x00007ffb16d17000 	C:\Program Files\Java\jdk-21\bin\server\jvm.dll
0x00007ffb585b0000 - 0x00007ffb5861b000 	C:\WINDOWS\System32\WS2_32.dll
0x00007ffb56b90000 - 0x00007ffb56bdb000 	C:\WINDOWS\SYSTEM32\POWRPROF.dll
0x00007ffb3c6f0000 - 0x00007ffb3c717000 	C:\WINDOWS\SYSTEM32\WINMM.dll
0x00007ffb56b70000 - 0x00007ffb56b82000 	C:\WINDOWS\SYSTEM32\UMPDC.dll
0x00007ffb54c80000 - 0x00007ffb54c92000 	C:\WINDOWS\SYSTEM32\kernel.appcore.dll
0x00007ffb52a80000 - 0x00007ffb52a8a000 	C:\Program Files\Java\jdk-21\bin\jimage.dll
0x00007ffb4c940000 - 0x00007ffb4cb24000 	C:\WINDOWS\SYSTEM32\DBGHELP.DLL
0x00007ffb4c910000 - 0x00007ffb4c93c000 	C:\WINDOWS\SYSTEM32\dbgcore.DLL
0x00007ffb56ed0000 - 0x00007ffb56f4f000 	C:\WINDOWS\System32\bcryptPrimitives.dll
0x00007ffb4fa50000 - 0x00007ffb4fa6f000 	C:\Program Files\Java\jdk-21\bin\java.dll
0x00007ffb58be0000 - 0x00007ffb59321000 	C:\WINDOWS\System32\SHELL32.dll
0x00007ffb54e80000 - 0x00007ffb55615000 	C:\WINDOWS\SYSTEM32\windows.storage.dll
0x00007ffb57f70000 - 0x00007ffb582c5000 	C:\WINDOWS\System32\combase.dll
0x00007ffb566d0000 - 0x00007ffb566fc000 	C:\WINDOWS\SYSTEM32\Wldp.dll
0x00007ffb58500000 - 0x00007ffb585ae000 	C:\WINDOWS\System32\SHCORE.dll
0x00007ffb58620000 - 0x00007ffb58675000 	C:\WINDOWS\System32\shlwapi.dll
0x00007ffb56c60000 - 0x00007ffb56c86000 	C:\WINDOWS\SYSTEM32\profapi.dll
0x00007ffb3f610000 - 0x00007ffb3f6e7000 	C:\Program Files\Java\jdk-21\bin\jsvml.dll
0x00007ffb52450000 - 0x00007ffb52460000 	C:\Program Files\Java\jdk-21\bin\net.dll
0x00007ffb517b0000 - 0x00007ffb518b0000 	C:\WINDOWS\SYSTEM32\WINHTTP.dll
0x00007ffb56450000 - 0x00007ffb564ba000 	C:\WINDOWS\system32\mswsock.dll
0x00007ffb4f940000 - 0x00007ffb4f956000 	C:\Program Files\Java\jdk-21\bin\nio.dll
0x00007ffb4f810000 - 0x00007ffb4f828000 	C:\Program Files\Java\jdk-21\bin\zip.dll
0x00007ffb2d920000 - 0x00007ffb2daaf000 	C:\Program Files\Java\jdk-21\bin\awt.dll
0x00007ffb59330000 - 0x00007ffb593fd000 	C:\WINDOWS\System32\OLEAUT32.dll
0x00007ffb546f0000 - 0x00007ffb54780000 	C:\WINDOWS\SYSTEM32\apphelp.dll
0x00007ffb54aa0000 - 0x00007ffb54acf000 	C:\WINDOWS\system32\DWMAPI.DLL
0x00007ffb547c0000 - 0x00007ffb5485e000 	C:\WINDOWS\system32\uxtheme.dll
0x00007ffb34b90000 - 0x00007ffb34cb5000 	C:\WINDOWS\system32\opengl32.dll
0x00007ffb350f0000 - 0x00007ffb3511c000 	C:\WINDOWS\SYSTEM32\GLU32.dll
0x00007ffb57ba0000 - 0x00007ffb57cb5000 	C:\WINDOWS\System32\MSCTF.dll
0x00007ffb58680000 - 0x00007ffb587aa000 	C:\WINDOWS\System32\ole32.dll
0x00007ffb56180000 - 0x00007ffb5624b000 	C:\WINDOWS\SYSTEM32\DNSAPI.dll
0x00007ffb56140000 - 0x00007ffb5617b000 	C:\WINDOWS\SYSTEM32\IPHLPAPI.DLL
0x00007ffb583b0000 - 0x00007ffb583b8000 	C:\WINDOWS\System32\NSI.dll
0x00007ffb4dcb0000 - 0x00007ffb4dcba000 	C:\Windows\System32\rasadhlp.dll
0x00007ffb4e3d0000 - 0x00007ffb4e44f000 	C:\WINDOWS\System32\fwpuclnt.dll
0x00007ffb57620000 - 0x00007ffb57647000 	C:\WINDOWS\System32\bcrypt.dll
0x00007ffb51b90000 - 0x00007ffb51b99000 	C:\Program Files\Java\jdk-21\bin\extnet.dll
0x00007ffb4f860000 - 0x00007ffb4f88e000 	C:\Program Files\Java\jdk-21\bin\javajpeg.dll
0x00007ffb2d1b0000 - 0x00007ffb2d237000 	C:\Program Files\Java\jdk-21\bin\freetype.dll
0x00007ffb2cde0000 - 0x00007ffb2cec2000 	C:\Program Files\Java\jdk-21\bin\fontmanager.dll
0x00007ffb58300000 - 0x00007ffb583a9000 	C:\WINDOWS\System32\clbcatq.dll
0x00007ffb48640000 - 0x00007ffb487f4000 	C:\WINDOWS\SYSTEM32\WindowsCodecs.dll
0x00007ffb371a0000 - 0x00007ffb371de000 	C:\WINDOWS\system32\dataexchange.dll
0x00007ffb53690000 - 0x00007ffb538f4000 	C:\WINDOWS\system32\d3d11.dll
0x00007ffb53950000 - 0x00007ffb53b35000 	C:\WINDOWS\system32\dcomp.dll
0x00007ffb55680000 - 0x00007ffb55773000 	C:\WINDOWS\system32\dxgi.dll
0x00007ffb510f0000 - 0x00007ffb512f8000 	C:\WINDOWS\system32\twinapi.appcore.dll
0x00007ffb4b510000 - 0x00007ffb4b60c000 	C:\WINDOWS\SYSTEM32\textinputframework.dll
0x00007ffb54150000 - 0x00007ffb544ae000 	C:\WINDOWS\System32\CoreUIComponents.dll
0x00007ffb544b0000 - 0x00007ffb545a2000 	C:\WINDOWS\System32\CoreMessaging.dll
0x00007ffb55a70000 - 0x00007ffb55aa3000 	C:\WINDOWS\SYSTEM32\ntmarta.dll
0x00007ffb53ff0000 - 0x00007ffb54146000 	C:\WINDOWS\SYSTEM32\wintypes.dll
0x00007ffb51bb0000 - 0x00007ffb51bc0000 	C:\Program Files\Java\jdk-21\bin\verify.dll

dbghelp: loaded successfully - version: 4.0.5 - missing functions: none
symbol engine: initialized successfully - sym options: 0x614 - pdb path: .;C:\Program Files\Java\jdk-21\bin;C:\WINDOWS\SYSTEM32;C:\WINDOWS\WinSxS\amd64_microsoft.windows.common-controls_6595b64144ccf1df_6.0.19041.488_none_ca04af081b815d21;C:\Program Files\Java\jdk-21\bin\server

VM Arguments:
jvm_args: -Dfile.encoding=UTF-8 --module-path=D:\NETBEANS\JAVA\QLTiemTraSua\build\classes 
java_command: GUI.Login
java_class_path (initial): C:\Users\Admin\Downloads\mysql-connector-j-8.3.0\mysql-connector-j-8.3.0.jar;C:\Users\Admin\Downloads\jcommon-1.0.23.jar;C:\Users\Admin\Downloads\jfreechart-1.0.19.jar;C:\Users\Admin\Downloads\jcalendar-1.4.jar;D:\NETBEANS\JAVA\QLTiemTraSua\build\classes
Launcher Type: SUN_STANDARD

[Global flags]
     intx CICompilerCount                          = 3                                         {product} {ergonomic}
     uint ConcGCThreads                            = 1                                         {product} {ergonomic}
     uint G1ConcRefinementThreads                  = 4                                         {product} {ergonomic}
   size_t G1HeapRegionSize                         = 1048576                                   {product} {ergonomic}
    uintx GCDrainStackTargetSize                   = 64                                        {product} {ergonomic}
   size_t InitialHeapSize                          = 67108864                                  {product} {ergonomic}
   size_t MarkStackSize                            = 4194304                                   {product} {ergonomic}
   size_t MaxHeapSize                              = 1042284544                                {product} {ergonomic}
   size_t MaxNewSize                               = 624951296                                 {product} {ergonomic}
   size_t MinHeapDeltaBytes                        = 1048576                                   {product} {ergonomic}
   size_t MinHeapSize                              = 8388608                                   {product} {ergonomic}
    uintx NonNMethodCodeHeapSize                   = 5832780                                {pd product} {ergonomic}
    uintx NonProfiledCodeHeapSize                  = 122912730                              {pd product} {ergonomic}
    uintx ProfiledCodeHeapSize                     = 122912730                              {pd product} {ergonomic}
    uintx ReservedCodeCacheSize                    = 251658240                              {pd product} {ergonomic}
     bool SegmentedCodeCache                       = true                                      {product} {ergonomic}
   size_t SoftMaxHeapSize                          = 1042284544                             {manageable} {ergonomic}
     bool UseCompressedOops                        = true                           {product lp64_product} {ergonomic}
     bool UseG1GC                                  = true                                      {product} {ergonomic}
     bool UseLargePagesIndividualAllocation        = false                                  {pd product} {ergonomic}

Logging:
Log output configuration:
 #0: stdout all=warning uptime,level,tags foldmultilines=false
 #1: stderr all=off uptime,level,tags foldmultilines=false

Environment Variables:
PATH=C:\Program Files\Common Files\Oracle\Java\javapath;C:\Program Files\Python\Scripts\;C:\Program Files\Python\;C:\Program Files (x86)\Common Files\Oracle\Java\javapath;C:\WINDOWS\system32;C:\WINDOWS;C:\WINDOWS\System32\Wbem;C:\WINDOWS\System32\WindowsPowerShell\v1.0\;C:\WINDOWS\System32\OpenSSH\;C:\MinGW\bin;C:\Program Files (x86)\Microsoft SQL Server\160\Tools\Binn\;C:\Program Files\Microsoft SQL Server\160\Tools\Binn\;C:\Program Files\Microsoft SQL Server\Client SDK\ODBC\170\Tools\Binn\;C:\Program Files\Microsoft SQL Server\160\DTS\Binn\;C:\Program Files\Azure Data Studio\bin;C:\Program Files (x86)\Microsoft SQL Server\160\DTS\Binn\;C:\Program Files\Git\cmd;C:\Users\Admin\AppData\Local\Microsoft\WindowsApps;;C:\Program Files\Azure Data Studio\bin;C:\Users\Admin\AppData\Local\Programs\Microsoft VS Code\bin
USERNAME=Admin
OS=Windows_NT
PROCESSOR_IDENTIFIER=Intel64 Family 6 Model 142 Stepping 10, GenuineIntel
TMP=C:\Users\Admin\AppData\Local\Temp
TEMP=C:\Users\Admin\AppData\Local\Temp




Periodic native trim disabled

---------------  S Y S T E M  ---------------

OS:
 Windows 10 , 64 bit Build 19041 (10.0.19041.546)
OS uptime: 1 days 10:59 hours

CPU: total 4 (initial active 4) (2 cores per cpu, 2 threads per core) family 6 model 142 stepping 10 microcode 0xb4, cx8, cmov, fxsr, ht, mmx, 3dnowpref, sse, sse2, sse3, ssse3, sse4.1, sse4.2, popcnt, lzcnt, tsc, tscinvbit, avx, avx2, aes, erms, clmul, bmi1, bmi2, adx, fma, vzeroupper, clflush, clflushopt, rdtscp, f16c
Processor Information for all 4 processors :
  Max Mhz: 2208, Current Mhz: 2208, Mhz Limit: 2208

Memory: 4k page, system-wide physical 3973M (483M free)
TotalPageFile size 14303M (AvailPageFile size 1M)
current process WorkingSet (physical memory assigned to process): 116M, peak: 116M
current process commit charge ("private bytes"): 180M, peak: 180M

vm_info: Java HotSpot(TM) 64-Bit Server VM (21.0.2+13-LTS-58) for windows-amd64 JRE (21.0.2+13-LTS-58), built on 2024-01-05T18:32:24Z by "mach5one" with MS VC++ 17.1 (VS2022)

END.
