#
# There is insufficient memory for the Java Runtime Environment to continue.
# Native memory allocation (mmap) failed to map 67108864 bytes for G1 virtual space
# Possible reasons:
#   The system is out of physical RAM or swap space
#   The process is running with CompressedOops enabled, and the Java Heap may be blocking the growth of the native heap
# Possible solutions:
#   Reduce memory load on the system
#   Increase physical memory or swap space
#   Check if swap backing store is full
#   Decrease Java heap size (-Xmx/-Xms)
#   Decrease number of Java threads
#   Decrease Java thread stack sizes (-Xss)
#   Set larger code cache with -XX:ReservedCodeCacheSize=
#   JVM is running with Unscaled Compressed Oops mode in which the Java heap is
#     placed in the first 4GB address space. The Java Heap base address is the
#     maximum limit for the native heap growth. Please use -XX:HeapBaseMinAddress
#     to set the Java Heap base and to place the Java Heap above 4GB virtual address.
# This output file may be truncated or incomplete.
#
#  Out of Memory Error (os_windows.cpp:3600), pid=16588, tid=16644
#
# JRE version:  (21.0.2+13) (build )
# Java VM: Java HotSpot(TM) 64-Bit Server VM (21.0.2+13-LTS-58, mixed mode, sharing, tiered, compressed oops, compressed class ptrs, g1 gc, windows-amd64)
# No core dump will be written. Minidumps are not enabled by default on client versions of Windows
#

---------------  S U M M A R Y ------------

Command Line: -Dfile.encoding=UTF-8 --module-path=D:\NETBEANS\JAVA\QLTiemTraSua\build\classes GUI.Login

Host: Intel(R) Core(TM) i3-8130U CPU @ 2.20GHz, 4 cores, 3G,  Windows 10 , 64 bit Build 19041 (10.0.19041.546)
Time: Thu Apr 25 05:33:21 2024 SE Asia Standard Time elapsed time: 0.043106 seconds (0d 0h 0m 0s)

---------------  T H R E A D  ---------------

Current thread (0x0000010c61d6a740):  JavaThread "Unknown thread" [_thread_in_vm, id=16644, stack(0x0000000ae2f00000,0x0000000ae3000000) (1024K)]

Stack: [0x0000000ae2f00000,0x0000000ae3000000]
Native frames: (J=compiled Java code, j=interpreted, Vv=VM code, C=native code)
V  [jvm.dll+0x6cade9]
V  [jvm.dll+0x8569c1]
V  [jvm.dll+0x858d2e]
V  [jvm.dll+0x859413]
V  [jvm.dll+0x280e56]
V  [jvm.dll+0x6c74d5]
V  [jvm.dll+0x6bbeca]
V  [jvm.dll+0x355bca]
V  [jvm.dll+0x35d816]
V  [jvm.dll+0x3ae67e]
V  [jvm.dll+0x3ae928]
V  [jvm.dll+0x3295dc]
V  [jvm.dll+0x32a16b]
V  [jvm.dll+0x81efa9]
V  [jvm.dll+0x3bba01]
V  [jvm.dll+0x807928]
V  [jvm.dll+0x44f50e]
V  [jvm.dll+0x450e11]
C  [jli.dll+0x52a3]
C  [ucrtbase.dll+0x214c2]
C  [KERNEL32.DLL+0x17034]
C  [ntdll.dll+0x4cec1]


---------------  P R O C E S S  ---------------

Threads class SMR info:
_java_thread_list=0x00007ffb1242bb88, length=0, elements={
}

Java Threads: ( => current thread )
Total: 0

Other Threads:
  0x0000010c61f66fe0 WorkerThread "GC Thread#0"                     [id=16648, stack(0x0000000ae3000000,0x0000000ae3100000) (1024K)]
  0x0000010c61f6fc00 ConcurrentGCThread "G1 Main Marker"            [id=16652, stack(0x0000000ae3100000,0x0000000ae3200000) (1024K)]
  0x0000010c61f70710 WorkerThread "G1 Conc#0"                       [id=16656, stack(0x0000000ae3200000,0x0000000ae3300000) (1024K)]

[error occurred during error reporting (printing all threads), id 0xc0000005, EXCEPTION_ACCESS_VIOLATION (0xc0000005) at pc=0x00007ffb11b9c6a7]
VM state: not at safepoint (not fully initialized)

VM Mutex/Monitor currently owned by a thread:  ([mutex/lock_event])
[0x00007ffb1249ce68] Heap_lock - owner thread: 0x0000010c61d6a740

Heap address: 0x00000000c1e00000, size: 994 MB, Compressed Oops mode: 32-bit

CDS archive(s) mapped at: [0x0000000000000000-0x0000000000000000-0x0000000000000000), size 0, SharedBaseAddress: 0x0000000800000000, ArchiveRelocationMode: 1.
Narrow klass base: 0x0000000000000000, Narrow klass shift: 0, Narrow klass range: 0x0

GC Precious Log:
 CardTable entry size: 512
 Card Set container configuration: InlinePtr #cards 5 size 8 Array Of Cards #cards 12 size 40 Howl #buckets 4 coarsen threshold 1843 Howl Bitmap #cards 512 size 80 coarsen threshold 460 Card regions per heap region 1 cards per card region 2048

Heap:
 garbage-first heap   total 0K, used 0K [0x00000000c1e00000, 0x0000000100000000)
  region size 1024K, 0 young (0K), 0 survivors (0K)

[error occurred during error reporting (printing heap information), id 0xc0000005, EXCEPTION_ACCESS_VIOLATION (0xc0000005) at pc=0x00007ffb11f839f9]
GC Heap History (0 events):
No events

Dll operation events (1 events):
Event: 0.020 Loaded shared library C:\Program Files\Java\jdk-21\bin\java.dll

Deoptimization events (0 events):
No events

Classes loaded (0 events):
No events

Classes unloaded (0 events):
No events

Classes redefined (0 events):
No events

Internal exceptions (0 events):
No events

ZGC Phase Switch (0 events):
No events

VM Operations (0 events):
No events

Events (0 events):
No events


Dynamic libraries:
0x00007ff703440000 - 0x00007ff703450000 	C:\Program Files\Java\jdk-21\bin\java.exe
0x00007ffb5ddb0000 - 0x00007ffb5dfa6000 	C:\WINDOWS\SYSTEM32\ntdll.dll
0x00007ffb5d630000 - 0x00007ffb5d6ed000 	C:\WINDOWS\System32\KERNEL32.DLL
0x00007ffb5b7c0000 - 0x00007ffb5ba88000 	C:\WINDOWS\System32\KERNELBASE.dll
0x00007ffb5bae0000 - 0x00007ffb5bbe0000 	C:\WINDOWS\System32\ucrtbase.dll
0x00007ffb56710000 - 0x00007ffb5672b000 	C:\Program Files\Java\jdk-21\bin\VCRUNTIME140.dll
0x00007ffb572c0000 - 0x00007ffb572d9000 	C:\Program Files\Java\jdk-21\bin\jli.dll
0x00007ffb5c620000 - 0x00007ffb5c6cc000 	C:\WINDOWS\System32\ADVAPI32.dll
0x00007ffb5d860000 - 0x00007ffb5d8fe000 	C:\WINDOWS\System32\msvcrt.dll
0x00007ffb5c940000 - 0x00007ffb5c9db000 	C:\WINDOWS\System32\sechost.dll
0x00007ffb5d350000 - 0x00007ffb5d474000 	C:\WINDOWS\System32\RPCRT4.dll
0x00007ffb5cc00000 - 0x00007ffb5cda0000 	C:\WINDOWS\System32\USER32.dll
0x00007ffb5b660000 - 0x00007ffb5b682000 	C:\WINDOWS\System32\win32u.dll
0x00007ffb5d6f0000 - 0x00007ffb5d71a000 	C:\WINDOWS\System32\GDI32.dll
0x00007ffb5b4f0000 - 0x00007ffb5b5f9000 	C:\WINDOWS\System32\gdi32full.dll
0x00007ffb5bd40000 - 0x00007ffb5bddd000 	C:\WINDOWS\System32\msvcp_win.dll
0x00007ffb4d160000 - 0x00007ffb4d3fb000 	C:\WINDOWS\WinSxS\amd64_microsoft.windows.common-controls_6595b64144ccf1df_6.0.19041.488_none_ca04af081b815d21\COMCTL32.dll
0x00007ffb55330000 - 0x00007ffb5533a000 	C:\WINDOWS\SYSTEM32\VERSION.dll
0x00007ffb5be10000 - 0x00007ffb5be40000 	C:\WINDOWS\System32\IMM32.DLL
0x00007ffb57290000 - 0x00007ffb5729c000 	C:\Program Files\Java\jdk-21\bin\vcruntime140_1.dll
0x00007ffb2b5d0000 - 0x00007ffb2b65e000 	C:\Program Files\Java\jdk-21\bin\msvcp140.dll
0x00007ffb11860000 - 0x00007ffb12577000 	C:\Program Files\Java\jdk-21\bin\server\jvm.dll
0x00007ffb5d720000 - 0x00007ffb5d78b000 	C:\WINDOWS\System32\WS2_32.dll
0x00007ffb5b350000 - 0x00007ffb5b39b000 	C:\WINDOWS\SYSTEM32\POWRPROF.dll
0x00007ffb40f40000 - 0x00007ffb40f67000 	C:\WINDOWS\SYSTEM32\WINMM.dll
0x00007ffb5b330000 - 0x00007ffb5b342000 	C:\WINDOWS\SYSTEM32\UMPDC.dll
0x00007ffb59440000 - 0x00007ffb59452000 	C:\WINDOWS\SYSTEM32\kernel.appcore.dll
0x00007ffb539a0000 - 0x00007ffb539aa000 	C:\Program Files\Java\jdk-21\bin\jimage.dll
0x00007ffb4e3d0000 - 0x00007ffb4e5b4000 	C:\WINDOWS\SYSTEM32\DBGHELP.DLL
0x00007ffb4d900000 - 0x00007ffb4d92c000 	C:\WINDOWS\SYSTEM32\dbgcore.DLL
0x00007ffb5b690000 - 0x00007ffb5b70f000 	C:\WINDOWS\System32\bcryptPrimitives.dll
0x00007ffb53750000 - 0x00007ffb5376f000 	C:\Program Files\Java\jdk-21\bin\java.dll

dbghelp: loaded successfully - version: 4.0.5 - missing functions: none
symbol engine: initialized successfully - sym options: 0x614 - pdb path: .;C:\Program Files\Java\jdk-21\bin;C:\WINDOWS\SYSTEM32;C:\WINDOWS\WinSxS\amd64_microsoft.windows.common-controls_6595b64144ccf1df_6.0.19041.488_none_ca04af081b815d21;C:\Program Files\Java\jdk-21\bin\server

VM Arguments:
jvm_args: -Dfile.encoding=UTF-8 --module-path=D:\NETBEANS\JAVA\QLTiemTraSua\build\classes 
java_command: GUI.Login
java_class_path (initial): C:\Users\Admin\Downloads\mysql-connector-j-8.3.0\mysql-connector-j-8.3.0.jar;D:\NETBEANS\JAVA\QLTiemTraSua\build\classes
Launcher Type: SUN_STANDARD

[Global flags]
     intx CICompilerCount                          = 3                                         {product} {ergonomic}
     uint ConcGCThreads                            = 1                                         {product} {ergonomic}
     uint G1ConcRefinementThreads                  = 4                                         {product} {ergonomic}
   size_t G1HeapRegionSize                         = 1048576                                   {product} {ergonomic}
    uintx GCDrainStackTargetSize                   = 64                                        {product} {ergonomic}
   size_t InitialHeapSize                          = 67108864                                  {product} {ergonomic}
   size_t MarkStackSize                            = 4194304                                   {product} {ergonomic}
   size_t MaxHeapSize                              = 1042284544                                {product} {ergonomic}
   size_t MinHeapDeltaBytes                        = 1048576                                   {product} {ergonomic}
   size_t MinHeapSize                              = 8388608                                   {product} {ergonomic}
    uintx NonNMethodCodeHeapSize                   = 5832780                                {pd product} {ergonomic}
    uintx NonProfiledCodeHeapSize                  = 122912730                              {pd product} {ergonomic}
    uintx ProfiledCodeHeapSize                     = 122912730                              {pd product} {ergonomic}
    uintx ReservedCodeCacheSize                    = 251658240                              {pd product} {ergonomic}
     bool SegmentedCodeCache                       = true                                      {product} {ergonomic}
   size_t SoftMaxHeapSize                          = 1042284544                             {manageable} {ergonomic}
     bool UseCompressedOops                        = true                           {product lp64_product} {ergonomic}
     bool UseG1GC                                  = true                                      {product} {ergonomic}
     bool UseLargePagesIndividualAllocation        = false                                  {pd product} {ergonomic}

Logging:
Log output configuration:
 #0: stdout all=warning uptime,level,tags foldmultilines=false
 #1: stderr all=off uptime,level,tags foldmultilines=false

Environment Variables:
PATH=C:\Program Files\Common Files\Oracle\Java\javapath;C:\Program Files\Python\Scripts\;C:\Program Files\Python\;C:\Program Files\Eclipse Adoptium\jdk-21.0.1.12-hotspot\bin;C:\Program Files (x86)\Common Files\Oracle\Java\javapath;C:\WINDOWS\system32;C:\WINDOWS;C:\WINDOWS\System32\Wbem;C:\WINDOWS\System32\WindowsPowerShell\v1.0\;C:\WINDOWS\System32\OpenSSH\;C:\MinGW\bin;C:\Program Files (x86)\Microsoft SQL Server\160\Tools\Binn\;C:\Program Files\Microsoft SQL Server\160\Tools\Binn\;C:\Program Files\Microsoft SQL Server\Client SDK\ODBC\170\Tools\Binn\;C:\Program Files\Microsoft SQL Server\160\DTS\Binn\;C:\Program Files\Azure Data Studio\bin;C:\Program Files (x86)\Microsoft SQL Server\160\DTS\Binn\;C:\Users\Admin\AppData\Local\Microsoft\WindowsApps;;C:\Program Files\Azure Data Studio\bin
USERNAME=Admin
OS=Windows_NT
PROCESSOR_IDENTIFIER=Intel64 Family 6 Model 142 Stepping 10, GenuineIntel
TMP=C:\Users\Admin\AppData\Local\Temp
TEMP=C:\Users\Admin\AppData\Local\Temp




Periodic native trim disabled

---------------  S Y S T E M  ---------------

OS:
 Windows 10 , 64 bit Build 19041 (10.0.19041.546)
OS uptime: 1 days 18:46 hours

CPU: total 4 (initial active 4) (2 cores per cpu, 2 threads per core) family 6 model 142 stepping 10 microcode 0xb4, cx8, cmov, fxsr, ht, mmx, 3dnowpref, sse, sse2, sse3, ssse3, sse4.1, sse4.2, popcnt, lzcnt, tsc, tscinvbit, avx, avx2, aes, erms, clmul, bmi1, bmi2, adx, fma, vzeroupper, clflush, clflushopt, rdtscp, f16c
Processor Information for all 4 processors :
  Max Mhz: 2208, Current Mhz: 2208, Mhz Limit: 2208

Memory: 4k page, system-wide physical 3973M (184M free)
TotalPageFile size 14303M (AvailPageFile size 26M)
current process WorkingSet (physical memory assigned to process): 10M, peak: 10M
current process commit charge ("private bytes"): 51M, peak: 115M

vm_info: Java HotSpot(TM) 64-Bit Server VM (21.0.2+13-LTS-58) for windows-amd64 JRE (21.0.2+13-LTS-58), built on 2024-01-05T18:32:24Z by "mach5one" with MS VC++ 17.1 (VS2022)

END.
