#
# There is insufficient memory for the Java Runtime Environment to continue.
# Native memory allocation (malloc) failed to allocate 32784 bytes for Chunk::new
# Possible reasons:
#   The system is out of physical RAM or swap space
#   The process is running with CompressedOops enabled, and the Java Heap may be blocking the growth of the native heap
# Possible solutions:
#   Reduce memory load on the system
#   Increase physical memory or swap space
#   Check if swap backing store is full
#   Decrease Java heap size (-Xmx/-Xms)
#   Decrease number of Java threads
#   Decrease Java thread stack sizes (-Xss)
#   Set larger code cache with -XX:ReservedCodeCacheSize=
#   JVM is running with Unscaled Compressed Oops mode in which the Java heap is
#     placed in the first 4GB address space. The Java Heap base address is the
#     maximum limit for the native heap growth. Please use -XX:HeapBaseMinAddress
#     to set the Java Heap base and to place the Java Heap above 4GB virtual address.
# This output file may be truncated or incomplete.
#
#  Out of Memory Error (arena.cpp:168), pid=16052, tid=15868
#
# JRE version: Java(TM) SE Runtime Environment (21.0.2+13) (build 21.0.2+13-LTS-58)
# Java VM: Java HotSpot(TM) 64-Bit Server VM (21.0.2+13-LTS-58, mixed mode, sharing, tiered, compressed oops, compressed class ptrs, g1 gc, windows-amd64)
# No core dump will be written. Minidumps are not enabled by default on client versions of Windows
#

---------------  S U M M A R Y ------------

Command Line: -Dfile.encoding=UTF-8 --module-path=D:\NETBEANS\JAVA\QLTiemTraSua\build\classes GUI.Login

Host: Intel(R) Core(TM) i3-8130U CPU @ 2.20GHz, 4 cores, 3G,  Windows 10 , 64 bit Build 19041 (10.0.19041.546)
Time: Tue Apr 23 04:37:16 2024 SE Asia Standard Time elapsed time: 12.099382 seconds (0d 0h 0m 12s)

---------------  T H R E A D  ---------------

Current thread (0x0000019e787f0e40):  JavaThread "C2 CompilerThread0" daemon [_thread_in_native, id=15868, stack(0x0000009cfa700000,0x0000009cfa800000) (1024K)]


Current CompileTask:
C2:  12099 2114   !   4       sun.awt.PostEventQueue::flush (168 bytes)

Stack: [0x0000009cfa700000,0x0000009cfa800000]
Native frames: (J=compiled Java code, j=interpreted, Vv=VM code, C=native code)
V  [jvm.dll+0x6cade9]
V  [jvm.dll+0x8569c1]
V  [jvm.dll+0x858d2e]
V  [jvm.dll+0x859413]
V  [jvm.dll+0x280e56]
V  [jvm.dll+0xc3f3d]
V  [jvm.dll+0xc4473]
V  [jvm.dll+0xc4065]
V  [jvm.dll+0x6a7a5c]
V  [jvm.dll+0xd0e16]
V  [jvm.dll+0x38ed0f]
V  [jvm.dll+0x391551]
V  [jvm.dll+0x39ab1b]
V  [jvm.dll+0x1cdde5]
V  [jvm.dll+0x6e4e8b]
V  [jvm.dll+0x6dd596]
V  [jvm.dll+0x6dca2e]
V  [jvm.dll+0x6dac4c]
V  [jvm.dll+0x1cc90c]
V  [jvm.dll+0x1cd48a]
V  [jvm.dll+0x2f358f]
V  [jvm.dll+0x6e52e4]
V  [jvm.dll+0x6dd596]
V  [jvm.dll+0x6dca2e]
V  [jvm.dll+0x6dac4c]
V  [jvm.dll+0x1cc90c]
V  [jvm.dll+0x2f358f]
V  [jvm.dll+0x6e52e4]
V  [jvm.dll+0x6dd596]
V  [jvm.dll+0x6dca2e]
V  [jvm.dll+0x6dac4c]
V  [jvm.dll+0x1cc90c]
V  [jvm.dll+0x1cd48a]
V  [jvm.dll+0x2f358f]
V  [jvm.dll+0x6e52e4]
V  [jvm.dll+0x6dd596]
V  [jvm.dll+0x6dca2e]
V  [jvm.dll+0x6dac4c]
V  [jvm.dll+0x1cc90c]
V  [jvm.dll+0x248d3d]
V  [jvm.dll+0x1c9634]
V  [jvm.dll+0x258859]
V  [jvm.dll+0x256e3a]
V  [jvm.dll+0x3ef6c6]
V  [jvm.dll+0x7ff568]
V  [jvm.dll+0x6c953d]
C  [ucrtbase.dll+0x214c2]
C  [KERNEL32.DLL+0x17034]
C  [ntdll.dll+0x4cec1]


---------------  P R O C E S S  ---------------

Threads class SMR info:
_java_thread_list=0x0000019e7d646c80, length=17, elements={
0x0000019e6cc692e0, 0x0000019e6cc6a3b0, 0x0000019e6cc6e140, 0x0000019e787edfd0,
0x0000019e787ef650, 0x0000019e787f00b0, 0x0000019e787f0e40, 0x0000019e787f5910,
0x0000019e78a103a0, 0x0000019e78ab4160, 0x0000019e78c3a400, 0x0000019e78c4f010,
0x0000019e78c52360, 0x0000019e78cabc50, 0x0000019e7d889410, 0x0000019e6cb91860,
0x0000019e7d98d010
}

Java Threads: ( => current thread )
  0x0000019e6cc692e0 JavaThread "Reference Handler"          daemon [_thread_blocked, id=15500, stack(0x0000009cfa100000,0x0000009cfa200000) (1024K)]
  0x0000019e6cc6a3b0 JavaThread "Finalizer"                  daemon [_thread_blocked, id=12780, stack(0x0000009cfa200000,0x0000009cfa300000) (1024K)]
  0x0000019e6cc6e140 JavaThread "Signal Dispatcher"          daemon [_thread_blocked, id=15712, stack(0x0000009cfa300000,0x0000009cfa400000) (1024K)]
  0x0000019e787edfd0 JavaThread "Attach Listener"            daemon [_thread_blocked, id=15696, stack(0x0000009cfa400000,0x0000009cfa500000) (1024K)]
  0x0000019e787ef650 JavaThread "Service Thread"             daemon [_thread_blocked, id=8760, stack(0x0000009cfa500000,0x0000009cfa600000) (1024K)]
  0x0000019e787f00b0 JavaThread "Monitor Deflation Thread"   daemon [_thread_blocked, id=13944, stack(0x0000009cfa600000,0x0000009cfa700000) (1024K)]
=>0x0000019e787f0e40 JavaThread "C2 CompilerThread0"         daemon [_thread_in_native, id=15868, stack(0x0000009cfa700000,0x0000009cfa800000) (1024K)]
  0x0000019e787f5910 JavaThread "C1 CompilerThread0"         daemon [_thread_blocked, id=15492, stack(0x0000009cfa800000,0x0000009cfa900000) (1024K)]
  0x0000019e78a103a0 JavaThread "Common-Cleaner"             daemon [_thread_blocked, id=15552, stack(0x0000009cfa900000,0x0000009cfaa00000) (1024K)]
  0x0000019e78ab4160 JavaThread "Notification Thread"        daemon [_thread_blocked, id=10324, stack(0x0000009cfaa00000,0x0000009cfab00000) (1024K)]
  0x0000019e78c3a400 JavaThread "Java2D Disposer"            daemon [_thread_blocked, id=16096, stack(0x0000009cfab00000,0x0000009cfac00000) (1024K)]
  0x0000019e78c4f010 JavaThread "AWT-Shutdown"                      [_thread_blocked, id=15016, stack(0x0000009cfac00000,0x0000009cfad00000) (1024K)]
  0x0000019e78c52360 JavaThread "AWT-Windows"                daemon [_thread_in_native, id=15624, stack(0x0000009cfad00000,0x0000009cfae00000) (1024K)]
  0x0000019e78cabc50 JavaThread "mysql-cj-abandoned-connection-cleanup" daemon [_thread_blocked, id=13472, stack(0x0000009cfae00000,0x0000009cfaf00000) (1024K)]
  0x0000019e7d889410 JavaThread "AWT-EventQueue-0"                  [_thread_blocked, id=14596, stack(0x0000009cfb300000,0x0000009cfb400000) (1024K)]
  0x0000019e6cb91860 JavaThread "DestroyJavaVM"                     [_thread_blocked, id=14600, stack(0x0000009cf9900000,0x0000009cf9a00000) (1024K)]
  0x0000019e7d98d010 JavaThread "TimerQueue"                 daemon [_thread_blocked, id=15508, stack(0x0000009cfb700000,0x0000009cfb800000) (1024K)]
Total: 17

Other Threads:
  0x0000019e6cc4a060 VMThread "VM Thread"                           [id=1908, stack(0x0000009cfa000000,0x0000009cfa100000) (1024K)]
  0x0000019e6cc35200 WatcherThread "VM Periodic Task Thread"        [id=8288, stack(0x0000009cf9f00000,0x0000009cfa000000) (1024K)]
  0x0000019e6cbc6db0 WorkerThread "GC Thread#0"                     [id=15704, stack(0x0000009cf9a00000,0x0000009cf9b00000) (1024K)]
  0x0000019e7d7f11f0 WorkerThread "GC Thread#1"                     [id=15820, stack(0x0000009cfaf00000,0x0000009cfb000000) (1024K)]
  0x0000019e7d548b40 WorkerThread "GC Thread#2"                     [id=15912, stack(0x0000009cfb000000,0x0000009cfb100000) (1024K)]
  0x0000019e7d548ee0 WorkerThread "GC Thread#3"                     [id=13768, stack(0x0000009cfb100000,0x0000009cfb200000) (1024K)]
  0x0000019e6cbd0aa0 ConcurrentGCThread "G1 Main Marker"            [id=13592, stack(0x0000009cf9b00000,0x0000009cf9c00000) (1024K)]
  0x0000019e6cbd2460 WorkerThread "G1 Conc#0"                       [id=15816, stack(0x0000009cf9c00000,0x0000009cf9d00000) (1024K)]
  0x0000019e6cc25980 ConcurrentGCThread "G1 Refine#0"               [id=15884, stack(0x0000009cf9d00000,0x0000009cf9e00000) (1024K)]
  0x0000019e6cc26400 ConcurrentGCThread "G1 Service"                [id=15660, stack(0x0000009cf9e00000,0x0000009cf9f00000) (1024K)]
Total: 10

Threads with active compile tasks:
C2 CompilerThread0    12201 2114   !   4       sun.awt.PostEventQueue::flush (168 bytes)
Total: 1

VM state: not at safepoint (normal execution)

VM Mutex/Monitor currently owned by a thread: None

Heap address: 0x00000000c1e00000, size: 994 MB, Compressed Oops mode: 32-bit

CDS archive(s) mapped at: [0x0000019e0f000000-0x0000019e0fc90000-0x0000019e0fc90000), size 13172736, SharedBaseAddress: 0x0000019e0f000000, ArchiveRelocationMode: 1.
Compressed class space mapped at: 0x0000019e10000000-0x0000019e50000000, reserved size: 1073741824
Narrow klass base: 0x0000019e0f000000, Narrow klass shift: 0, Narrow klass range: 0x100000000

GC Precious Log:
 CardTable entry size: 512
 Card Set container configuration: InlinePtr #cards 5 size 8 Array Of Cards #cards 12 size 40 Howl #buckets 4 coarsen threshold 1843 Howl Bitmap #cards 512 size 80 coarsen threshold 460 Card regions per heap region 1 cards per card region 2048
 CPUs: 4 total, 4 available
 Memory: 3973M
 Large Page Support: Disabled
 NUMA Support: Disabled
 Compressed Oops: Enabled (32-bit)
 Heap Region Size: 1M
 Heap Min Capacity: 8M
 Heap Initial Capacity: 64M
 Heap Max Capacity: 994M
 Pre-touch: Disabled
 Parallel Workers: 4
 Concurrent Workers: 1
 Concurrent Refinement Workers: 4
 Periodic GC: Disabled

Heap:
 garbage-first heap   total 65536K, used 19389K [0x00000000c1e00000, 0x0000000100000000)
  region size 1024K, 12 young (12288K), 2 survivors (2048K)
 Metaspace       used 15011K, committed 15232K, reserved 1114112K
  class space    used 1662K, committed 1728K, reserved 1048576K

Heap Regions: E=young(eden), S=young(survivor), O=old, HS=humongous(starts), HC=humongous(continues), CS=collection set, F=free, TAMS=top-at-mark-start, PB=parsable bottom
|   0|0x00000000c1e00000, 0x00000000c1eef4d0, 0x00000000c1f00000| 93%| O|  |TAMS 0x00000000c1e00000| PB 0x00000000c1e00000| Untracked 
|   1|0x00000000c1f00000, 0x00000000c2000000, 0x00000000c2000000|100%|HS|  |TAMS 0x00000000c1f00000| PB 0x00000000c1f00000| Complete 
|   2|0x00000000c2000000, 0x00000000c2100000, 0x00000000c2100000|100%|HC|  |TAMS 0x00000000c2000000| PB 0x00000000c2000000| Complete 
|   3|0x00000000c2100000, 0x00000000c2200000, 0x00000000c2200000|100%|HS|  |TAMS 0x00000000c2100000| PB 0x00000000c2100000| Complete 
|   4|0x00000000c2200000, 0x00000000c2300000, 0x00000000c2300000|100%|HS|  |TAMS 0x00000000c2200000| PB 0x00000000c2200000| Complete 
|   5|0x00000000c2300000, 0x00000000c2400000, 0x00000000c2400000|100%|HC|  |TAMS 0x00000000c2300000| PB 0x00000000c2300000| Complete 
|   6|0x00000000c2400000, 0x00000000c2500000, 0x00000000c2500000|100%|HC|  |TAMS 0x00000000c2400000| PB 0x00000000c2400000| Complete 
|   7|0x00000000c2500000, 0x00000000c2600000, 0x00000000c2600000|100%|HC|  |TAMS 0x00000000c2500000| PB 0x00000000c2500000| Complete 
|   8|0x00000000c2600000, 0x00000000c2600000, 0x00000000c2700000|  0%| F|  |TAMS 0x00000000c2600000| PB 0x00000000c2600000| Untracked 
|   9|0x00000000c2700000, 0x00000000c2700000, 0x00000000c2800000|  0%| F|  |TAMS 0x00000000c2700000| PB 0x00000000c2700000| Untracked 
|  10|0x00000000c2800000, 0x00000000c2800000, 0x00000000c2900000|  0%| F|  |TAMS 0x00000000c2800000| PB 0x00000000c2800000| Untracked 
|  11|0x00000000c2900000, 0x00000000c2900000, 0x00000000c2a00000|  0%| F|  |TAMS 0x00000000c2900000| PB 0x00000000c2900000| Untracked 
|  12|0x00000000c2a00000, 0x00000000c2a00000, 0x00000000c2b00000|  0%| F|  |TAMS 0x00000000c2a00000| PB 0x00000000c2a00000| Untracked 
|  13|0x00000000c2b00000, 0x00000000c2b00000, 0x00000000c2c00000|  0%| F|  |TAMS 0x00000000c2b00000| PB 0x00000000c2b00000| Untracked 
|  14|0x00000000c2c00000, 0x00000000c2c00000, 0x00000000c2d00000|  0%| F|  |TAMS 0x00000000c2c00000| PB 0x00000000c2c00000| Untracked 
|  15|0x00000000c2d00000, 0x00000000c2d00000, 0x00000000c2e00000|  0%| F|  |TAMS 0x00000000c2d00000| PB 0x00000000c2d00000| Untracked 
|  16|0x00000000c2e00000, 0x00000000c2e00000, 0x00000000c2f00000|  0%| F|  |TAMS 0x00000000c2e00000| PB 0x00000000c2e00000| Untracked 
|  17|0x00000000c2f00000, 0x00000000c2f00000, 0x00000000c3000000|  0%| F|  |TAMS 0x00000000c2f00000| PB 0x00000000c2f00000| Untracked 
|  18|0x00000000c3000000, 0x00000000c3000000, 0x00000000c3100000|  0%| F|  |TAMS 0x00000000c3000000| PB 0x00000000c3000000| Untracked 
|  19|0x00000000c3100000, 0x00000000c3100000, 0x00000000c3200000|  0%| F|  |TAMS 0x00000000c3100000| PB 0x00000000c3100000| Untracked 
|  20|0x00000000c3200000, 0x00000000c3200000, 0x00000000c3300000|  0%| F|  |TAMS 0x00000000c3200000| PB 0x00000000c3200000| Untracked 
|  21|0x00000000c3300000, 0x00000000c3300000, 0x00000000c3400000|  0%| F|  |TAMS 0x00000000c3300000| PB 0x00000000c3300000| Untracked 
|  22|0x00000000c3400000, 0x00000000c3400000, 0x00000000c3500000|  0%| F|  |TAMS 0x00000000c3400000| PB 0x00000000c3400000| Untracked 
|  23|0x00000000c3500000, 0x00000000c3500000, 0x00000000c3600000|  0%| F|  |TAMS 0x00000000c3500000| PB 0x00000000c3500000| Untracked 
|  24|0x00000000c3600000, 0x00000000c3600000, 0x00000000c3700000|  0%| F|  |TAMS 0x00000000c3600000| PB 0x00000000c3600000| Untracked 
|  25|0x00000000c3700000, 0x00000000c3700000, 0x00000000c3800000|  0%| F|  |TAMS 0x00000000c3700000| PB 0x00000000c3700000| Untracked 
|  26|0x00000000c3800000, 0x00000000c3800000, 0x00000000c3900000|  0%| F|  |TAMS 0x00000000c3800000| PB 0x00000000c3800000| Untracked 
|  27|0x00000000c3900000, 0x00000000c3900000, 0x00000000c3a00000|  0%| F|  |TAMS 0x00000000c3900000| PB 0x00000000c3900000| Untracked 
|  28|0x00000000c3a00000, 0x00000000c3a00000, 0x00000000c3b00000|  0%| F|  |TAMS 0x00000000c3a00000| PB 0x00000000c3a00000| Untracked 
|  29|0x00000000c3b00000, 0x00000000c3b00000, 0x00000000c3c00000|  0%| F|  |TAMS 0x00000000c3b00000| PB 0x00000000c3b00000| Untracked 
|  30|0x00000000c3c00000, 0x00000000c3c00000, 0x00000000c3d00000|  0%| F|  |TAMS 0x00000000c3c00000| PB 0x00000000c3c00000| Untracked 
|  31|0x00000000c3d00000, 0x00000000c3d00000, 0x00000000c3e00000|  0%| F|  |TAMS 0x00000000c3d00000| PB 0x00000000c3d00000| Untracked 
|  32|0x00000000c3e00000, 0x00000000c3e00000, 0x00000000c3f00000|  0%| F|  |TAMS 0x00000000c3e00000| PB 0x00000000c3e00000| Untracked 
|  33|0x00000000c3f00000, 0x00000000c3f00000, 0x00000000c4000000|  0%| F|  |TAMS 0x00000000c3f00000| PB 0x00000000c3f00000| Untracked 
|  34|0x00000000c4000000, 0x00000000c4000000, 0x00000000c4100000|  0%| F|  |TAMS 0x00000000c4000000| PB 0x00000000c4000000| Untracked 
|  35|0x00000000c4100000, 0x00000000c4100000, 0x00000000c4200000|  0%| F|  |TAMS 0x00000000c4100000| PB 0x00000000c4100000| Untracked 
|  36|0x00000000c4200000, 0x00000000c4200000, 0x00000000c4300000|  0%| F|  |TAMS 0x00000000c4200000| PB 0x00000000c4200000| Untracked 
|  37|0x00000000c4300000, 0x00000000c4300000, 0x00000000c4400000|  0%| F|  |TAMS 0x00000000c4300000| PB 0x00000000c4300000| Untracked 
|  38|0x00000000c4400000, 0x00000000c4400000, 0x00000000c4500000|  0%| F|  |TAMS 0x00000000c4400000| PB 0x00000000c4400000| Untracked 
|  39|0x00000000c4500000, 0x00000000c4500000, 0x00000000c4600000|  0%| F|  |TAMS 0x00000000c4500000| PB 0x00000000c4500000| Untracked 
|  40|0x00000000c4600000, 0x00000000c4600000, 0x00000000c4700000|  0%| F|  |TAMS 0x00000000c4600000| PB 0x00000000c4600000| Untracked 
|  41|0x00000000c4700000, 0x00000000c4700000, 0x00000000c4800000|  0%| F|  |TAMS 0x00000000c4700000| PB 0x00000000c4700000| Untracked 
|  42|0x00000000c4800000, 0x00000000c4800000, 0x00000000c4900000|  0%| F|  |TAMS 0x00000000c4800000| PB 0x00000000c4800000| Untracked 
|  43|0x00000000c4900000, 0x00000000c4900000, 0x00000000c4a00000|  0%| F|  |TAMS 0x00000000c4900000| PB 0x00000000c4900000| Untracked 
|  44|0x00000000c4a00000, 0x00000000c4a00000, 0x00000000c4b00000|  0%| F|  |TAMS 0x00000000c4a00000| PB 0x00000000c4a00000| Untracked 
|  45|0x00000000c4b00000, 0x00000000c4b00000, 0x00000000c4c00000|  0%| F|  |TAMS 0x00000000c4b00000| PB 0x00000000c4b00000| Untracked 
|  46|0x00000000c4c00000, 0x00000000c4c00000, 0x00000000c4d00000|  0%| F|  |TAMS 0x00000000c4c00000| PB 0x00000000c4c00000| Untracked 
|  47|0x00000000c4d00000, 0x00000000c4d00000, 0x00000000c4e00000|  0%| F|  |TAMS 0x00000000c4d00000| PB 0x00000000c4d00000| Untracked 
|  48|0x00000000c4e00000, 0x00000000c4e00000, 0x00000000c4f00000|  0%| F|  |TAMS 0x00000000c4e00000| PB 0x00000000c4e00000| Untracked 
|  49|0x00000000c4f00000, 0x00000000c5000000, 0x00000000c5000000|100%| S|CS|TAMS 0x00000000c4f00000| PB 0x00000000c4f00000| Complete 
|  50|0x00000000c5000000, 0x00000000c5100000, 0x00000000c5100000|100%| S|CS|TAMS 0x00000000c5000000| PB 0x00000000c5000000| Complete 
|  51|0x00000000c5100000, 0x00000000c5100000, 0x00000000c5200000|  0%| F|  |TAMS 0x00000000c5100000| PB 0x00000000c5100000| Untracked 
|  52|0x00000000c5200000, 0x00000000c5200000, 0x00000000c5300000|  0%| F|  |TAMS 0x00000000c5200000| PB 0x00000000c5200000| Untracked 
|  53|0x00000000c5300000, 0x00000000c5300000, 0x00000000c5400000|  0%| F|  |TAMS 0x00000000c5300000| PB 0x00000000c5300000| Untracked 
|  54|0x00000000c5400000, 0x00000000c54b6f98, 0x00000000c5500000| 71%| E|  |TAMS 0x00000000c5400000| PB 0x00000000c5400000| Complete 
|  55|0x00000000c5500000, 0x00000000c5600000, 0x00000000c5600000|100%| E|CS|TAMS 0x00000000c5500000| PB 0x00000000c5500000| Complete 
|  56|0x00000000c5600000, 0x00000000c5700000, 0x00000000c5700000|100%| E|CS|TAMS 0x00000000c5600000| PB 0x00000000c5600000| Complete 
|  57|0x00000000c5700000, 0x00000000c5800000, 0x00000000c5800000|100%| E|CS|TAMS 0x00000000c5700000| PB 0x00000000c5700000| Complete 
|  58|0x00000000c5800000, 0x00000000c5900000, 0x00000000c5900000|100%| E|CS|TAMS 0x00000000c5800000| PB 0x00000000c5800000| Complete 
|  59|0x00000000c5900000, 0x00000000c5a00000, 0x00000000c5a00000|100%| E|CS|TAMS 0x00000000c5900000| PB 0x00000000c5900000| Complete 
|  60|0x00000000c5a00000, 0x00000000c5b00000, 0x00000000c5b00000|100%| E|CS|TAMS 0x00000000c5a00000| PB 0x00000000c5a00000| Complete 
|  61|0x00000000c5b00000, 0x00000000c5c00000, 0x00000000c5c00000|100%| E|CS|TAMS 0x00000000c5b00000| PB 0x00000000c5b00000| Complete 
|  62|0x00000000c5c00000, 0x00000000c5d00000, 0x00000000c5d00000|100%| E|CS|TAMS 0x00000000c5c00000| PB 0x00000000c5c00000| Complete 
|  63|0x00000000c5d00000, 0x00000000c5e00000, 0x00000000c5e00000|100%| E|CS|TAMS 0x00000000c5d00000| PB 0x00000000c5d00000| Complete 

Card table byte_map: [0x0000019e75210000,0x0000019e75410000] _byte_map_base: 0x0000019e74c01000

Marking Bits: (CMBitMap*) 0x0000019e6cbc83d0
 Bits: [0x0000019e75410000, 0x0000019e76398000)

Polling page: 0x0000019e6c370000

Metaspace:

Usage:
  Non-class:     13.04 MB used.
      Class:      1.62 MB used.
       Both:     14.66 MB used.

Virtual space:
  Non-class space:       64.00 MB reserved,      13.19 MB ( 21%) committed,  1 nodes.
      Class space:        1.00 GB reserved,       1.69 MB ( <1%) committed,  1 nodes.
             Both:        1.06 GB reserved,      14.88 MB (  1%) committed. 

Chunk freelists:
   Non-Class:  2.47 MB
       Class:  14.26 MB
        Both:  16.72 MB

MaxMetaspaceSize: unlimited
CompressedClassSpaceSize: 1.00 GB
Initial GC threshold: 21.00 MB
Current GC threshold: 21.00 MB
CDS: on
 - commit_granule_bytes: 65536.
 - commit_granule_words: 8192.
 - virtual_space_node_default_size: 8388608.
 - enlarge_chunks_in_place: 1.
 - use_allocation_guard: 0.


Internal statistics:

num_allocs_failed_limit: 0.
num_arena_births: 180.
num_arena_deaths: 0.
num_vsnodes_births: 2.
num_vsnodes_deaths: 0.
num_space_committed: 238.
num_space_uncommitted: 0.
num_chunks_returned_to_freelist: 0.
num_chunks_taken_from_freelist: 361.
num_chunk_merges: 0.
num_chunk_splits: 228.
num_chunks_enlarged: 128.
num_inconsistent_stats: 0.

CodeHeap 'non-profiled nmethods': size=120000Kb used=622Kb max_used=622Kb free=119378Kb
 bounds [0x0000019e07ad0000, 0x0000019e07d40000, 0x0000019e0f000000]
CodeHeap 'profiled nmethods': size=120000Kb used=3915Kb max_used=3915Kb free=116084Kb
 bounds [0x0000019e00000000, 0x0000019e003e0000, 0x0000019e07530000]
CodeHeap 'non-nmethods': size=5760Kb used=1653Kb max_used=1667Kb free=4106Kb
 bounds [0x0000019e07530000, 0x0000019e077a0000, 0x0000019e07ad0000]
 total_blobs=2816 nmethods=2116 adapters=604
 compilation: enabled
              stopped_count=0, restarted_count=0
 full_count=0

Compilation events (20 events):
Event: 11.611 Thread 0x0000019e787f5910 nmethod 2104 0x0000019e07b6af10 code [0x0000019e07b6b0a0, 0x0000019e07b6b168]
Event: 11.612 Thread 0x0000019e787f5910 2105       3       sun.java2d.pipe.Region::getIntersection (132 bytes)
Event: 11.612 Thread 0x0000019e787f5910 nmethod 2105 0x0000019e003cb110 code [0x0000019e003cb320, 0x0000019e003cb990]
Event: 11.615 Thread 0x0000019e787f5910 2106       3       java.util.ArrayList::fastRemove (44 bytes)
Event: 11.615 Thread 0x0000019e787f5910 nmethod 2106 0x0000019e003cbb90 code [0x0000019e003cbd60, 0x0000019e003cc158]
Event: 11.615 Thread 0x0000019e787f5910 2107       3       java.util.ArrayList::remove (26 bytes)
Event: 11.615 Thread 0x0000019e787f5910 nmethod 2107 0x0000019e003cc290 code [0x0000019e003cc460, 0x0000019e003cc688]
Event: 11.731 Thread 0x0000019e787f5910 2108       1       sun.awt.windows.WObjectPeer::isDisposed (5 bytes)
Event: 11.731 Thread 0x0000019e787f5910 nmethod 2108 0x0000019e07b6b210 code [0x0000019e07b6b3a0, 0x0000019e07b6b470]
Event: 11.731 Thread 0x0000019e787f5910 2109       3       sun.awt.SunHints$LCDContrastKey::isCompatibleValue (36 bytes)
Event: 11.732 Thread 0x0000019e787f5910 nmethod 2109 0x0000019e003cc810 code [0x0000019e003cc9e0, 0x0000019e003ccde8]
Event: 11.842 Thread 0x0000019e787f0e40 2110       4       java.util.concurrent.locks.ReentrantLock$Sync::isHeldExclusively (16 bytes)
Event: 11.843 Thread 0x0000019e787f0e40 nmethod 2110 0x0000019e07b6b510 code [0x0000019e07b6b6a0, 0x0000019e07b6b760]
Event: 11.955 Thread 0x0000019e787f5910 2111       3       java.lang.Integer::equals (29 bytes)
Event: 11.956 Thread 0x0000019e787f5910 nmethod 2111 0x0000019e003cce90 code [0x0000019e003cd040, 0x0000019e003cd418]
Event: 11.956 Thread 0x0000019e787f5910 2112       3       sun.java2d.pipe.Region::clipRound (34 bytes)
Event: 11.956 Thread 0x0000019e787f5910 nmethod 2112 0x0000019e003cd510 code [0x0000019e003cd700, 0x0000019e003cd9b0]
Event: 12.072 Thread 0x0000019e787f5910 2113       3       java.awt.Component::processEvent (220 bytes)
Event: 12.073 Thread 0x0000019e787f5910 nmethod 2113 0x0000019e003cda90 code [0x0000019e003cddc0, 0x0000019e003cfa40]
Event: 12.076 Thread 0x0000019e787f0e40 2114   !   4       sun.awt.PostEventQueue::flush (168 bytes)

GC Heap History (2 events):
Event: 1.040 GC heap before
{Heap before GC invocations=0 (full 0):
 garbage-first heap   total 65536K, used 13312K [0x00000000c1e00000, 0x0000000100000000)
  region size 1024K, 13 young (13312K), 0 survivors (0K)
 Metaspace       used 8082K, committed 8256K, reserved 1114112K
  class space    used 842K, committed 896K, reserved 1048576K
}
Event: 1.052 GC heap after
{Heap after GC invocations=1 (full 0):
 garbage-first heap   total 65536K, used 3005K [0x00000000c1e00000, 0x0000000100000000)
  region size 1024K, 2 young (2048K), 2 survivors (2048K)
 Metaspace       used 8082K, committed 8256K, reserved 1114112K
  class space    used 842K, committed 896K, reserved 1048576K
}

Dll operation events (11 events):
Event: 0.014 Loaded shared library C:\Program Files\Java\jdk-21\bin\java.dll
Event: 0.141 Loaded shared library C:\Program Files\Java\jdk-21\bin\jsvml.dll
Event: 0.192 Loaded shared library C:\Program Files\Java\jdk-21\bin\net.dll
Event: 0.195 Loaded shared library C:\Program Files\Java\jdk-21\bin\nio.dll
Event: 0.235 Loaded shared library C:\Program Files\Java\jdk-21\bin\zip.dll
Event: 0.246 Loaded shared library C:\Program Files\Java\jdk-21\bin\jimage.dll
Event: 0.288 Loaded shared library C:\Program Files\Java\jdk-21\bin\awt.dll
Event: 0.812 Loaded shared library C:\Program Files\Java\jdk-21\bin\extnet.dll
Event: 1.101 Loaded shared library C:\Program Files\Java\jdk-21\bin\javajpeg.dll
Event: 1.236 Loaded shared library C:\Program Files\Java\jdk-21\bin\freetype.dll
Event: 1.240 Loaded shared library C:\Program Files\Java\jdk-21\bin\fontmanager.dll

Deoptimization events (20 events):
Event: 3.047 Thread 0x0000019e7d889410 DEOPT PACKING pc=0x0000019e07b19e98 sp=0x0000009cfb3fd1a0
Event: 3.047 Thread 0x0000019e7d889410 DEOPT UNPACKING pc=0x0000019e075846a2 sp=0x0000009cfb3fd110 mode 2
Event: 6.805 Thread 0x0000019e7d889410 Uncommon trap: trap_request=0xffffffde fr.pc=0x0000019e07b2f1c4 relative=0x00000000000001a4
Event: 6.805 Thread 0x0000019e7d889410 Uncommon trap: reason=class_check action=maybe_recompile pc=0x0000019e07b2f1c4 method=java.lang.String.equals(Ljava/lang/Object;)Z @ 8 c2
Event: 6.805 Thread 0x0000019e7d889410 DEOPT PACKING pc=0x0000019e07b2f1c4 sp=0x0000009cfb3fdcc0
Event: 6.805 Thread 0x0000019e7d889410 DEOPT UNPACKING pc=0x0000019e075846a2 sp=0x0000009cfb3fdc48 mode 2
Event: 6.805 Thread 0x0000019e7d889410 Uncommon trap: trap_request=0xffffffde fr.pc=0x0000019e07b2f1c4 relative=0x00000000000001a4
Event: 6.805 Thread 0x0000019e7d889410 Uncommon trap: reason=class_check action=maybe_recompile pc=0x0000019e07b2f1c4 method=java.lang.String.equals(Ljava/lang/Object;)Z @ 8 c2
Event: 6.805 Thread 0x0000019e7d889410 DEOPT PACKING pc=0x0000019e07b2f1c4 sp=0x0000009cfb3fdcc0
Event: 6.805 Thread 0x0000019e7d889410 DEOPT UNPACKING pc=0x0000019e075846a2 sp=0x0000009cfb3fdc48 mode 2
Event: 7.146 Thread 0x0000019e7d889410 Uncommon trap: trap_request=0xffffffde fr.pc=0x0000019e07b2f1c4 relative=0x00000000000001a4
Event: 7.146 Thread 0x0000019e7d889410 Uncommon trap: reason=class_check action=maybe_recompile pc=0x0000019e07b2f1c4 method=java.lang.String.equals(Ljava/lang/Object;)Z @ 8 c2
Event: 7.146 Thread 0x0000019e7d889410 DEOPT PACKING pc=0x0000019e07b2f1c4 sp=0x0000009cfb3fdcc0
Event: 7.146 Thread 0x0000019e7d889410 DEOPT UNPACKING pc=0x0000019e075846a2 sp=0x0000009cfb3fdc48 mode 2
Event: 7.146 Thread 0x0000019e7d889410 Uncommon trap: trap_request=0xffffffde fr.pc=0x0000019e07b2f1c4 relative=0x00000000000001a4
Event: 7.146 Thread 0x0000019e7d889410 Uncommon trap: reason=class_check action=maybe_recompile pc=0x0000019e07b2f1c4 method=java.lang.String.equals(Ljava/lang/Object;)Z @ 8 c2
Event: 7.146 Thread 0x0000019e7d889410 DEOPT PACKING pc=0x0000019e07b2f1c4 sp=0x0000009cfb3fdcc0
Event: 7.146 Thread 0x0000019e7d889410 DEOPT UNPACKING pc=0x0000019e075846a2 sp=0x0000009cfb3fdc48 mode 2
Event: 11.595 Thread 0x0000019e7d889410 DEOPT PACKING pc=0x0000019e0039ad5c sp=0x0000009cfb3fe430
Event: 11.595 Thread 0x0000019e7d889410 DEOPT UNPACKING pc=0x0000019e07584e42 sp=0x0000009cfb3fd8c8 mode 0

Classes loaded (20 events):
Event: 11.599 Loading class sun/swing/ImageCache$Entry
Event: 11.599 Loading class sun/swing/ImageCache$Entry done
Event: 11.600 Loading class java/awt/GradientPaint
Event: 11.600 Loading class java/awt/GradientPaint done
Event: 11.600 Loading class java/awt/GradientPaintContext
Event: 11.600 Loading class java/awt/PaintContext
Event: 11.600 Loading class java/awt/PaintContext done
Event: 11.600 Loading class java/awt/GradientPaintContext done
Event: 11.600 Loading class java/awt/geom/Point2D$Double
Event: 11.600 Loading class java/awt/geom/Point2D$Double done
Event: 11.601 Loading class sun/java2d/pipe/AlphaPaintPipe$TileContext
Event: 11.601 Loading class sun/java2d/pipe/AlphaPaintPipe$TileContext done
Event: 11.604 Loading class sun/java2d/pipe/ShapeSpanIterator
Event: 11.604 Loading class sun/java2d/pipe/SpanIterator
Event: 11.604 Loading class sun/java2d/pipe/SpanIterator done
Event: 11.604 Loading class sun/awt/geom/PathConsumer2D
Event: 11.605 Loading class sun/awt/geom/PathConsumer2D done
Event: 11.605 Loading class sun/java2d/pipe/ShapeSpanIterator done
Event: 11.607 Loading class javax/swing/event/AncestorEvent
Event: 11.607 Loading class javax/swing/event/AncestorEvent done

Classes unloaded (0 events):
No events

Classes redefined (0 events):
No events

Internal exceptions (20 events):
Event: 0.206 Thread 0x0000019e6cb91860 Exception <a 'sun/nio/fs/WindowsException'{0x00000000c5c85de0}> (0x00000000c5c85de0) 
thrown [s\open\src\hotspot\share\prims\jni.cpp, line 520]
Event: 0.206 Thread 0x0000019e6cb91860 Exception <a 'sun/nio/fs/WindowsException'{0x00000000c5c86768}> (0x00000000c5c86768) 
thrown [s\open\src\hotspot\share\prims\jni.cpp, line 520]
Event: 0.206 Thread 0x0000019e6cb91860 Exception <a 'sun/nio/fs/WindowsException'{0x00000000c5c87118}> (0x00000000c5c87118) 
thrown [s\open\src\hotspot\share\prims\jni.cpp, line 520]
Event: 0.268 Thread 0x0000019e6cb91860 Exception <a 'java/lang/ClassNotFoundException'{0x00000000c5b4dfe0}: sun/awt/resources/spi/awtProvider> (0x00000000c5b4dfe0) 
thrown [s\open\src\hotspot\share\classfile\systemDictionary.cpp, line 312]
Event: 0.306 Thread 0x0000019e6cb91860 Exception <a 'java/io/FileNotFoundException'{0x00000000c5ba3388}> (0x00000000c5ba3388) 
thrown [s\open\src\hotspot\share\prims\jni.cpp, line 520]
Event: 0.318 Thread 0x0000019e6cb91860 Exception <a 'java/io/FileNotFoundException'{0x00000000c5bcd5d0}> (0x00000000c5bcd5d0) 
thrown [s\open\src\hotspot\share\prims\jni.cpp, line 520]
Event: 0.478 Thread 0x0000019e6cb91860 Exception <a 'java/lang/NoSuchMethodError'{0x00000000c5ae87e8}: 'void java.lang.invoke.DirectMethodHandle$Holder.invokeSpecial(java.lang.Object, java.lang.Object, java.lang.Object)'> (0x00000000c5ae87e8) 
thrown [s\open\src\hotspot\share\interpreter\linkResolver.cpp, line 773]
Event: 0.491 Thread 0x0000019e6cb91860 Exception <a 'java/lang/NoSuchMethodError'{0x00000000c590e780}: 'java.lang.Object java.lang.invoke.DirectMethodHandle$Holder.newInvokeSpecial(java.lang.Object, java.lang.Object, java.lang.Object, java.lang.Object, java.lang.Object)'> (0x00000000c590e780) 
thrown [s\open\src\hotspot\share\interpreter\linkResolver.cpp, line 773]
Event: 0.497 Thread 0x0000019e6cb91860 Exception <a 'java/lang/NoSuchMethodError'{0x00000000c593a308}: 'java.lang.Object java.lang.invoke.DirectMethodHandle$Holder.invokeStatic(java.lang.Object, int, java.lang.Object)'> (0x00000000c593a308) 
thrown [s\open\src\hotspot\share\interpreter\linkResolver.cpp, line 773]
Event: 0.522 Thread 0x0000019e6cb91860 Exception <a 'java/lang/ClassNotFoundException'{0x00000000c59d9ec8}: com/sun/swing/internal/plaf/metal/resources/spi/metalProvider> (0x00000000c59d9ec8) 
thrown [s\open\src\hotspot\share\classfile\systemDictionary.cpp, line 312]
Event: 0.524 Thread 0x0000019e6cb91860 Exception <a 'java/lang/ClassNotFoundException'{0x00000000c59dddd8}: com/sun/swing/internal/plaf/basic/resources/spi/basicProvider> (0x00000000c59dddd8) 
thrown [s\open\src\hotspot\share\classfile\systemDictionary.cpp, line 312]
Event: 0.544 Thread 0x0000019e6cb91860 Exception <a 'java/lang/NoSuchMethodError'{0x00000000c59fcf60}: 'int java.lang.invoke.Invokers$Holder.invokeExact_MT(java.lang.Object, java.lang.Object)'> (0x00000000c59fcf60) 
thrown [s\open\src\hotspot\share\interpreter\linkResolver.cpp, line 773]
Event: 0.563 Thread 0x0000019e6cb91860 Exception <a 'java/lang/NoSuchMethodError'{0x00000000c5822af8}: 'void java.lang.invoke.DirectMethodHandle$Holder.invokeStatic(java.lang.Object, java.lang.Object)'> (0x00000000c5822af8) 
thrown [s\open\src\hotspot\share\interpreter\linkResolver.cpp, line 773]
Event: 0.624 Thread 0x0000019e6cb91860 Exception <a 'java/lang/NoSuchMethodError'{0x00000000c57606d8}: 'java.lang.Object java.lang.invoke.DirectMethodHandle$Holder.invokeInterface(java.lang.Object, java.lang.Object)'> (0x00000000c57606d8) 
thrown [s\open\src\hotspot\share\interpreter\linkResolver.cpp, line 773]
Event: 0.674 Thread 0x0000019e6cb91860 Exception <a 'java/lang/NoSuchMethodError'{0x00000000c57de208}: 'void java.lang.invoke.DirectMethodHandle$Holder.invokeStatic(java.lang.Object, java.lang.Object, java.lang.Object)'> (0x00000000c57de208) 
thrown [s\open\src\hotspot\share\interpreter\linkResolver.cpp, line 773]
Event: 0.676 Thread 0x0000019e6cb91860 Exception <a 'java/lang/NoSuchMethodError'{0x00000000c57e6ef0}: 'java.lang.Object java.lang.invoke.DirectMethodHandle$Holder.invokeVirtual(java.lang.Object, java.lang.Object, java.lang.Object)'> (0x00000000c57e6ef0) 
thrown [s\open\src\hotspot\share\interpreter\linkResolver.cpp, line 773]
Event: 1.104 Thread 0x0000019e78abef50 Exception <a 'java/lang/NoSuchMethodError'{0x00000000c5dac8b0}: 'java.lang.Object java.lang.invoke.DirectMethodHandle$Holder.newInvokeSpecial(java.lang.Object, java.lang.Object, java.lang.Object, int, int, int, int, int)'> (0x00000000c5dac8b0) 
thrown [s\open\src\hotspot\share\interpreter\linkResolver.cpp, line 773]
Event: 1.253 Thread 0x0000019e6cb91860 Exception <a 'java/io/FileNotFoundException'{0x00000000c5da09d8}> (0x00000000c5da09d8) 
thrown [s\open\src\hotspot\share\prims\jni.cpp, line 520]
Event: 1.437 Thread 0x0000019e6cb91860 Exception <a 'java/lang/NoSuchMethodError'{0x00000000c5beeac8}: 'void java.lang.invoke.DirectMethodHandle$Holder.invokeStaticInit(java.lang.Object)'> (0x00000000c5beeac8) 
thrown [s\open\src\hotspot\share\interpreter\linkResolver.cpp, line 773]
Event: 1.511 Thread 0x0000019e78c52360 Exception <a 'java/lang/NoSuchMethodError'{0x00000000c5bca960}: 'void java.lang.invoke.DirectMethodHandle$Holder.invokeVirtual(java.lang.Object, java.lang.Object)'> (0x00000000c5bca960) 
thrown [s\open\src\hotspot\share\interpreter\linkResolver.cpp, line 773]

ZGC Phase Switch (0 events):
No events

VM Operations (20 events):
Event: 2.844 Executing VM operation: HandshakeAllThreads (Deoptimize)
Event: 2.844 Executing VM operation: HandshakeAllThreads (Deoptimize) done
Event: 3.850 Executing VM operation: Cleanup
Event: 3.851 Executing VM operation: Cleanup done
Event: 4.864 Executing VM operation: Cleanup
Event: 4.864 Executing VM operation: Cleanup done
Event: 5.874 Executing VM operation: Cleanup
Event: 5.874 Executing VM operation: Cleanup done
Event: 6.888 Executing VM operation: Cleanup
Event: 6.888 Executing VM operation: Cleanup done
Event: 7.889 Executing VM operation: Cleanup
Event: 7.889 Executing VM operation: Cleanup done
Event: 8.892 Executing VM operation: Cleanup
Event: 8.892 Executing VM operation: Cleanup done
Event: 9.901 Executing VM operation: Cleanup
Event: 9.901 Executing VM operation: Cleanup done
Event: 10.913 Executing VM operation: Cleanup
Event: 10.913 Executing VM operation: Cleanup done
Event: 11.534 Executing VM operation: HandshakeAllThreads (Deoptimize)
Event: 11.534 Executing VM operation: HandshakeAllThreads (Deoptimize) done

Events (20 events):
Event: 0.120 Thread 0x0000019e6cc692e0 Thread added: 0x0000019e6cc692e0
Event: 0.120 Thread 0x0000019e6cc6a3b0 Thread added: 0x0000019e6cc6a3b0
Event: 0.120 Thread 0x0000019e6cc6e140 Thread added: 0x0000019e6cc6e140
Event: 0.120 Thread 0x0000019e787edfd0 Thread added: 0x0000019e787edfd0
Event: 0.121 Thread 0x0000019e787ef650 Thread added: 0x0000019e787ef650
Event: 0.121 Thread 0x0000019e787f00b0 Thread added: 0x0000019e787f00b0
Event: 0.121 Thread 0x0000019e787f0e40 Thread added: 0x0000019e787f0e40
Event: 0.124 Thread 0x0000019e787f5910 Thread added: 0x0000019e787f5910
Event: 0.173 Thread 0x0000019e78a103a0 Thread added: 0x0000019e78a103a0
Event: 0.227 Thread 0x0000019e78ab4160 Thread added: 0x0000019e78ab4160
Event: 0.433 Thread 0x0000019e78c3a400 Thread added: 0x0000019e78c3a400
Event: 0.435 Thread 0x0000019e78c4f010 Thread added: 0x0000019e78c4f010
Event: 0.437 Thread 0x0000019e78c52360 Thread added: 0x0000019e78c52360
Event: 0.564 Thread 0x0000019e78cabc50 Thread added: 0x0000019e78cabc50
Event: 1.094 Thread 0x0000019e78abef50 Thread added: 0x0000019e78abef50
Event: 1.368 Thread 0x0000019e7d889410 Thread added: 0x0000019e7d889410
Event: 1.515 Thread 0x0000019e6cb91860 Thread exited: 0x0000019e6cb91860
Event: 1.515 Thread 0x0000019e6cb91860 Thread added: 0x0000019e6cb91860
Event: 1.916 Thread 0x0000019e7d98d010 Thread added: 0x0000019e7d98d010
Event: 9.063 Thread 0x0000019e78abef50 Thread exited: 0x0000019e78abef50


Dynamic libraries:
0x00007ff78f850000 - 0x00007ff78f860000 	C:\Program Files\Java\jdk-21\bin\java.exe
0x00007ff806c50000 - 0x00007ff806e46000 	C:\WINDOWS\SYSTEM32\ntdll.dll
0x00007ff806b50000 - 0x00007ff806c0d000 	C:\WINDOWS\System32\KERNEL32.DLL
0x00007ff804800000 - 0x00007ff804ac8000 	C:\WINDOWS\System32\KERNELBASE.dll
0x00007ff804570000 - 0x00007ff804670000 	C:\WINDOWS\System32\ucrtbase.dll
0x00007fffff340000 - 0x00007fffff35b000 	C:\Program Files\Java\jdk-21\bin\VCRUNTIME140.dll
0x00007fffec230000 - 0x00007fffec249000 	C:\Program Files\Java\jdk-21\bin\jli.dll
0x00007ff806a00000 - 0x00007ff806aac000 	C:\WINDOWS\System32\ADVAPI32.dll
0x00007ff806ab0000 - 0x00007ff806b4e000 	C:\WINDOWS\System32\msvcrt.dll
0x00007ff8054b0000 - 0x00007ff80554b000 	C:\WINDOWS\System32\sechost.dll
0x00007ff8052f0000 - 0x00007ff805414000 	C:\WINDOWS\System32\RPCRT4.dll
0x00007ff8064e0000 - 0x00007ff806680000 	C:\WINDOWS\System32\USER32.dll
0x00007ff804c80000 - 0x00007ff804ca2000 	C:\WINDOWS\System32\win32u.dll
0x00007ffffce60000 - 0x00007ffffd0fb000 	C:\WINDOWS\WinSxS\amd64_microsoft.windows.common-controls_6595b64144ccf1df_6.0.19041.488_none_ca04af081b815d21\COMCTL32.dll
0x00007ff805c50000 - 0x00007ff805c7a000 	C:\WINDOWS\System32\GDI32.dll
0x00007ff804390000 - 0x00007ff804499000 	C:\WINDOWS\System32\gdi32full.dll
0x00007ff8044d0000 - 0x00007ff80456d000 	C:\WINDOWS\System32\msvcp_win.dll
0x00007ffffe2c0000 - 0x00007ffffe2ca000 	C:\WINDOWS\SYSTEM32\VERSION.dll
0x00007ff805a60000 - 0x00007ff805a90000 	C:\WINDOWS\System32\IMM32.DLL
0x00007ff801ce0000 - 0x00007ff801cec000 	C:\Program Files\Java\jdk-21\bin\vcruntime140_1.dll
0x00007fffeef60000 - 0x00007fffeefee000 	C:\Program Files\Java\jdk-21\bin\msvcp140.dll
0x00007fffc2480000 - 0x00007fffc3197000 	C:\Program Files\Java\jdk-21\bin\server\jvm.dll
0x00007ff805a90000 - 0x00007ff805afb000 	C:\WINDOWS\System32\WS2_32.dll
0x00007fffe9190000 - 0x00007fffe91b7000 	C:\WINDOWS\SYSTEM32\WINMM.dll
0x00007ff8041f0000 - 0x00007ff80423b000 	C:\WINDOWS\SYSTEM32\POWRPROF.dll
0x00007ff8041d0000 - 0x00007ff8041e2000 	C:\WINDOWS\SYSTEM32\UMPDC.dll
0x00007ff8022e0000 - 0x00007ff8022f2000 	C:\WINDOWS\SYSTEM32\kernel.appcore.dll
0x00007ff801ca0000 - 0x00007ff801caa000 	C:\Program Files\Java\jdk-21\bin\jimage.dll
0x00007ffff9ff0000 - 0x00007ffffa1d4000 	C:\WINDOWS\SYSTEM32\DBGHELP.DLL
0x00007ffff9f90000 - 0x00007ffff9fbc000 	C:\WINDOWS\SYSTEM32\dbgcore.DLL
0x00007ff804670000 - 0x00007ff8046ef000 	C:\WINDOWS\System32\bcryptPrimitives.dll
0x00007ffffba60000 - 0x00007ffffba7f000 	C:\Program Files\Java\jdk-21\bin\java.dll
0x00007ff805c80000 - 0x00007ff8063c1000 	C:\WINDOWS\System32\SHELL32.dll
0x00007ff8024e0000 - 0x00007ff802c75000 	C:\WINDOWS\SYSTEM32\windows.storage.dll
0x00007ff805560000 - 0x00007ff8058b5000 	C:\WINDOWS\System32\combase.dll
0x00007ff803d30000 - 0x00007ff803d5c000 	C:\WINDOWS\SYSTEM32\Wldp.dll
0x00007ff8063d0000 - 0x00007ff80647e000 	C:\WINDOWS\System32\SHCORE.dll
0x00007ff805920000 - 0x00007ff805975000 	C:\WINDOWS\System32\shlwapi.dll
0x00007ff8042c0000 - 0x00007ff8042e6000 	C:\WINDOWS\SYSTEM32\profapi.dll
0x00007fffef260000 - 0x00007fffef337000 	C:\Program Files\Java\jdk-21\bin\jsvml.dll
0x00007ff800180000 - 0x00007ff800190000 	C:\Program Files\Java\jdk-21\bin\net.dll
0x00007fffff4b0000 - 0x00007fffff5b0000 	C:\WINDOWS\SYSTEM32\WINHTTP.dll
0x00007ff803ab0000 - 0x00007ff803b1a000 	C:\WINDOWS\system32\mswsock.dll
0x00007ffffba40000 - 0x00007ffffba56000 	C:\Program Files\Java\jdk-21\bin\nio.dll
0x00007ffffba20000 - 0x00007ffffba38000 	C:\Program Files\Java\jdk-21\bin\zip.dll
0x00007fffe0eb0000 - 0x00007fffe103f000 	C:\Program Files\Java\jdk-21\bin\awt.dll
0x00007ff805980000 - 0x00007ff805a4d000 	C:\WINDOWS\System32\OLEAUT32.dll
0x00007ff801d30000 - 0x00007ff801dc0000 	C:\WINDOWS\SYSTEM32\apphelp.dll
0x00007ff802100000 - 0x00007ff80212f000 	C:\WINDOWS\system32\DWMAPI.DLL
0x00007ff801e20000 - 0x00007ff801ebe000 	C:\WINDOWS\system32\uxtheme.dll
0x00007fffedc40000 - 0x00007fffedd65000 	C:\WINDOWS\system32\opengl32.dll
0x00007ffffaae0000 - 0x00007ffffab0c000 	C:\WINDOWS\SYSTEM32\GLU32.dll
0x00007ff806680000 - 0x00007ff806795000 	C:\WINDOWS\System32\MSCTF.dll
0x00007ff804d30000 - 0x00007ff804e5a000 	C:\WINDOWS\System32\ole32.dll
0x00007ff8037e0000 - 0x00007ff8038ab000 	C:\WINDOWS\SYSTEM32\DNSAPI.dll
0x00007ff8037a0000 - 0x00007ff8037db000 	C:\WINDOWS\SYSTEM32\IPHLPAPI.DLL
0x00007ff805550000 - 0x00007ff805558000 	C:\WINDOWS\System32\NSI.dll
0x00007ffffb300000 - 0x00007ffffb30a000 	C:\Windows\System32\rasadhlp.dll
0x00007ffffbab0000 - 0x00007ffffbb2f000 	C:\WINDOWS\System32\fwpuclnt.dll
0x00007ff8044a0000 - 0x00007ff8044c7000 	C:\WINDOWS\System32\bcrypt.dll
0x00007fffffc40000 - 0x00007fffffc49000 	C:\Program Files\Java\jdk-21\bin\extnet.dll
0x00007fffec200000 - 0x00007fffec22e000 	C:\Program Files\Java\jdk-21\bin\javajpeg.dll
0x00007fffe4150000 - 0x00007fffe41d7000 	C:\Program Files\Java\jdk-21\bin\freetype.dll
0x00007fffd8940000 - 0x00007fffd8a22000 	C:\Program Files\Java\jdk-21\bin\fontmanager.dll
0x00007ff8067a0000 - 0x00007ff806849000 	C:\WINDOWS\System32\clbcatq.dll
0x00007ffff5fe0000 - 0x00007ffff6194000 	C:\WINDOWS\SYSTEM32\WindowsCodecs.dll
0x00007ffff4f10000 - 0x00007ffff4f4e000 	C:\WINDOWS\system32\dataexchange.dll
0x00007ff800f60000 - 0x00007ff801145000 	C:\WINDOWS\system32\dcomp.dll
0x00007ff800cb0000 - 0x00007ff800f14000 	C:\WINDOWS\system32\d3d11.dll
0x00007ff802ce0000 - 0x00007ff802dd3000 	C:\WINDOWS\system32\dxgi.dll
0x00007ffffe330000 - 0x00007ffffe538000 	C:\WINDOWS\system32\twinapi.appcore.dll
0x00007ffff8220000 - 0x00007ffff831c000 	C:\WINDOWS\SYSTEM32\textinputframework.dll
0x00007ff8017b0000 - 0x00007ff801b0e000 	C:\WINDOWS\System32\CoreUIComponents.dll
0x00007ff801b10000 - 0x00007ff801c02000 	C:\WINDOWS\System32\CoreMessaging.dll
0x00007ff801650000 - 0x00007ff8017a6000 	C:\WINDOWS\SYSTEM32\wintypes.dll
0x00007ff8030d0000 - 0x00007ff803103000 	C:\WINDOWS\SYSTEM32\ntmarta.dll

dbghelp: loaded successfully - version: 4.0.5 - missing functions: none
symbol engine: initialized successfully - sym options: 0x614 - pdb path: .;C:\Program Files\Java\jdk-21\bin;C:\WINDOWS\SYSTEM32;C:\WINDOWS\WinSxS\amd64_microsoft.windows.common-controls_6595b64144ccf1df_6.0.19041.488_none_ca04af081b815d21;C:\Program Files\Java\jdk-21\bin\server

VM Arguments:
jvm_args: -Dfile.encoding=UTF-8 --module-path=D:\NETBEANS\JAVA\QLTiemTraSua\build\classes 
java_command: GUI.Login
java_class_path (initial): C:\Users\Admin\Downloads\mysql-connector-j-8.3.0\mysql-connector-j-8.3.0.jar;D:\NETBEANS\JAVA\QLTiemTraSua\build\classes
Launcher Type: SUN_STANDARD

[Global flags]
     intx CICompilerCount                          = 3                                         {product} {ergonomic}
     uint ConcGCThreads                            = 1                                         {product} {ergonomic}
     uint G1ConcRefinementThreads                  = 4                                         {product} {ergonomic}
   size_t G1HeapRegionSize                         = 1048576                                   {product} {ergonomic}
    uintx GCDrainStackTargetSize                   = 64                                        {product} {ergonomic}
   size_t InitialHeapSize                          = 67108864                                  {product} {ergonomic}
   size_t MarkStackSize                            = 4194304                                   {product} {ergonomic}
   size_t MaxHeapSize                              = 1042284544                                {product} {ergonomic}
   size_t MaxNewSize                               = 624951296                                 {product} {ergonomic}
   size_t MinHeapDeltaBytes                        = 1048576                                   {product} {ergonomic}
   size_t MinHeapSize                              = 8388608                                   {product} {ergonomic}
    uintx NonNMethodCodeHeapSize                   = 5832780                                {pd product} {ergonomic}
    uintx NonProfiledCodeHeapSize                  = 122912730                              {pd product} {ergonomic}
    uintx ProfiledCodeHeapSize                     = 122912730                              {pd product} {ergonomic}
    uintx ReservedCodeCacheSize                    = 251658240                              {pd product} {ergonomic}
     bool SegmentedCodeCache                       = true                                      {product} {ergonomic}
   size_t SoftMaxHeapSize                          = 1042284544                             {manageable} {ergonomic}
     bool UseCompressedOops                        = true                           {product lp64_product} {ergonomic}
     bool UseG1GC                                  = true                                      {product} {ergonomic}
     bool UseLargePagesIndividualAllocation        = false                                  {pd product} {ergonomic}

Logging:
Log output configuration:
 #0: stdout all=warning uptime,level,tags foldmultilines=false
 #1: stderr all=off uptime,level,tags foldmultilines=false

Environment Variables:
PATH=C:\Program Files\Common Files\Oracle\Java\javapath;C:\Program Files\Python\Scripts\;C:\Program Files\Python\;C:\Program Files\Eclipse Adoptium\jdk-21.0.1.12-hotspot\bin;C:\Program Files (x86)\Common Files\Oracle\Java\javapath;C:\WINDOWS\system32;C:\WINDOWS;C:\WINDOWS\System32\Wbem;C:\WINDOWS\System32\WindowsPowerShell\v1.0\;C:\WINDOWS\System32\OpenSSH\;C:\MinGW\bin;C:\Program Files (x86)\Microsoft SQL Server\160\Tools\Binn\;C:\Program Files\Microsoft SQL Server\160\Tools\Binn\;C:\Program Files\Microsoft SQL Server\Client SDK\ODBC\170\Tools\Binn\;C:\Program Files\Microsoft SQL Server\160\DTS\Binn\;C:\Program Files\Azure Data Studio\bin;C:\Program Files (x86)\Microsoft SQL Server\160\DTS\Binn\;C:\Users\Admin\AppData\Local\Microsoft\WindowsApps;;C:\Program Files\Azure Data Studio\bin
USERNAME=Admin
OS=Windows_NT
PROCESSOR_IDENTIFIER=Intel64 Family 6 Model 142 Stepping 10, GenuineIntel
TMP=C:\Users\Admin\AppData\Local\Temp
TEMP=C:\Users\Admin\AppData\Local\Temp




Periodic native trim disabled

---------------  S Y S T E M  ---------------

OS:
 Windows 10 , 64 bit Build 19041 (10.0.19041.546)
OS uptime: 0 days 20:14 hours

CPU: total 4 (initial active 4) (2 cores per cpu, 2 threads per core) family 6 model 142 stepping 10 microcode 0xb4, cx8, cmov, fxsr, ht, mmx, 3dnowpref, sse, sse2, sse3, ssse3, sse4.1, sse4.2, popcnt, lzcnt, tsc, tscinvbit, avx, avx2, aes, erms, clmul, bmi1, bmi2, adx, fma, vzeroupper, clflush, clflushopt, rdtscp, f16c
Processor Information for all 4 processors :
  Max Mhz: 2208, Current Mhz: 2208, Mhz Limit: 2208

Memory: 4k page, system-wide physical 3973M (642M free)
TotalPageFile size 14303M (AvailPageFile size 10M)
current process WorkingSet (physical memory assigned to process): 94M, peak: 95M
current process commit charge ("private bytes"): 164M, peak: 165M

vm_info: Java HotSpot(TM) 64-Bit Server VM (21.0.2+13-LTS-58) for windows-amd64 JRE (21.0.2+13-LTS-58), built on 2024-01-05T18:32:24Z by "mach5one" with MS VC++ 17.1 (VS2022)

END.
