#
# There is insufficient memory for the Java Runtime Environment to continue.
# Native memory allocation (malloc) failed to allocate 772128 bytes for Chunk::new
# Possible reasons:
#   The system is out of physical RAM or swap space
#   The process is running with CompressedOops enabled, and the Java Heap may be blocking the growth of the native heap
# Possible solutions:
#   Reduce memory load on the system
#   Increase physical memory or swap space
#   Check if swap backing store is full
#   Decrease Java heap size (-Xmx/-Xms)
#   Decrease number of Java threads
#   Decrease Java thread stack sizes (-Xss)
#   Set larger code cache with -XX:ReservedCodeCacheSize=
#   JVM is running with Unscaled Compressed Oops mode in which the Java heap is
#     placed in the first 4GB address space. The Java Heap base address is the
#     maximum limit for the native heap growth. Please use -XX:HeapBaseMinAddress
#     to set the Java Heap base and to place the Java Heap above 4GB virtual address.
# This output file may be truncated or incomplete.
#
#  Out of Memory Error (arena.cpp:168), pid=17552, tid=3664
#
# JRE version: Java(TM) SE Runtime Environment (21.0.2+13) (build 21.0.2+13-LTS-58)
# Java VM: Java HotSpot(TM) 64-Bit Server VM (21.0.2+13-LTS-58, mixed mode, sharing, tiered, compressed oops, compressed class ptrs, g1 gc, windows-amd64)
# No core dump will be written. Minidumps are not enabled by default on client versions of Windows
#

---------------  S U M M A R Y ------------

Command Line: -Dfile.encoding=UTF-8 --module-path=D:\NETBEANS\JAVA\QLTiemTraSua\build\classes GUI.Login

Host: Intel(R) Core(TM) i3-8130U CPU @ 2.20GHz, 4 cores, 3G,  Windows 10 , 64 bit Build 19041 (10.0.19041.546)
Time: Thu May 16 01:04:42 2024 SE Asia Standard Time elapsed time: 15.544539 seconds (0d 0h 0m 15s)

---------------  T H R E A D  ---------------

Current thread (0x000001be0a120310):  JavaThread "C2 CompilerThread0" daemon [_thread_in_native, id=3664, stack(0x0000005eeef00000,0x0000005eef000000) (1024K)]


Current CompileTask:
C2:  15544 1870 % !   4       sun.awt.image.PNGImageDecoder::produceImage @ 960 (1917 bytes)

Stack: [0x0000005eeef00000,0x0000005eef000000]
Native frames: (J=compiled Java code, j=interpreted, Vv=VM code, C=native code)
V  [jvm.dll+0x6cade9]
V  [jvm.dll+0x8569c1]
V  [jvm.dll+0x858d2e]
V  [jvm.dll+0x859413]
V  [jvm.dll+0x280e56]
V  [jvm.dll+0xc3f3d]
V  [jvm.dll+0xc4473]
V  [jvm.dll+0x3b5c2c]
V  [jvm.dll+0x1e2209]
V  [jvm.dll+0x249d22]
V  [jvm.dll+0x2491b1]
V  [jvm.dll+0x1c9634]
V  [jvm.dll+0x258859]
V  [jvm.dll+0x256e3a]
V  [jvm.dll+0x3ef6c6]
V  [jvm.dll+0x7ff568]
V  [jvm.dll+0x6c953d]
C  [ucrtbase.dll+0x214c2]
C  [KERNEL32.DLL+0x17034]
C  [ntdll.dll+0x4cec1]


---------------  P R O C E S S  ---------------

Threads class SMR info:
_java_thread_list=0x000001be0a445fa0, length=19, elements={
0x000001bdae509f70, 0x000001bdae50a9d0, 0x000001bdae50b430, 0x000001bdae50be90,
0x000001bdae50d900, 0x000001bdae50e360, 0x000001be0a120310, 0x000001be0a127fb0,
0x000001be0a33a050, 0x000001be0a42e010, 0x000001be0a5707f0, 0x000001be0a577340,
0x000001be0a5d82a0, 0x000001be0f2e1ce0, 0x000001be0f2e25f0, 0x000001bdae4378f0,
0x000001be0f498a90, 0x000001be0a330340, 0x000001be0f777b30
}

Java Threads: ( => current thread )
  0x000001bdae509f70 JavaThread "Reference Handler"          daemon [_thread_blocked, id=6272, stack(0x0000005eee900000,0x0000005eeea00000) (1024K)]
  0x000001bdae50a9d0 JavaThread "Finalizer"                  daemon [_thread_blocked, id=220, stack(0x0000005eeea00000,0x0000005eeeb00000) (1024K)]
  0x000001bdae50b430 JavaThread "Signal Dispatcher"          daemon [_thread_blocked, id=9700, stack(0x0000005eeeb00000,0x0000005eeec00000) (1024K)]
  0x000001bdae50be90 JavaThread "Attach Listener"            daemon [_thread_blocked, id=12100, stack(0x0000005eeec00000,0x0000005eeed00000) (1024K)]
  0x000001bdae50d900 JavaThread "Service Thread"             daemon [_thread_blocked, id=6764, stack(0x0000005eeed00000,0x0000005eeee00000) (1024K)]
  0x000001bdae50e360 JavaThread "Monitor Deflation Thread"   daemon [_thread_blocked, id=4948, stack(0x0000005eeee00000,0x0000005eeef00000) (1024K)]
=>0x000001be0a120310 JavaThread "C2 CompilerThread0"         daemon [_thread_in_native, id=3664, stack(0x0000005eeef00000,0x0000005eef000000) (1024K)]
  0x000001be0a127fb0 JavaThread "C1 CompilerThread0"         daemon [_thread_blocked, id=7732, stack(0x0000005eef000000,0x0000005eef100000) (1024K)]
  0x000001be0a33a050 JavaThread "Common-Cleaner"             daemon [_thread_blocked, id=14728, stack(0x0000005eef100000,0x0000005eef200000) (1024K)]
  0x000001be0a42e010 JavaThread "Notification Thread"        daemon [_thread_blocked, id=18032, stack(0x0000005eef200000,0x0000005eef300000) (1024K)]
  0x000001be0a5707f0 JavaThread "Java2D Disposer"            daemon [_thread_blocked, id=8528, stack(0x0000005eef300000,0x0000005eef400000) (1024K)]
  0x000001be0a577340 JavaThread "AWT-Windows"                daemon [_thread_in_native, id=17588, stack(0x0000005eef500000,0x0000005eef600000) (1024K)]
  0x000001be0a5d82a0 JavaThread "mysql-cj-abandoned-connection-cleanup" daemon [_thread_blocked, id=17880, stack(0x0000005eef600000,0x0000005eef700000) (1024K)]
  0x000001be0f2e1ce0 JavaThread "AWT-Shutdown"                      [_thread_blocked, id=19652, stack(0x0000005eefa00000,0x0000005eefb00000) (1024K)]
  0x000001be0f2e25f0 JavaThread "AWT-EventQueue-0"                  [_thread_in_native, id=19872, stack(0x0000005eefb00000,0x0000005eefc00000) (1024K)]
  0x000001bdae4378f0 JavaThread "DestroyJavaVM"                     [_thread_blocked, id=18464, stack(0x0000005eee100000,0x0000005eee200000) (1024K)]
  0x000001be0f498a90 JavaThread "TimerQueue"                 daemon [_thread_blocked, id=13528, stack(0x0000005ef0000000,0x0000005ef0100000) (1024K)]
  0x000001be0a330340 JavaThread "Image Fetcher 0"            daemon [_thread_blocked, id=15116, stack(0x0000005eef900000,0x0000005eefa00000) (1024K)]
  0x000001be0f777b30 JavaThread "Image Fetcher 1"            daemon [_thread_blocked, id=5692, stack(0x0000005ef0100000,0x0000005ef0200000) (1024K)]
Total: 19

Other Threads:
  0x000001bdae4efd30 VMThread "VM Thread"                           [id=4656, stack(0x0000005eee800000,0x0000005eee900000) (1024K)]
  0x000001be0a11d530 WatcherThread "VM Periodic Task Thread"        [id=6052, stack(0x0000005eee700000,0x0000005eee800000) (1024K)]
  0x000001bdae468c20 WorkerThread "GC Thread#0"                     [id=16524, stack(0x0000005eee200000,0x0000005eee300000) (1024K)]
  0x000001be0f1c2040 WorkerThread "GC Thread#1"                     [id=7872, stack(0x0000005eef400000,0x0000005eef500000) (1024K)]
  0x000001be0f16e9c0 WorkerThread "GC Thread#2"                     [id=14008, stack(0x0000005eef700000,0x0000005eef800000) (1024K)]
  0x000001be0f1fdc10 WorkerThread "GC Thread#3"                     [id=13128, stack(0x0000005eef800000,0x0000005eef900000) (1024K)]
  0x000001bdae471750 ConcurrentGCThread "G1 Main Marker"            [id=776, stack(0x0000005eee300000,0x0000005eee400000) (1024K)]
  0x000001bdae472150 WorkerThread "G1 Conc#0"                       [id=2672, stack(0x0000005eee400000,0x0000005eee500000) (1024K)]
  0x000001bdae4c3e10 ConcurrentGCThread "G1 Refine#0"               [id=3240, stack(0x0000005eee500000,0x0000005eee600000) (1024K)]
  0x000001bdae4c5730 ConcurrentGCThread "G1 Service"                [id=16784, stack(0x0000005eee600000,0x0000005eee700000) (1024K)]
Total: 10

Threads with active compile tasks:
C2 CompilerThread0    15685 1870 % !   4       sun.awt.image.PNGImageDecoder::produceImage @ 960 (1917 bytes)
Total: 1

VM state: not at safepoint (normal execution)

VM Mutex/Monitor currently owned by a thread: None

Heap address: 0x00000000c1e00000, size: 994 MB, Compressed Oops mode: 32-bit

CDS archive(s) mapped at: [0x000001bdc9000000-0x000001bdc9c90000-0x000001bdc9c90000), size 13172736, SharedBaseAddress: 0x000001bdc9000000, ArchiveRelocationMode: 1.
Compressed class space mapped at: 0x000001bdca000000-0x000001be0a000000, reserved size: 1073741824
Narrow klass base: 0x000001bdc9000000, Narrow klass shift: 0, Narrow klass range: 0x100000000

GC Precious Log:
 CardTable entry size: 512
 Card Set container configuration: InlinePtr #cards 5 size 8 Array Of Cards #cards 12 size 40 Howl #buckets 4 coarsen threshold 1843 Howl Bitmap #cards 512 size 80 coarsen threshold 460 Card regions per heap region 1 cards per card region 2048
 CPUs: 4 total, 4 available
 Memory: 3973M
 Large Page Support: Disabled
 NUMA Support: Disabled
 Compressed Oops: Enabled (32-bit)
 Heap Region Size: 1M
 Heap Min Capacity: 8M
 Heap Initial Capacity: 64M
 Heap Max Capacity: 994M
 Pre-touch: Disabled
 Parallel Workers: 4
 Concurrent Workers: 1
 Concurrent Refinement Workers: 4
 Periodic GC: Disabled

Heap:
 garbage-first heap   total 65536K, used 13092K [0x00000000c1e00000, 0x0000000100000000)
  region size 1024K, 3 young (3072K), 2 survivors (2048K)
 Metaspace       used 16650K, committed 16896K, reserved 1114112K
  class space    used 1851K, committed 1984K, reserved 1048576K

Heap Regions: E=young(eden), S=young(survivor), O=old, HS=humongous(starts), HC=humongous(continues), CS=collection set, F=free, TAMS=top-at-mark-start, PB=parsable bottom
|   0|0x00000000c1e00000, 0x00000000c1f00000, 0x00000000c1f00000|100%| O|  |TAMS 0x00000000c1e00000| PB 0x00000000c1e00000| Untracked 
|   1|0x00000000c1f00000, 0x00000000c2000000, 0x00000000c2000000|100%|HS|  |TAMS 0x00000000c1f00000| PB 0x00000000c1f00000| Complete 
|   2|0x00000000c2000000, 0x00000000c2100000, 0x00000000c2100000|100%|HC|  |TAMS 0x00000000c2000000| PB 0x00000000c2000000| Complete 
|   3|0x00000000c2100000, 0x00000000c2200000, 0x00000000c2200000|100%|HS|  |TAMS 0x00000000c2100000| PB 0x00000000c2100000| Complete 
|   4|0x00000000c2200000, 0x00000000c2300000, 0x00000000c2300000|100%| O|  |TAMS 0x00000000c2200000| PB 0x00000000c2200000| Untracked 
|   5|0x00000000c2300000, 0x00000000c2400000, 0x00000000c2400000|100%| O|  |TAMS 0x00000000c2300000| PB 0x00000000c2300000| Untracked 
|   6|0x00000000c2400000, 0x00000000c24c93e8, 0x00000000c2500000| 78%| O|  |TAMS 0x00000000c2400000| PB 0x00000000c2400000| Untracked 
|   7|0x00000000c2500000, 0x00000000c2600000, 0x00000000c2600000|100%|HS|  |TAMS 0x00000000c2500000| PB 0x00000000c2500000| Complete 
|   8|0x00000000c2600000, 0x00000000c2700000, 0x00000000c2700000|100%|HC|  |TAMS 0x00000000c2600000| PB 0x00000000c2600000| Complete 
|   9|0x00000000c2700000, 0x00000000c2800000, 0x00000000c2800000|100%|HC|  |TAMS 0x00000000c2700000| PB 0x00000000c2700000| Complete 
|  10|0x00000000c2800000, 0x00000000c2900000, 0x00000000c2900000|100%|HC|  |TAMS 0x00000000c2800000| PB 0x00000000c2800000| Complete 
|  11|0x00000000c2900000, 0x00000000c2900000, 0x00000000c2a00000|  0%| F|  |TAMS 0x00000000c2900000| PB 0x00000000c2900000| Untracked 
|  12|0x00000000c2a00000, 0x00000000c2a00000, 0x00000000c2b00000|  0%| F|  |TAMS 0x00000000c2a00000| PB 0x00000000c2a00000| Untracked 
|  13|0x00000000c2b00000, 0x00000000c2b00000, 0x00000000c2c00000|  0%| F|  |TAMS 0x00000000c2b00000| PB 0x00000000c2b00000| Untracked 
|  14|0x00000000c2c00000, 0x00000000c2c00000, 0x00000000c2d00000|  0%| F|  |TAMS 0x00000000c2c00000| PB 0x00000000c2c00000| Untracked 
|  15|0x00000000c2d00000, 0x00000000c2d00000, 0x00000000c2e00000|  0%| F|  |TAMS 0x00000000c2d00000| PB 0x00000000c2d00000| Untracked 
|  16|0x00000000c2e00000, 0x00000000c2e00000, 0x00000000c2f00000|  0%| F|  |TAMS 0x00000000c2e00000| PB 0x00000000c2e00000| Untracked 
|  17|0x00000000c2f00000, 0x00000000c2f00000, 0x00000000c3000000|  0%| F|  |TAMS 0x00000000c2f00000| PB 0x00000000c2f00000| Untracked 
|  18|0x00000000c3000000, 0x00000000c3000000, 0x00000000c3100000|  0%| F|  |TAMS 0x00000000c3000000| PB 0x00000000c3000000| Untracked 
|  19|0x00000000c3100000, 0x00000000c3100000, 0x00000000c3200000|  0%| F|  |TAMS 0x00000000c3100000| PB 0x00000000c3100000| Untracked 
|  20|0x00000000c3200000, 0x00000000c3200000, 0x00000000c3300000|  0%| F|  |TAMS 0x00000000c3200000| PB 0x00000000c3200000| Untracked 
|  21|0x00000000c3300000, 0x00000000c3300000, 0x00000000c3400000|  0%| F|  |TAMS 0x00000000c3300000| PB 0x00000000c3300000| Untracked 
|  22|0x00000000c3400000, 0x00000000c3400000, 0x00000000c3500000|  0%| F|  |TAMS 0x00000000c3400000| PB 0x00000000c3400000| Untracked 
|  23|0x00000000c3500000, 0x00000000c3500000, 0x00000000c3600000|  0%| F|  |TAMS 0x00000000c3500000| PB 0x00000000c3500000| Untracked 
|  24|0x00000000c3600000, 0x00000000c3600000, 0x00000000c3700000|  0%| F|  |TAMS 0x00000000c3600000| PB 0x00000000c3600000| Untracked 
|  25|0x00000000c3700000, 0x00000000c3700000, 0x00000000c3800000|  0%| F|  |TAMS 0x00000000c3700000| PB 0x00000000c3700000| Untracked 
|  26|0x00000000c3800000, 0x00000000c3800000, 0x00000000c3900000|  0%| F|  |TAMS 0x00000000c3800000| PB 0x00000000c3800000| Untracked 
|  27|0x00000000c3900000, 0x00000000c3900000, 0x00000000c3a00000|  0%| F|  |TAMS 0x00000000c3900000| PB 0x00000000c3900000| Untracked 
|  28|0x00000000c3a00000, 0x00000000c3a00000, 0x00000000c3b00000|  0%| F|  |TAMS 0x00000000c3a00000| PB 0x00000000c3a00000| Untracked 
|  29|0x00000000c3b00000, 0x00000000c3b00000, 0x00000000c3c00000|  0%| F|  |TAMS 0x00000000c3b00000| PB 0x00000000c3b00000| Untracked 
|  30|0x00000000c3c00000, 0x00000000c3c00000, 0x00000000c3d00000|  0%| F|  |TAMS 0x00000000c3c00000| PB 0x00000000c3c00000| Untracked 
|  31|0x00000000c3d00000, 0x00000000c3d00000, 0x00000000c3e00000|  0%| F|  |TAMS 0x00000000c3d00000| PB 0x00000000c3d00000| Untracked 
|  32|0x00000000c3e00000, 0x00000000c3e00000, 0x00000000c3f00000|  0%| F|  |TAMS 0x00000000c3e00000| PB 0x00000000c3e00000| Untracked 
|  33|0x00000000c3f00000, 0x00000000c3f00000, 0x00000000c4000000|  0%| F|  |TAMS 0x00000000c3f00000| PB 0x00000000c3f00000| Untracked 
|  34|0x00000000c4000000, 0x00000000c4000000, 0x00000000c4100000|  0%| F|  |TAMS 0x00000000c4000000| PB 0x00000000c4000000| Untracked 
|  35|0x00000000c4100000, 0x00000000c4100000, 0x00000000c4200000|  0%| F|  |TAMS 0x00000000c4100000| PB 0x00000000c4100000| Untracked 
|  36|0x00000000c4200000, 0x00000000c4200000, 0x00000000c4300000|  0%| F|  |TAMS 0x00000000c4200000| PB 0x00000000c4200000| Untracked 
|  37|0x00000000c4300000, 0x00000000c4300000, 0x00000000c4400000|  0%| F|  |TAMS 0x00000000c4300000| PB 0x00000000c4300000| Untracked 
|  38|0x00000000c4400000, 0x00000000c4400000, 0x00000000c4500000|  0%| F|  |TAMS 0x00000000c4400000| PB 0x00000000c4400000| Untracked 
|  39|0x00000000c4500000, 0x00000000c4500000, 0x00000000c4600000|  0%| F|  |TAMS 0x00000000c4500000| PB 0x00000000c4500000| Untracked 
|  40|0x00000000c4600000, 0x00000000c4600000, 0x00000000c4700000|  0%| F|  |TAMS 0x00000000c4600000| PB 0x00000000c4600000| Untracked 
|  41|0x00000000c4700000, 0x00000000c4700000, 0x00000000c4800000|  0%| F|  |TAMS 0x00000000c4700000| PB 0x00000000c4700000| Untracked 
|  42|0x00000000c4800000, 0x00000000c4800000, 0x00000000c4900000|  0%| F|  |TAMS 0x00000000c4800000| PB 0x00000000c4800000| Untracked 
|  43|0x00000000c4900000, 0x00000000c4900000, 0x00000000c4a00000|  0%| F|  |TAMS 0x00000000c4900000| PB 0x00000000c4900000| Untracked 
|  44|0x00000000c4a00000, 0x00000000c4a00000, 0x00000000c4b00000|  0%| F|  |TAMS 0x00000000c4a00000| PB 0x00000000c4a00000| Untracked 
|  45|0x00000000c4b00000, 0x00000000c4b00000, 0x00000000c4c00000|  0%| F|  |TAMS 0x00000000c4b00000| PB 0x00000000c4b00000| Untracked 
|  46|0x00000000c4c00000, 0x00000000c4d00000, 0x00000000c4d00000|100%| S|CS|TAMS 0x00000000c4c00000| PB 0x00000000c4c00000| Complete 
|  47|0x00000000c4d00000, 0x00000000c4e00000, 0x00000000c4e00000|100%| S|CS|TAMS 0x00000000c4d00000| PB 0x00000000c4d00000| Complete 
|  48|0x00000000c4e00000, 0x00000000c4e00000, 0x00000000c4f00000|  0%| F|  |TAMS 0x00000000c4e00000| PB 0x00000000c4e00000| Untracked 
|  49|0x00000000c4f00000, 0x00000000c4f00000, 0x00000000c5000000|  0%| F|  |TAMS 0x00000000c4f00000| PB 0x00000000c4f00000| Untracked 
|  50|0x00000000c5000000, 0x00000000c5000000, 0x00000000c5100000|  0%| F|  |TAMS 0x00000000c5000000| PB 0x00000000c5000000| Untracked 
|  51|0x00000000c5100000, 0x00000000c5100000, 0x00000000c5200000|  0%| F|  |TAMS 0x00000000c5100000| PB 0x00000000c5100000| Untracked 
|  52|0x00000000c5200000, 0x00000000c5200000, 0x00000000c5300000|  0%| F|  |TAMS 0x00000000c5200000| PB 0x00000000c5200000| Untracked 
|  53|0x00000000c5300000, 0x00000000c5300000, 0x00000000c5400000|  0%| F|  |TAMS 0x00000000c5300000| PB 0x00000000c5300000| Untracked 
|  54|0x00000000c5400000, 0x00000000c5400000, 0x00000000c5500000|  0%| F|  |TAMS 0x00000000c5400000| PB 0x00000000c5400000| Untracked 
|  55|0x00000000c5500000, 0x00000000c5500000, 0x00000000c5600000|  0%| F|  |TAMS 0x00000000c5500000| PB 0x00000000c5500000| Untracked 
|  56|0x00000000c5600000, 0x00000000c5600000, 0x00000000c5700000|  0%| F|  |TAMS 0x00000000c5600000| PB 0x00000000c5600000| Untracked 
|  57|0x00000000c5700000, 0x00000000c5700000, 0x00000000c5800000|  0%| F|  |TAMS 0x00000000c5700000| PB 0x00000000c5700000| Untracked 
|  58|0x00000000c5800000, 0x00000000c5800000, 0x00000000c5900000|  0%| F|  |TAMS 0x00000000c5800000| PB 0x00000000c5800000| Untracked 
|  59|0x00000000c5900000, 0x00000000c5900000, 0x00000000c5a00000|  0%| F|  |TAMS 0x00000000c5900000| PB 0x00000000c5900000| Untracked 
|  60|0x00000000c5a00000, 0x00000000c5a00000, 0x00000000c5b00000|  0%| F|  |TAMS 0x00000000c5a00000| PB 0x00000000c5a00000| Untracked 
|  61|0x00000000c5b00000, 0x00000000c5b00000, 0x00000000c5c00000|  0%| F|  |TAMS 0x00000000c5b00000| PB 0x00000000c5b00000| Untracked 
|  62|0x00000000c5c00000, 0x00000000c5c00000, 0x00000000c5d00000|  0%| F|  |TAMS 0x00000000c5c00000| PB 0x00000000c5c00000| Untracked 
|  63|0x00000000c5d00000, 0x00000000c5dde9d0, 0x00000000c5e00000| 86%| E|  |TAMS 0x00000000c5d00000| PB 0x00000000c5d00000| Complete 

Card table byte_map: [0x000001bdc5ab0000,0x000001bdc5cb0000] _byte_map_base: 0x000001bdc54a1000

Marking Bits: (CMBitMap*) 0x000001bdae469230
 Bits: [0x000001bdc5cb0000, 0x000001bdc6c38000)

Polling page: 0x000001bdac2d0000

Metaspace:

Usage:
  Non-class:     14.45 MB used.
      Class:      1.81 MB used.
       Both:     16.26 MB used.

Virtual space:
  Non-class space:       64.00 MB reserved,      14.56 MB ( 23%) committed,  1 nodes.
      Class space:        1.00 GB reserved,       1.94 MB ( <1%) committed,  1 nodes.
             Both:        1.06 GB reserved,      16.50 MB (  2%) committed. 

Chunk freelists:
   Non-Class:  1.47 MB
       Class:  14.09 MB
        Both:  15.56 MB

MaxMetaspaceSize: unlimited
CompressedClassSpaceSize: 1.00 GB
Initial GC threshold: 21.00 MB
Current GC threshold: 21.00 MB
CDS: on
 - commit_granule_bytes: 65536.
 - commit_granule_words: 8192.
 - virtual_space_node_default_size: 8388608.
 - enlarge_chunks_in_place: 1.
 - use_allocation_guard: 0.


Internal statistics:

num_allocs_failed_limit: 0.
num_arena_births: 180.
num_arena_deaths: 0.
num_vsnodes_births: 2.
num_vsnodes_deaths: 0.
num_space_committed: 264.
num_space_uncommitted: 0.
num_chunks_returned_to_freelist: 0.
num_chunks_taken_from_freelist: 418.
num_chunk_merges: 0.
num_chunk_splits: 282.
num_chunks_enlarged: 184.
num_inconsistent_stats: 0.

CodeHeap 'non-profiled nmethods': size=120000Kb used=569Kb max_used=569Kb free=119430Kb
 bounds [0x000001bdbe380000, 0x000001bdbe5f0000, 0x000001bdc58b0000]
CodeHeap 'profiled nmethods': size=120000Kb used=3597Kb max_used=3597Kb free=116402Kb
 bounds [0x000001bdb68b0000, 0x000001bdb6c40000, 0x000001bdbdde0000]
CodeHeap 'non-nmethods': size=5760Kb used=1696Kb max_used=1709Kb free=4063Kb
 bounds [0x000001bdbdde0000, 0x000001bdbe050000, 0x000001bdbe380000]
 total_blobs=2680 nmethods=1939 adapters=645
 compilation: enabled
              stopped_count=0, restarted_count=0
 full_count=0

Compilation events (20 events):
Event: 15.334 Thread 0x000001be0a127fb0 1922       3       java.util.Vector::elementData (7 bytes)
Event: 15.334 Thread 0x000001be0a127fb0 nmethod 1922 0x000001bdb6c2bd90 code [0x000001bdb6c2bf40, 0x000001bdb6c2c078]
Event: 15.343 Thread 0x000001be0a127fb0 1923       3       java.lang.StringUTF16::charAt (11 bytes)
Event: 15.344 Thread 0x000001be0a127fb0 nmethod 1923 0x000001bdb6c2c190 code [0x000001bdb6c2c340, 0x000001bdb6c2c5a8]
Event: 15.344 Thread 0x000001be0a127fb0 1924       3       java.lang.StringUTF16::checkIndex (9 bytes)
Event: 15.344 Thread 0x000001be0a127fb0 nmethod 1924 0x000001bdb6c2c710 code [0x000001bdb6c2c8c0, 0x000001bdb6c2cab8]
Event: 15.344 Thread 0x000001be0a127fb0 1925       1       java.awt.geom.AffineTransform::getScaleX (5 bytes)
Event: 15.345 Thread 0x000001be0a127fb0 nmethod 1925 0x000001bdbe40d690 code [0x000001bdbe40d820, 0x000001bdbe40d8e8]
Event: 15.345 Thread 0x000001be0a127fb0 1926       1       java.awt.geom.AffineTransform::getScaleY (5 bytes)
Event: 15.345 Thread 0x000001be0a127fb0 nmethod 1926 0x000001bdbe40d990 code [0x000001bdbe40db20, 0x000001bdbe40dbe8]
Event: 15.381 Thread 0x000001be0a127fb0 1928       3       javax.swing.SwingUtilities::computeIntersection (189 bytes)
Event: 15.381 Thread 0x000001be0a127fb0 nmethod 1928 0x000001bdb6c2cc10 code [0x000001bdb6c2cdc0, 0x000001bdb6c2d0a0]
Event: 15.403 Thread 0x000001be0a127fb0 1930       3       sun.java2d.SunGraphics2D::invalidatePipe (41 bytes)
Event: 15.403 Thread 0x000001be0a127fb0 nmethod 1930 0x000001bdb6c2d190 code [0x000001bdb6c2d340, 0x000001bdb6c2d650]
Event: 15.404 Thread 0x000001be0a127fb0 1931       1       sun.java2d.SunGraphics2D::getSurfaceData (5 bytes)
Event: 15.404 Thread 0x000001be0a127fb0 nmethod 1931 0x000001bdbe40dc90 code [0x000001bdbe40de20, 0x000001bdbe40dee8]
Event: 15.404 Thread 0x000001be0a127fb0 1932       3       javax.swing.JComponent::getFontMetrics (6 bytes)
Event: 15.405 Thread 0x000001be0a127fb0 nmethod 1932 0x000001bdb6c2d710 code [0x000001bdb6c2d8e0, 0x000001bdb6c2daf8]
Event: 15.405 Thread 0x000001be0a127fb0 1933       3       sun.swing.SwingUtilities2::getFontMetrics (19 bytes)
Event: 15.405 Thread 0x000001be0a127fb0 nmethod 1933 0x000001bdb6c2dc10 code [0x000001bdb6c2ddc0, 0x000001bdb6c2df60]

GC Heap History (4 events):
Event: 3.400 GC heap before
{Heap before GC invocations=0 (full 0):
 garbage-first heap   total 65536K, used 13312K [0x00000000c1e00000, 0x0000000100000000)
  region size 1024K, 13 young (13312K), 0 survivors (0K)
 Metaspace       used 7981K, committed 8128K, reserved 1114112K
  class space    used 829K, committed 896K, reserved 1048576K
}
Event: 3.431 GC heap after
{Heap after GC invocations=1 (full 0):
 garbage-first heap   total 65536K, used 3072K [0x00000000c1e00000, 0x0000000100000000)
  region size 1024K, 2 young (2048K), 2 survivors (2048K)
 Metaspace       used 7981K, committed 8128K, reserved 1114112K
  class space    used 829K, committed 896K, reserved 1048576K
}
Event: 15.203 GC heap before
{Heap before GC invocations=1 (full 0):
 garbage-first heap   total 65536K, used 19456K [0x00000000c1e00000, 0x0000000100000000)
  region size 1024K, 16 young (16384K), 2 survivors (2048K)
 Metaspace       used 16493K, committed 16768K, reserved 1114112K
  class space    used 1836K, committed 1984K, reserved 1048576K
}
Event: 15.214 GC heap after
{Heap after GC invocations=2 (full 0):
 garbage-first heap   total 65536K, used 8996K [0x00000000c1e00000, 0x0000000100000000)
  region size 1024K, 2 young (2048K), 2 survivors (2048K)
 Metaspace       used 16493K, committed 16768K, reserved 1114112K
  class space    used 1836K, committed 1984K, reserved 1048576K
}

Dll operation events (11 events):
Event: 0.033 Loaded shared library C:\Program Files\Java\jdk-21\bin\java.dll
Event: 0.469 Loaded shared library C:\Program Files\Java\jdk-21\bin\jsvml.dll
Event: 0.560 Loaded shared library C:\Program Files\Java\jdk-21\bin\net.dll
Event: 0.566 Loaded shared library C:\Program Files\Java\jdk-21\bin\nio.dll
Event: 0.749 Loaded shared library C:\Program Files\Java\jdk-21\bin\zip.dll
Event: 0.824 Loaded shared library C:\Program Files\Java\jdk-21\bin\jimage.dll
Event: 0.925 Loaded shared library C:\Program Files\Java\jdk-21\bin\awt.dll
Event: 2.939 Loaded shared library C:\Program Files\Java\jdk-21\bin\extnet.dll
Event: 3.874 Loaded shared library C:\Program Files\Java\jdk-21\bin\javajpeg.dll
Event: 4.182 Loaded shared library C:\Program Files\Java\jdk-21\bin\freetype.dll
Event: 4.187 Loaded shared library C:\Program Files\Java\jdk-21\bin\fontmanager.dll

Deoptimization events (20 events):
Event: 15.005 Thread 0x000001be0f2e25f0 Uncommon trap: trap_request=0xffffff45 fr.pc=0x000001bdbe3f0a88 relative=0x00000000000000e8
Event: 15.005 Thread 0x000001be0f2e25f0 Uncommon trap: reason=unstable_if action=reinterpret pc=0x000001bdbe3f0a88 method=java.nio.Buffer.position(I)Ljava/nio/Buffer; @ 37 c2
Event: 15.005 Thread 0x000001be0f2e25f0 DEOPT PACKING pc=0x000001bdbe3f0a88 sp=0x0000005eefbfcec0
Event: 15.005 Thread 0x000001be0f2e25f0 DEOPT UNPACKING pc=0x000001bdbde346a2 sp=0x0000005eefbfce00 mode 2
Event: 15.033 Thread 0x000001be0f2e25f0 Uncommon trap: trap_request=0xffffff6e fr.pc=0x000001bdbe40469c relative=0x000000000000045c
Event: 15.033 Thread 0x000001be0f2e25f0 Uncommon trap: reason=loop_limit_check action=maybe_recompile pc=0x000001bdbe40469c method=java.lang.StringLatin1.indexOf([BI[BII)I @ 37 c2
Event: 15.033 Thread 0x000001be0f2e25f0 DEOPT PACKING pc=0x000001bdbe40469c sp=0x0000005eefbfd1a0
Event: 15.033 Thread 0x000001be0f2e25f0 DEOPT UNPACKING pc=0x000001bdbde346a2 sp=0x0000005eefbfd100 mode 2
Event: 15.085 Thread 0x000001be0f2e25f0 Uncommon trap: trap_request=0xffffff45 fr.pc=0x000001bdbe3ef280 relative=0x00000000000000e0
Event: 15.085 Thread 0x000001be0f2e25f0 Uncommon trap: reason=unstable_if action=reinterpret pc=0x000001bdbe3ef280 method=java.nio.Buffer.position(I)Ljava/nio/Buffer; @ 37 c2
Event: 15.085 Thread 0x000001be0f2e25f0 DEOPT PACKING pc=0x000001bdbe3ef280 sp=0x0000005eefbfcfa0
Event: 15.085 Thread 0x000001be0f2e25f0 DEOPT UNPACKING pc=0x000001bdbde346a2 sp=0x0000005eefbfcf38 mode 2
Event: 15.186 Thread 0x000001be0a330340 DEOPT PACKING pc=0x000001bdb6b77af4 sp=0x0000005eef9ff2c0
Event: 15.186 Thread 0x000001be0a330340 DEOPT UNPACKING pc=0x000001bdbde34e42 sp=0x0000005eef9fe730 mode 0
Event: 15.186 Thread 0x000001be0a330340 DEOPT PACKING pc=0x000001bdb6b77af4 sp=0x0000005eef9ff2c0
Event: 15.186 Thread 0x000001be0a330340 DEOPT UNPACKING pc=0x000001bdbde34e42 sp=0x0000005eef9fe730 mode 0
Event: 15.187 Thread 0x000001be0a330340 DEOPT PACKING pc=0x000001bdb6b77af4 sp=0x0000005eef9ff2c0
Event: 15.187 Thread 0x000001be0a330340 DEOPT UNPACKING pc=0x000001bdbde34e42 sp=0x0000005eef9fe730 mode 0
Event: 15.188 Thread 0x000001be0a330340 DEOPT PACKING pc=0x000001bdb6b77af4 sp=0x0000005eef9ff2c0
Event: 15.188 Thread 0x000001be0a330340 DEOPT UNPACKING pc=0x000001bdbde34e42 sp=0x0000005eef9fe730 mode 0

Classes loaded (20 events):
Event: 15.396 Loading class javax/swing/plaf/metal/MetalUtils$GradientPainter
Event: 15.397 Loading class sun/swing/CachedPainter
Event: 15.397 Loading class sun/swing/CachedPainter done
Event: 15.397 Loading class javax/swing/plaf/metal/MetalUtils$GradientPainter done
Event: 15.397 Loading class sun/swing/CachedPainter$PainterMultiResolutionCachedImage
Event: 15.397 Loading class java/awt/image/AbstractMultiResolutionImage
Event: 15.398 Loading class java/awt/image/AbstractMultiResolutionImage done
Event: 15.398 Loading class sun/swing/CachedPainter$PainterMultiResolutionCachedImage done
Event: 15.398 Loading class sun/swing/ImageCache
Event: 15.398 Loading class sun/swing/ImageCache done
Event: 15.398 Loading class sun/swing/ImageCache$Entry
Event: 15.398 Loading class sun/swing/ImageCache$Entry done
Event: 15.399 Loading class java/awt/GradientPaint
Event: 15.399 Loading class java/awt/GradientPaint done
Event: 15.400 Loading class java/awt/GradientPaintContext
Event: 15.400 Loading class java/awt/PaintContext
Event: 15.400 Loading class java/awt/PaintContext done
Event: 15.400 Loading class java/awt/GradientPaintContext done
Event: 15.400 Loading class sun/java2d/pipe/AlphaPaintPipe$TileContext
Event: 15.401 Loading class sun/java2d/pipe/AlphaPaintPipe$TileContext done

Classes unloaded (0 events):
No events

Classes redefined (0 events):
No events

Internal exceptions (20 events):
Event: 0.595 Thread 0x000001bdae4378f0 Exception <a 'sun/nio/fs/WindowsException'{0x00000000c5c86588}> (0x00000000c5c86588) 
thrown [s\open\src\hotspot\share\prims\jni.cpp, line 520]
Event: 0.597 Thread 0x000001bdae4378f0 Exception <a 'sun/nio/fs/WindowsException'{0x00000000c5c894b8}> (0x00000000c5c894b8) 
thrown [s\open\src\hotspot\share\prims\jni.cpp, line 520]
Event: 0.598 Thread 0x000001bdae4378f0 Exception <a 'sun/nio/fs/WindowsException'{0x00000000c5c89e68}> (0x00000000c5c89e68) 
thrown [s\open\src\hotspot\share\prims\jni.cpp, line 520]
Event: 0.871 Thread 0x000001bdae4378f0 Exception <a 'java/lang/ClassNotFoundException'{0x00000000c5b6e900}: sun/awt/resources/spi/awtProvider> (0x00000000c5b6e900) 
thrown [s\open\src\hotspot\share\classfile\systemDictionary.cpp, line 312]
Event: 0.975 Thread 0x000001bdae4378f0 Exception <a 'java/io/FileNotFoundException'{0x00000000c5bc3d20}> (0x00000000c5bc3d20) 
thrown [s\open\src\hotspot\share\prims\jni.cpp, line 520]
Event: 1.022 Thread 0x000001bdae4378f0 Exception <a 'java/io/FileNotFoundException'{0x00000000c5bedef8}> (0x00000000c5bedef8) 
thrown [s\open\src\hotspot\share\prims\jni.cpp, line 520]
Event: 1.641 Thread 0x000001bdae4378f0 Exception <a 'java/lang/NoSuchMethodError'{0x00000000c5a840c8}: 'void java.lang.invoke.DirectMethodHandle$Holder.invokeSpecial(java.lang.Object, java.lang.Object, java.lang.Object)'> (0x00000000c5a840c8) 
thrown [s\open\src\hotspot\share\interpreter\linkResolver.cpp, line 773]
Event: 1.683 Thread 0x000001bdae4378f0 Exception <a 'java/lang/NoSuchMethodError'{0x00000000c5924600}: 'java.lang.Object java.lang.invoke.DirectMethodHandle$Holder.newInvokeSpecial(java.lang.Object, java.lang.Object, java.lang.Object, java.lang.Object, java.lang.Object)'> (0x00000000c5924600) 
thrown [s\open\src\hotspot\share\interpreter\linkResolver.cpp, line 773]
Event: 1.857 Thread 0x000001bdae4378f0 Exception <a 'java/lang/NoSuchMethodError'{0x00000000c59503f0}: 'java.lang.Object java.lang.invoke.DirectMethodHandle$Holder.invokeStatic(java.lang.Object, int, java.lang.Object)'> (0x00000000c59503f0) 
thrown [s\open\src\hotspot\share\interpreter\linkResolver.cpp, line 773]
Event: 1.989 Thread 0x000001bdae4378f0 Exception <a 'java/lang/ClassNotFoundException'{0x00000000c5827db8}: com/sun/swing/internal/plaf/metal/resources/spi/metalProvider> (0x00000000c5827db8) 
thrown [s\open\src\hotspot\share\classfile\systemDictionary.cpp, line 312]
Event: 1.993 Thread 0x000001bdae4378f0 Exception <a 'java/lang/ClassNotFoundException'{0x00000000c582bcc8}: com/sun/swing/internal/plaf/basic/resources/spi/basicProvider> (0x00000000c582bcc8) 
thrown [s\open\src\hotspot\share\classfile\systemDictionary.cpp, line 312]
Event: 2.031 Thread 0x000001bdae4378f0 Exception <a 'java/lang/NoSuchMethodError'{0x00000000c584b160}: 'int java.lang.invoke.Invokers$Holder.invokeExact_MT(java.lang.Object, java.lang.Object)'> (0x00000000c584b160) 
thrown [s\open\src\hotspot\share\interpreter\linkResolver.cpp, line 773]
Event: 2.143 Thread 0x000001bdae4378f0 Exception <a 'java/lang/NoSuchMethodError'{0x00000000c58705e8}: 'void java.lang.invoke.DirectMethodHandle$Holder.invokeStatic(java.lang.Object, java.lang.Object)'> (0x00000000c58705e8) 
thrown [s\open\src\hotspot\share\interpreter\linkResolver.cpp, line 773]
Event: 2.391 Thread 0x000001bdae4378f0 Exception <a 'java/lang/NoSuchMethodError'{0x00000000c576af88}: 'java.lang.Object java.lang.invoke.DirectMethodHandle$Holder.invokeInterface(java.lang.Object, java.lang.Object)'> (0x00000000c576af88) 
thrown [s\open\src\hotspot\share\interpreter\linkResolver.cpp, line 773]
Event: 2.518 Thread 0x000001bdae4378f0 Exception <a 'java/lang/NoSuchMethodError'{0x00000000c57e8b20}: 'void java.lang.invoke.DirectMethodHandle$Holder.invokeStatic(java.lang.Object, java.lang.Object, java.lang.Object)'> (0x00000000c57e8b20) 
thrown [s\open\src\hotspot\share\interpreter\linkResolver.cpp, line 773]
Event: 2.522 Thread 0x000001bdae4378f0 Exception <a 'java/lang/NoSuchMethodError'{0x00000000c57f1808}: 'java.lang.Object java.lang.invoke.DirectMethodHandle$Holder.invokeVirtual(java.lang.Object, java.lang.Object, java.lang.Object)'> (0x00000000c57f1808) 
thrown [s\open\src\hotspot\share\interpreter\linkResolver.cpp, line 773]
Event: 3.880 Thread 0x000001be0f0bf3f0 Exception <a 'java/lang/NoSuchMethodError'{0x00000000c5ba9b48}: 'java.lang.Object java.lang.invoke.DirectMethodHandle$Holder.newInvokeSpecial(java.lang.Object, java.lang.Object, java.lang.Object, int, int, int, int, int)'> (0x00000000c5ba9b48) 
thrown [s\open\src\hotspot\share\interpreter\linkResolver.cpp, line 773]
Event: 4.211 Thread 0x000001bdae4378f0 Exception <a 'java/io/FileNotFoundException'{0x00000000c5b98778}> (0x00000000c5b98778) 
thrown [s\open\src\hotspot\share\prims\jni.cpp, line 520]
Event: 4.727 Thread 0x000001bdae4378f0 Exception <a 'java/lang/NoSuchMethodError'{0x00000000c59b8c90}: 'void java.lang.invoke.DirectMethodHandle$Holder.invokeStaticInit(java.lang.Object)'> (0x00000000c59b8c90) 
thrown [s\open\src\hotspot\share\interpreter\linkResolver.cpp, line 773]
Event: 4.970 Thread 0x000001be0a577340 Exception <a 'java/lang/NoSuchMethodError'{0x00000000c59c5e48}: 'void java.lang.invoke.DirectMethodHandle$Holder.invokeVirtual(java.lang.Object, java.lang.Object)'> (0x00000000c59c5e48) 
thrown [s\open\src\hotspot\share\interpreter\linkResolver.cpp, line 773]

ZGC Phase Switch (0 events):
No events

VM Operations (20 events):
Event: 4.527 Executing VM operation: Cleanup
Event: 4.528 Executing VM operation: Cleanup done
Event: 4.978 Executing VM operation: HandshakeAllThreads (Deoptimize)
Event: 4.978 Executing VM operation: HandshakeAllThreads (Deoptimize) done
Event: 5.983 Executing VM operation: Cleanup
Event: 5.983 Executing VM operation: Cleanup done
Event: 6.993 Executing VM operation: Cleanup
Event: 6.993 Executing VM operation: Cleanup done
Event: 7.996 Executing VM operation: Cleanup
Event: 7.996 Executing VM operation: Cleanup done
Event: 14.032 Executing VM operation: Cleanup
Event: 14.032 Executing VM operation: Cleanup done
Event: 14.102 Executing VM operation: HandshakeAllThreads (Deoptimize)
Event: 14.102 Executing VM operation: HandshakeAllThreads (Deoptimize) done
Event: 14.231 Executing VM operation: HandshakeAllThreads (Deoptimize)
Event: 14.231 Executing VM operation: HandshakeAllThreads (Deoptimize) done
Event: 14.835 Executing VM operation: HandshakeAllThreads (Deoptimize)
Event: 14.835 Executing VM operation: HandshakeAllThreads (Deoptimize) done
Event: 15.203 Executing VM operation: G1CollectForAllocation (G1 Evacuation Pause)
Event: 15.214 Executing VM operation: G1CollectForAllocation (G1 Evacuation Pause) done

Events (20 events):
Event: 0.371 Thread 0x000001bdae50d900 Thread added: 0x000001bdae50d900
Event: 0.371 Thread 0x000001bdae50e360 Thread added: 0x000001bdae50e360
Event: 0.372 Thread 0x000001be0a120310 Thread added: 0x000001be0a120310
Event: 0.383 Thread 0x000001be0a127fb0 Thread added: 0x000001be0a127fb0
Event: 0.514 Thread 0x000001be0a33a050 Thread added: 0x000001be0a33a050
Event: 0.667 Thread 0x000001be0a42e010 Thread added: 0x000001be0a42e010
Event: 1.438 Thread 0x000001be0a5707f0 Thread added: 0x000001be0a5707f0
Event: 1.441 Thread 0x000001be0a570e60 Thread added: 0x000001be0a570e60
Event: 1.514 Thread 0x000001be0a577340 Thread added: 0x000001be0a577340
Event: 2.145 Thread 0x000001be0a5d82a0 Thread added: 0x000001be0a5d82a0
Event: 2.780 Thread 0x000001be0a570e60 Thread exited: 0x000001be0a570e60
Event: 3.851 Thread 0x000001be0f0bf3f0 Thread added: 0x000001be0f0bf3f0
Event: 4.617 Thread 0x000001be0f2e1ce0 Thread added: 0x000001be0f2e1ce0
Event: 4.640 Thread 0x000001be0f2e25f0 Thread added: 0x000001be0f2e25f0
Event: 4.976 Thread 0x000001bdae4378f0 Thread exited: 0x000001bdae4378f0
Event: 4.976 Thread 0x000001bdae4378f0 Thread added: 0x000001bdae4378f0
Event: 5.587 Thread 0x000001be0f498a90 Thread added: 0x000001be0f498a90
Event: 8.998 Thread 0x000001be0f0bf3f0 Thread exited: 0x000001be0f0bf3f0
Event: 14.058 Thread 0x000001be0a330340 Thread added: 0x000001be0a330340
Event: 14.206 Thread 0x000001be0f777b30 Thread added: 0x000001be0f777b30


Dynamic libraries:
0x00007ff6b4470000 - 0x00007ff6b4480000 	C:\Program Files\Java\jdk-21\bin\java.exe
0x00007ff80edf0000 - 0x00007ff80efe6000 	C:\WINDOWS\SYSTEM32\ntdll.dll
0x00007ff80dbe0000 - 0x00007ff80dc9d000 	C:\WINDOWS\System32\KERNEL32.DLL
0x00007ff80ca40000 - 0x00007ff80cd08000 	C:\WINDOWS\System32\KERNELBASE.dll
0x00007ff80c640000 - 0x00007ff80c740000 	C:\WINDOWS\System32\ucrtbase.dll
0x00007ff8036c0000 - 0x00007ff8036db000 	C:\Program Files\Java\jdk-21\bin\VCRUNTIME140.dll
0x00007ffff49c0000 - 0x00007ffff49d9000 	C:\Program Files\Java\jdk-21\bin\jli.dll
0x00007ff80e8d0000 - 0x00007ff80e97c000 	C:\WINDOWS\System32\ADVAPI32.dll
0x00007ff80cf60000 - 0x00007ff80cffe000 	C:\WINDOWS\System32\msvcrt.dll
0x00007ff80ecb0000 - 0x00007ff80ed4b000 	C:\WINDOWS\System32\sechost.dll
0x00007ff80eaf0000 - 0x00007ff80ec14000 	C:\WINDOWS\System32\RPCRT4.dll
0x00007ff80e650000 - 0x00007ff80e7f0000 	C:\WINDOWS\System32\USER32.dll
0x00007ff80ce20000 - 0x00007ff80ce42000 	C:\WINDOWS\System32\win32u.dll
0x00007ff80ec80000 - 0x00007ff80ecaa000 	C:\WINDOWS\System32\GDI32.dll
0x00007ff80cd10000 - 0x00007ff80ce19000 	C:\WINDOWS\System32\gdi32full.dll
0x00007ff801b70000 - 0x00007ff801e0b000 	C:\WINDOWS\WinSxS\amd64_microsoft.windows.common-controls_6595b64144ccf1df_6.0.19041.488_none_ca04af081b815d21\COMCTL32.dll
0x00007ff80c8a0000 - 0x00007ff80c93d000 	C:\WINDOWS\System32\msvcp_win.dll
0x00007ff806610000 - 0x00007ff80661a000 	C:\WINDOWS\SYSTEM32\VERSION.dll
0x00007ff80e260000 - 0x00007ff80e290000 	C:\WINDOWS\System32\IMM32.DLL
0x00007ff807e00000 - 0x00007ff807e0c000 	C:\Program Files\Java\jdk-21\bin\vcruntime140_1.dll
0x00007ffff4560000 - 0x00007ffff45ee000 	C:\Program Files\Java\jdk-21\bin\msvcp140.dll
0x00007fffd7470000 - 0x00007fffd8187000 	C:\Program Files\Java\jdk-21\bin\server\jvm.dll
0x00007ff80dca0000 - 0x00007ff80dd0b000 	C:\WINDOWS\System32\WS2_32.dll
0x00007ff80c390000 - 0x00007ff80c3db000 	C:\WINDOWS\SYSTEM32\POWRPROF.dll
0x00007ffff11b0000 - 0x00007ffff11d7000 	C:\WINDOWS\SYSTEM32\WINMM.dll
0x00007ff80c370000 - 0x00007ff80c382000 	C:\WINDOWS\SYSTEM32\UMPDC.dll
0x00007ff80a480000 - 0x00007ff80a492000 	C:\WINDOWS\SYSTEM32\kernel.appcore.dll
0x00007ff806e90000 - 0x00007ff806e9a000 	C:\Program Files\Java\jdk-21\bin\jimage.dll
0x00007ff802210000 - 0x00007ff8023f4000 	C:\WINDOWS\SYSTEM32\DBGHELP.DLL
0x00007ff8021b0000 - 0x00007ff8021dc000 	C:\WINDOWS\SYSTEM32\dbgcore.DLL
0x00007ff80c9c0000 - 0x00007ff80ca3f000 	C:\WINDOWS\System32\bcryptPrimitives.dll
0x00007ff801500000 - 0x00007ff80151f000 	C:\Program Files\Java\jdk-21\bin\java.dll
0x00007ff80d000000 - 0x00007ff80d741000 	C:\WINDOWS\System32\SHELL32.dll
0x00007ff80a680000 - 0x00007ff80ae15000 	C:\WINDOWS\SYSTEM32\windows.storage.dll
0x00007ff80dd10000 - 0x00007ff80e065000 	C:\WINDOWS\System32\combase.dll
0x00007ff80bed0000 - 0x00007ff80befc000 	C:\WINDOWS\SYSTEM32\Wldp.dll
0x00007ff80ceb0000 - 0x00007ff80cf5e000 	C:\WINDOWS\System32\SHCORE.dll
0x00007ff80ce50000 - 0x00007ff80cea5000 	C:\WINDOWS\System32\shlwapi.dll
0x00007ff80c460000 - 0x00007ff80c486000 	C:\WINDOWS\SYSTEM32\profapi.dll
0x00007ffff4030000 - 0x00007ffff4107000 	C:\Program Files\Java\jdk-21\bin\jsvml.dll
0x00007ff804e60000 - 0x00007ff804e70000 	C:\Program Files\Java\jdk-21\bin\net.dll
0x00007ff803d50000 - 0x00007ff803e50000 	C:\WINDOWS\SYSTEM32\WINHTTP.dll
0x00007ff80bc50000 - 0x00007ff80bcba000 	C:\WINDOWS\system32\mswsock.dll
0x00007ffffe4d0000 - 0x00007ffffe4e6000 	C:\Program Files\Java\jdk-21\bin\nio.dll
0x00007ffffe440000 - 0x00007ffffe458000 	C:\Program Files\Java\jdk-21\bin\zip.dll
0x00007fffddb50000 - 0x00007fffddcdf000 	C:\Program Files\Java\jdk-21\bin\awt.dll
0x00007ff80e070000 - 0x00007ff80e13d000 	C:\WINDOWS\System32\OLEAUT32.dll
0x00007ff809ef0000 - 0x00007ff809f80000 	C:\WINDOWS\SYSTEM32\apphelp.dll
0x00007ff80a2a0000 - 0x00007ff80a2cf000 	C:\WINDOWS\system32\DWMAPI.DLL
0x00007ff809fe0000 - 0x00007ff80a07e000 	C:\WINDOWS\system32\uxtheme.dll
0x00007fffea530000 - 0x00007fffea655000 	C:\WINDOWS\system32\opengl32.dll
0x00007fffea500000 - 0x00007fffea52c000 	C:\WINDOWS\SYSTEM32\GLU32.dll
0x00007ff80e140000 - 0x00007ff80e255000 	C:\WINDOWS\System32\MSCTF.dll
0x00007ff80e520000 - 0x00007ff80e64a000 	C:\WINDOWS\System32\ole32.dll
0x00007ff80b980000 - 0x00007ff80ba4b000 	C:\WINDOWS\SYSTEM32\DNSAPI.dll
0x00007ff80b940000 - 0x00007ff80b97b000 	C:\WINDOWS\SYSTEM32\IPHLPAPI.DLL
0x00007ff80e810000 - 0x00007ff80e818000 	C:\WINDOWS\System32\NSI.dll
0x00007ff8035a0000 - 0x00007ff8035aa000 	C:\Windows\System32\rasadhlp.dll
0x00007ff803cd0000 - 0x00007ff803d4f000 	C:\WINDOWS\System32\fwpuclnt.dll
0x00007ff80c990000 - 0x00007ff80c9b7000 	C:\WINDOWS\System32\bcrypt.dll
0x00007ffffe350000 - 0x00007ffffe359000 	C:\Program Files\Java\jdk-21\bin\extnet.dll
0x00007ffff4990000 - 0x00007ffff49be000 	C:\Program Files\Java\jdk-21\bin\javajpeg.dll
0x00007fffdf0a0000 - 0x00007fffdf127000 	C:\Program Files\Java\jdk-21\bin\freetype.dll
0x00007fffdda60000 - 0x00007fffddb42000 	C:\Program Files\Java\jdk-21\bin\fontmanager.dll
0x00007ff80e820000 - 0x00007ff80e8c9000 	C:\WINDOWS\System32\clbcatq.dll
0x00007ffffddd0000 - 0x00007ffffdf84000 	C:\WINDOWS\SYSTEM32\WindowsCodecs.dll
0x00007fffed0f0000 - 0x00007fffed12e000 	C:\WINDOWS\system32\dataexchange.dll
0x00007ff808ee0000 - 0x00007ff809144000 	C:\WINDOWS\system32\d3d11.dll
0x00007ff809150000 - 0x00007ff809335000 	C:\WINDOWS\system32\dcomp.dll
0x00007ff80ae80000 - 0x00007ff80af73000 	C:\WINDOWS\system32\dxgi.dll
0x00007ff806870000 - 0x00007ff806a78000 	C:\WINDOWS\system32\twinapi.appcore.dll
0x00007ff800860000 - 0x00007ff80095c000 	C:\WINDOWS\SYSTEM32\textinputframework.dll
0x00007ff809990000 - 0x00007ff809cee000 	C:\WINDOWS\System32\CoreUIComponents.dll
0x00007ff809cf0000 - 0x00007ff809de2000 	C:\WINDOWS\System32\CoreMessaging.dll
0x00007ff80b270000 - 0x00007ff80b2a3000 	C:\WINDOWS\SYSTEM32\ntmarta.dll
0x00007ff809830000 - 0x00007ff809986000 	C:\WINDOWS\SYSTEM32\wintypes.dll

dbghelp: loaded successfully - version: 4.0.5 - missing functions: none
symbol engine: initialized successfully - sym options: 0x614 - pdb path: .;C:\Program Files\Java\jdk-21\bin;C:\WINDOWS\SYSTEM32;C:\WINDOWS\WinSxS\amd64_microsoft.windows.common-controls_6595b64144ccf1df_6.0.19041.488_none_ca04af081b815d21;C:\Program Files\Java\jdk-21\bin\server

VM Arguments:
jvm_args: -Dfile.encoding=UTF-8 --module-path=D:\NETBEANS\JAVA\QLTiemTraSua\build\classes 
java_command: GUI.Login
java_class_path (initial): C:\Users\Admin\Downloads\mysql-connector-j-8.3.0\mysql-connector-j-8.3.0.jar;C:\Users\Admin\Downloads\jcommon-1.0.23.jar;C:\Users\Admin\Downloads\jfreechart-1.0.19.jar;D:\NETBEANS\JAVA\QLTiemTraSua\build\classes
Launcher Type: SUN_STANDARD

[Global flags]
     intx CICompilerCount                          = 3                                         {product} {ergonomic}
     uint ConcGCThreads                            = 1                                         {product} {ergonomic}
     uint G1ConcRefinementThreads                  = 4                                         {product} {ergonomic}
   size_t G1HeapRegionSize                         = 1048576                                   {product} {ergonomic}
    uintx GCDrainStackTargetSize                   = 64                                        {product} {ergonomic}
   size_t InitialHeapSize                          = 67108864                                  {product} {ergonomic}
   size_t MarkStackSize                            = 4194304                                   {product} {ergonomic}
   size_t MaxHeapSize                              = 1042284544                                {product} {ergonomic}
   size_t MaxNewSize                               = 624951296                                 {product} {ergonomic}
   size_t MinHeapDeltaBytes                        = 1048576                                   {product} {ergonomic}
   size_t MinHeapSize                              = 8388608                                   {product} {ergonomic}
    uintx NonNMethodCodeHeapSize                   = 5832780                                {pd product} {ergonomic}
    uintx NonProfiledCodeHeapSize                  = 122912730                              {pd product} {ergonomic}
    uintx ProfiledCodeHeapSize                     = 122912730                              {pd product} {ergonomic}
    uintx ReservedCodeCacheSize                    = 251658240                              {pd product} {ergonomic}
     bool SegmentedCodeCache                       = true                                      {product} {ergonomic}
   size_t SoftMaxHeapSize                          = 1042284544                             {manageable} {ergonomic}
     bool UseCompressedOops                        = true                           {product lp64_product} {ergonomic}
     bool UseG1GC                                  = true                                      {product} {ergonomic}
     bool UseLargePagesIndividualAllocation        = false                                  {pd product} {ergonomic}

Logging:
Log output configuration:
 #0: stdout all=warning uptime,level,tags foldmultilines=false
 #1: stderr all=off uptime,level,tags foldmultilines=false

Environment Variables:
PATH=C:\Program Files\Common Files\Oracle\Java\javapath;C:\Program Files\Python\Scripts\;C:\Program Files\Python\;C:\Program Files (x86)\Common Files\Oracle\Java\javapath;C:\WINDOWS\system32;C:\WINDOWS;C:\WINDOWS\System32\Wbem;C:\WINDOWS\System32\WindowsPowerShell\v1.0\;C:\WINDOWS\System32\OpenSSH\;C:\MinGW\bin;C:\Program Files (x86)\Microsoft SQL Server\160\Tools\Binn\;C:\Program Files\Microsoft SQL Server\160\Tools\Binn\;C:\Program Files\Microsoft SQL Server\Client SDK\ODBC\170\Tools\Binn\;C:\Program Files\Microsoft SQL Server\160\DTS\Binn\;C:\Program Files\Azure Data Studio\bin;C:\Program Files (x86)\Microsoft SQL Server\160\DTS\Binn\;C:\Program Files\Git\cmd;C:\Users\Admin\AppData\Local\Microsoft\WindowsApps;;C:\Program Files\Azure Data Studio\bin;C:\Users\Admin\AppData\Local\Programs\Microsoft VS Code\bin
USERNAME=Admin
OS=Windows_NT
PROCESSOR_IDENTIFIER=Intel64 Family 6 Model 142 Stepping 10, GenuineIntel
TMP=C:\Users\Admin\AppData\Local\Temp
TEMP=C:\Users\Admin\AppData\Local\Temp




Periodic native trim disabled

---------------  S Y S T E M  ---------------

OS:
 Windows 10 , 64 bit Build 19041 (10.0.19041.546)
OS uptime: 6 days 15:06 hours

CPU: total 4 (initial active 4) (2 cores per cpu, 2 threads per core) family 6 model 142 stepping 10 microcode 0xb4, cx8, cmov, fxsr, ht, mmx, 3dnowpref, sse, sse2, sse3, ssse3, sse4.1, sse4.2, popcnt, lzcnt, tsc, tscinvbit, avx, avx2, aes, erms, clmul, bmi1, bmi2, adx, fma, vzeroupper, clflush, clflushopt, rdtscp, f16c
Processor Information for processor 0
  Max Mhz: 2208, Current Mhz: 2208, Mhz Limit: 2208
Processor Information for processor 1
  Max Mhz: 2208, Current Mhz: 2208, Mhz Limit: 2208
Processor Information for processor 2
  Max Mhz: 2208, Current Mhz: 1405, Mhz Limit: 2208
Processor Information for processor 3
  Max Mhz: 2208, Current Mhz: 1405, Mhz Limit: 2208

Memory: 4k page, system-wide physical 3973M (246M free)
TotalPageFile size 14303M (AvailPageFile size 11M)
current process WorkingSet (physical memory assigned to process): 105M, peak: 106M
current process commit charge ("private bytes"): 169M, peak: 170M

vm_info: Java HotSpot(TM) 64-Bit Server VM (21.0.2+13-LTS-58) for windows-amd64 JRE (21.0.2+13-LTS-58), built on 2024-01-05T18:32:24Z by "mach5one" with MS VC++ 17.1 (VS2022)

END.
