#
# There is insufficient memory for the Java Runtime Environment to continue.
# Native memory allocation (mmap) failed to map 67108864 bytes for G1 virtual space
# Possible reasons:
#   The system is out of physical RAM or swap space
#   The process is running with CompressedOops enabled, and the Java Heap may be blocking the growth of the native heap
# Possible solutions:
#   Reduce memory load on the system
#   Increase physical memory or swap space
#   Check if swap backing store is full
#   Decrease Java heap size (-Xmx/-Xms)
#   Decrease number of Java threads
#   Decrease Java thread stack sizes (-Xss)
#   Set larger code cache with -XX:ReservedCodeCacheSize=
#   JVM is running with Unscaled Compressed Oops mode in which the Java heap is
#     placed in the first 4GB address space. The Java Heap base address is the
#     maximum limit for the native heap growth. Please use -XX:HeapBaseMinAddress
#     to set the Java Heap base and to place the Java Heap above 4GB virtual address.
# This output file may be truncated or incomplete.
#
#  Out of Memory Error (os_windows.cpp:3600), pid=16596, tid=16664
#
# JRE version:  (21.0.2+13) (build )
# Java VM: Java HotSpot(TM) 64-Bit Server VM (21.0.2+13-LTS-58, mixed mode, sharing, tiered, compressed oops, compressed class ptrs, g1 gc, windows-amd64)
# No core dump will be written. Minidumps are not enabled by default on client versions of Windows
#

---------------  S U M M A R Y ------------

Command Line: -Dfile.encoding=UTF-8 --module-path=D:\NETBEANS\JAVA\QLTiemTraSua\build\classes qltiemtrasua.Login

Host: Intel(R) Core(TM) i3-8130U CPU @ 2.20GHz, 4 cores, 3G,  Windows 10 , 64 bit Build 19041 (10.0.19041.546)
Time: Thu Apr 18 02:10:54 2024 SE Asia Standard Time elapsed time: 0.028234 seconds (0d 0h 0m 0s)

---------------  T H R E A D  ---------------

Current thread (0x00000202743315b0):  JavaThread "Unknown thread" [_thread_in_vm, id=16664, stack(0x00000083d2100000,0x00000083d2200000) (1024K)]

Stack: [0x00000083d2100000,0x00000083d2200000]
Native frames: (J=compiled Java code, j=interpreted, Vv=VM code, C=native code)
V  [jvm.dll+0x6cade9]
V  [jvm.dll+0x8569c1]
V  [jvm.dll+0x858d2e]
V  [jvm.dll+0x859413]
V  [jvm.dll+0x280e56]
V  [jvm.dll+0x6c74d5]
V  [jvm.dll+0x6bbeca]
V  [jvm.dll+0x355bca]
V  [jvm.dll+0x35d816]
V  [jvm.dll+0x3ae67e]
V  [jvm.dll+0x3ae928]
V  [jvm.dll+0x3295dc]
V  [jvm.dll+0x32a16b]
V  [jvm.dll+0x81efa9]
V  [jvm.dll+0x3bba01]
V  [jvm.dll+0x807928]
V  [jvm.dll+0x44f50e]
V  [jvm.dll+0x450e11]
C  [jli.dll+0x52a3]
C  [ucrtbase.dll+0x214c2]
C  [KERNEL32.DLL+0x17034]
C  [ntdll.dll+0x4cec1]


---------------  P R O C E S S  ---------------

Threads class SMR info:
_java_thread_list=0x00007ff8af77bb88, length=0, elements={
}

Java Threads: ( => current thread )
Total: 0

Other Threads:
  0x0000020274367030 WorkerThread "GC Thread#0"                     [id=16668, stack(0x00000083d2200000,0x00000083d2300000) (1024K)]
  0x0000020274370d20 ConcurrentGCThread "G1 Main Marker"            [id=16672, stack(0x00000083d2300000,0x00000083d2400000) (1024K)]
  0x0000020274371ed0 WorkerThread "G1 Conc#0"                       [id=16676, stack(0x00000083d2400000,0x00000083d2500000) (1024K)]

[error occurred during error reporting (printing all threads), id 0xc0000005, EXCEPTION_ACCESS_VIOLATION (0xc0000005) at pc=0x00007ff8aeeec6a7]
VM state: not at safepoint (not fully initialized)

VM Mutex/Monitor currently owned by a thread:  ([mutex/lock_event])
[0x00007ff8af7ece68] Heap_lock - owner thread: 0x00000202743315b0

Heap address: 0x00000000c1e00000, size: 994 MB, Compressed Oops mode: 32-bit

CDS archive(s) mapped at: [0x0000000000000000-0x0000000000000000-0x0000000000000000), size 0, SharedBaseAddress: 0x0000000800000000, ArchiveRelocationMode: 1.
Narrow klass base: 0x0000000000000000, Narrow klass shift: 0, Narrow klass range: 0x0

GC Precious Log:
 CardTable entry size: 512
 Card Set container configuration: InlinePtr #cards 5 size 8 Array Of Cards #cards 12 size 40 Howl #buckets 4 coarsen threshold 1843 Howl Bitmap #cards 512 size 80 coarsen threshold 460 Card regions per heap region 1 cards per card region 2048

Heap:
 garbage-first heap   total 0K, used 0K [0x00000000c1e00000, 0x0000000100000000)
  region size 1024K, 0 young (0K), 0 survivors (0K)

[error occurred during error reporting (printing heap information), id 0xc0000005, EXCEPTION_ACCESS_VIOLATION (0xc0000005) at pc=0x00007ff8af2d39f9]
GC Heap History (0 events):
No events

Dll operation events (1 events):
Event: 0.015 Loaded shared library C:\Program Files\Java\jdk-21\bin\java.dll

Deoptimization events (0 events):
No events

Classes loaded (0 events):
No events

Classes unloaded (0 events):
No events

Classes redefined (0 events):
No events

Internal exceptions (0 events):
No events

ZGC Phase Switch (0 events):
No events

VM Operations (0 events):
No events

Events (0 events):
No events


Dynamic libraries:
0x00007ff76fea0000 - 0x00007ff76feb0000 	C:\Program Files\Java\jdk-21\bin\java.exe
0x00007ff92bad0000 - 0x00007ff92bcc6000 	C:\WINDOWS\SYSTEM32\ntdll.dll
0x00007ff929c10000 - 0x00007ff929ccd000 	C:\WINDOWS\System32\KERNEL32.DLL
0x00007ff929210000 - 0x00007ff9294d8000 	C:\WINDOWS\System32\KERNELBASE.dll
0x00007ff9296e0000 - 0x00007ff9297e0000 	C:\WINDOWS\System32\ucrtbase.dll
0x00007ff924b20000 - 0x00007ff924b39000 	C:\Program Files\Java\jdk-21\bin\jli.dll
0x00007ff8aeb90000 - 0x00007ff8aebab000 	C:\Program Files\Java\jdk-21\bin\VCRUNTIME140.dll
0x00007ff92b320000 - 0x00007ff92b3cc000 	C:\WINDOWS\System32\ADVAPI32.dll
0x00007ff92b080000 - 0x00007ff92b11e000 	C:\WINDOWS\System32\msvcrt.dll
0x00007ff92b4b0000 - 0x00007ff92b54b000 	C:\WINDOWS\System32\sechost.dll
0x00007ff92b960000 - 0x00007ff92ba84000 	C:\WINDOWS\System32\RPCRT4.dll
0x00007ff92a070000 - 0x00007ff92a210000 	C:\WINDOWS\System32\USER32.dll
0x00007ff929ab0000 - 0x00007ff929ad2000 	C:\WINDOWS\System32\win32u.dll
0x00007ff92b5b0000 - 0x00007ff92b5da000 	C:\WINDOWS\System32\GDI32.dll
0x00007ff9299a0000 - 0x00007ff929aa9000 	C:\WINDOWS\System32\gdi32full.dll
0x00007ff929640000 - 0x00007ff9296dd000 	C:\WINDOWS\System32\msvcp_win.dll
0x00007ff91e850000 - 0x00007ff91eaeb000 	C:\WINDOWS\WinSxS\amd64_microsoft.windows.common-controls_6595b64144ccf1df_6.0.19041.488_none_ca04af081b815d21\COMCTL32.dll
0x00007ff923130000 - 0x00007ff92313a000 	C:\WINDOWS\SYSTEM32\VERSION.dll
0x00007ff92b3d0000 - 0x00007ff92b400000 	C:\WINDOWS\System32\IMM32.DLL
0x00007ff8aeb80000 - 0x00007ff8aeb8c000 	C:\Program Files\Java\jdk-21\bin\vcruntime140_1.dll
0x00007ff8ae770000 - 0x00007ff8ae7fe000 	C:\Program Files\Java\jdk-21\bin\msvcp140.dll
0x00007ff8aebb0000 - 0x00007ff8af8c7000 	C:\Program Files\Java\jdk-21\bin\server\jvm.dll
0x00007ff92b190000 - 0x00007ff92b1fb000 	C:\WINDOWS\System32\WS2_32.dll
0x00007ff929070000 - 0x00007ff9290bb000 	C:\WINDOWS\SYSTEM32\POWRPROF.dll
0x00007ff90edf0000 - 0x00007ff90ee17000 	C:\WINDOWS\SYSTEM32\WINMM.dll
0x00007ff929050000 - 0x00007ff929062000 	C:\WINDOWS\SYSTEM32\UMPDC.dll
0x00007ff927160000 - 0x00007ff927172000 	C:\WINDOWS\SYSTEM32\kernel.appcore.dll
0x00007ff8aeb10000 - 0x00007ff8aeb1a000 	C:\Program Files\Java\jdk-21\bin\jimage.dll
0x00007ff91eef0000 - 0x00007ff91f0d4000 	C:\WINDOWS\SYSTEM32\DBGHELP.DLL
0x00007ff91eec0000 - 0x00007ff91eeec000 	C:\WINDOWS\SYSTEM32\dbgcore.DLL
0x00007ff9297e0000 - 0x00007ff92985f000 	C:\WINDOWS\System32\bcryptPrimitives.dll
0x00007ff8aeb20000 - 0x00007ff8aeb3f000 	C:\Program Files\Java\jdk-21\bin\java.dll

dbghelp: loaded successfully - version: 4.0.5 - missing functions: none
symbol engine: initialized successfully - sym options: 0x614 - pdb path: .;C:\Program Files\Java\jdk-21\bin;C:\WINDOWS\SYSTEM32;C:\WINDOWS\WinSxS\amd64_microsoft.windows.common-controls_6595b64144ccf1df_6.0.19041.488_none_ca04af081b815d21;C:\Program Files\Java\jdk-21\bin\server

VM Arguments:
jvm_args: -Dfile.encoding=UTF-8 --module-path=D:\NETBEANS\JAVA\QLTiemTraSua\build\classes 
java_command: qltiemtrasua.Login
java_class_path (initial): C:\Users\Admin\Downloads\mysql-connector-j-8.3.0\mysql-connector-j-8.3.0.jar;D:\NETBEANS\JAVA\QLTiemTraSua\build\classes
Launcher Type: SUN_STANDARD

[Global flags]
     intx CICompilerCount                          = 3                                         {product} {ergonomic}
     uint ConcGCThreads                            = 1                                         {product} {ergonomic}
     uint G1ConcRefinementThreads                  = 4                                         {product} {ergonomic}
   size_t G1HeapRegionSize                         = 1048576                                   {product} {ergonomic}
    uintx GCDrainStackTargetSize                   = 64                                        {product} {ergonomic}
   size_t InitialHeapSize                          = 67108864                                  {product} {ergonomic}
   size_t MarkStackSize                            = 4194304                                   {product} {ergonomic}
   size_t MaxHeapSize                              = 1042284544                                {product} {ergonomic}
   size_t MinHeapDeltaBytes                        = 1048576                                   {product} {ergonomic}
   size_t MinHeapSize                              = 8388608                                   {product} {ergonomic}
    uintx NonNMethodCodeHeapSize                   = 5832780                                {pd product} {ergonomic}
    uintx NonProfiledCodeHeapSize                  = 122912730                              {pd product} {ergonomic}
    uintx ProfiledCodeHeapSize                     = 122912730                              {pd product} {ergonomic}
    uintx ReservedCodeCacheSize                    = 251658240                              {pd product} {ergonomic}
     bool SegmentedCodeCache                       = true                                      {product} {ergonomic}
   size_t SoftMaxHeapSize                          = 1042284544                             {manageable} {ergonomic}
     bool UseCompressedOops                        = true                           {product lp64_product} {ergonomic}
     bool UseG1GC                                  = true                                      {product} {ergonomic}
     bool UseLargePagesIndividualAllocation        = false                                  {pd product} {ergonomic}

Logging:
Log output configuration:
 #0: stdout all=warning uptime,level,tags foldmultilines=false
 #1: stderr all=off uptime,level,tags foldmultilines=false

Environment Variables:
PATH=C:\Program Files\Common Files\Oracle\Java\javapath;C:\Program Files\Python\Scripts\;C:\Program Files\Python\;C:\Program Files\Eclipse Adoptium\jdk-21.0.1.12-hotspot\bin;C:\Program Files (x86)\Common Files\Oracle\Java\javapath;C:\WINDOWS\system32;C:\WINDOWS;C:\WINDOWS\System32\Wbem;C:\WINDOWS\System32\WindowsPowerShell\v1.0\;C:\WINDOWS\System32\OpenSSH\;C:\MinGW\bin;C:\Program Files (x86)\Microsoft SQL Server\160\Tools\Binn\;C:\Program Files\Microsoft SQL Server\160\Tools\Binn\;C:\Program Files\Microsoft SQL Server\Client SDK\ODBC\170\Tools\Binn\;C:\Program Files\Microsoft SQL Server\160\DTS\Binn\;C:\Program Files\Azure Data Studio\bin;C:\Program Files (x86)\Microsoft SQL Server\160\DTS\Binn\;C:\Users\Admin\AppData\Local\Microsoft\WindowsApps;;C:\Program Files\Azure Data Studio\bin
USERNAME=Admin
OS=Windows_NT
PROCESSOR_IDENTIFIER=Intel64 Family 6 Model 142 Stepping 10, GenuineIntel
TMP=C:\Users\Admin\AppData\Local\Temp
TEMP=C:\Users\Admin\AppData\Local\Temp




Periodic native trim disabled

---------------  S Y S T E M  ---------------

OS:
 Windows 10 , 64 bit Build 19041 (10.0.19041.546)
OS uptime: 0 days 2:01 hours

CPU: total 4 (initial active 4) (2 cores per cpu, 2 threads per core) family 6 model 142 stepping 10 microcode 0xb4, cx8, cmov, fxsr, ht, mmx, 3dnowpref, sse, sse2, sse3, ssse3, sse4.1, sse4.2, popcnt, lzcnt, tsc, tscinvbit, avx, avx2, aes, erms, clmul, bmi1, bmi2, adx, fma, vzeroupper, clflush, clflushopt, rdtscp, f16c
Processor Information for all 4 processors :
  Max Mhz: 2208, Current Mhz: 2208, Mhz Limit: 2208

Memory: 4k page, system-wide physical 3973M (300M free)
TotalPageFile size 14303M (AvailPageFile size 13M)
current process WorkingSet (physical memory assigned to process): 10M, peak: 10M
current process commit charge ("private bytes"): 51M, peak: 115M

vm_info: Java HotSpot(TM) 64-Bit Server VM (21.0.2+13-LTS-58) for windows-amd64 JRE (21.0.2+13-LTS-58), built on 2024-01-05T18:32:24Z by "mach5one" with MS VC++ 17.1 (VS2022)

END.
